<?xml version="1.0" encoding="UTF-8"?>
<robot generator="Robot 5.0.1 (Python 3.9.11 on win32)" generated="20220705 11:35:57.510" rpa="false" schemaversion="3">
<suite id="s1" name="Tests" source="C:\Automation\RobotXpert\Tests">
<suite id="s1-s1" name="pularTutorial" source="C:\Automation\RobotXpert\Tests\pularTutorial.robot">
<kw name="Start Session" library="BasePage" type="SETUP">
<kw name="Open Browser" library="SeleniumLibrary">
<arg>about:blank</arg>
<arg>${BROWSER}</arg>
<doc>Opens a new browser instance to the optional ``url``.</doc>
<msg timestamp="20220705 11:35:57.764" level="INFO">Opening browser 'Chrome' to base url 'about:blank'.</msg>
<status status="PASS" starttime="20220705 11:35:57.763" endtime="20220705 11:35:59.142"/>
</kw>
<kw name="Go To" library="SeleniumLibrary">
<arg>${BASEURL}</arg>
<doc>Navigates the current browser window to the provided ``url``.</doc>
<msg timestamp="20220705 11:35:59.143" level="INFO">Opening url 'https://d2fnnoijlny9vq.cloudfront.net/'</msg>
<status status="PASS" starttime="20220705 11:35:59.142" endtime="20220705 11:36:00.137"/>
</kw>
<kw name="Get Title" library="SeleniumLibrary">
<var>${PageTitle}</var>
<doc>Returns the title of the current page.</doc>
<msg timestamp="20220705 11:36:00.142" level="INFO">${PageTitle} = Unity WebGL Player | SmartThingsDemo</msg>
<status status="PASS" starttime="20220705 11:36:00.137" endtime="20220705 11:36:00.142"/>
</kw>
<kw name="Log" library="BuiltIn">
<arg>${PageTitle}</arg>
<doc>Logs the given message with the given level.</doc>
<msg timestamp="20220705 11:36:00.142" level="INFO">Unity WebGL Player | SmartThingsDemo</msg>
<status status="PASS" starttime="20220705 11:36:00.142" endtime="20220705 11:36:00.142"/>
</kw>
<kw name="Sleep" library="BuiltIn">
<arg>5</arg>
<doc>Pauses the test executed for the given time.</doc>
<msg timestamp="20220705 11:36:05.157" level="INFO">Slept 5 seconds</msg>
<status status="PASS" starttime="20220705 11:36:00.143" endtime="20220705 11:36:05.158"/>
</kw>
<status status="PASS" starttime="20220705 11:35:57.763" endtime="20220705 11:36:05.158"/>
</kw>
<test id="s1-s1-t1" name="Scenario 1 - Test Tutorial" line="7">
<kw name="Given acesso a pagina" library="TutorialPage">
<kw name="Sleep" library="BuiltIn">
<arg>5</arg>
<doc>Pauses the test executed for the given time.</doc>
<msg timestamp="20220705 11:36:10.166" level="INFO">Slept 5 seconds</msg>
<status status="PASS" starttime="20220705 11:36:05.162" endtime="20220705 11:36:10.166"/>
</kw>
<status status="PASS" starttime="20220705 11:36:05.161" endtime="20220705 11:36:10.166"/>
</kw>
<kw name="And verifico a pagina inicial" library="TutorialPage">
<kw name="Wait Until Element Is Visible" library="SeleniumLibrary">
<arg>${samImg}</arg>
<doc>Waits until the element ``locator`` is visible.</doc>
<status status="PASS" starttime="20220705 11:36:10.167" endtime="20220705 11:36:11.026"/>
</kw>
<status status="PASS" starttime="20220705 11:36:10.167" endtime="20220705 11:36:11.026"/>
</kw>
<kw name="And pulo o tutorial" library="TutorialPage">
<kw name="Click Element" library="SeleniumLibrary">
<arg>${pularTutorial}</arg>
<doc>Click the element identified by ``locator``.</doc>
<msg timestamp="20220705 11:36:11.030" level="INFO">Clicking element '//p[text()='PULAR TUTORIAL']'.</msg>
<status status="PASS" starttime="20220705 11:36:11.028" endtime="20220705 11:36:11.519"/>
</kw>
<status status="PASS" starttime="20220705 11:36:11.027" endtime="20220705 11:36:11.519"/>
</kw>
<kw name="Then a tela inicial é exibida" library="TutorialPage">
<kw name="Wait Until Element Is Visible" library="SeleniumLibrary">
<arg>${menu}</arg>
<doc>Waits until the element ``locator`` is visible.</doc>
<status status="PASS" starttime="20220705 11:36:11.521" endtime="20220705 11:36:11.695"/>
</kw>
<status status="PASS" starttime="20220705 11:36:11.520" endtime="20220705 11:36:11.695"/>
</kw>
<tag>doing</tag>
<status status="PASS" starttime="20220705 11:36:05.159" endtime="20220705 11:36:11.697"/>
</test>
<kw name="Close Session" library="BasePage" type="TEARDOWN">
<kw name="Capture Page Screenshot" library="SeleniumLibrary">
<doc>Takes a screenshot of the current page and embeds it into a log file.</doc>
<msg timestamp="20220705 11:36:12.543" level="INFO" html="true">&lt;/td&gt;&lt;/tr&gt;&lt;tr&gt;&lt;td colspan="3"&gt;&lt;a href="selenium-screenshot-1.png"&gt;&lt;img src="selenium-screenshot-1.png" width="800px"&gt;&lt;/a&gt;</msg>
<status status="PASS" starttime="20220705 11:36:11.701" endtime="20220705 11:36:12.543"/>
</kw>
<kw name="Close Browser" library="SeleniumLibrary">
<doc>Closes the current browser.</doc>
<status status="PASS" starttime="20220705 11:36:12.543" endtime="20220705 11:36:14.706"/>
</kw>
<status status="PASS" starttime="20220705 11:36:11.700" endtime="20220705 11:36:14.706"/>
</kw>
<status status="PASS" starttime="20220705 11:35:57.536" endtime="20220705 11:36:14.706"/>
</suite>
<status status="PASS" starttime="20220705 11:35:57.511" endtime="20220705 11:36:14.709"/>
</suite>
<statistics>
<total>
<stat pass="1" fail="0" skip="0">All Tests</stat>
</total>
<tag>
<stat pass="1" fail="0" skip="0">doing</stat>
</tag>
<suite>
<stat pass="1" fail="0" skip="0" id="s1" name="Tests">Tests</stat>
<stat pass="1" fail="0" skip="0" id="s1-s1" name="pularTutorial">Tests.pularTutorial</stat>
</suite>
</statistics>
<errors>
<msg timestamp="20220705 11:35:57.540" level="ERROR">Error in file 'C:\Automation\RobotXpert\Resources\BasePage.robot' on line 2: Non-existing setting '[Documentation]'. Did you mean:
    Documentation</msg>
</errors>
</robot>
