<?xml version="1.0" encoding="UTF-8"?>
<robot generator="Robot 5.0.1 (Python 3.9.11 on win32)" generated="20220802 09:30:27.724" rpa="false" schemaversion="3">
<suite id="s1" name="Tests" source="C:\Automation\RobotXpert\Tests">
<suite id="s1-s1" name="ligarSBsala" source="C:\Automation\RobotXpert\Tests\ligarSBsala.robot">
<kw name="Start Session" library="BasePage" type="SETUP">
<kw name="Open Browser" library="SeleniumLibrary">
<arg>about:blank</arg>
<arg>${BROWSER}</arg>
<doc>Opens a new browser instance to the optional ``url``.</doc>
<msg timestamp="20220802 09:30:28.053" level="INFO">Opening browser 'Chrome' to base url 'about:blank'.</msg>
<status status="PASS" starttime="20220802 09:30:28.053" endtime="20220802 09:30:31.081"/>
</kw>
<kw name="Go To" library="SeleniumLibrary">
<arg>${BASEURL}</arg>
<doc>Navigates the current browser window to the provided ``url``.</doc>
<msg timestamp="20220802 09:30:31.081" level="INFO">Opening url 'https://d2fnnoijlny9vq.cloudfront.net/'</msg>
<status status="PASS" starttime="20220802 09:30:31.081" endtime="20220802 09:30:32.194"/>
</kw>
<kw name="Get Title" library="SeleniumLibrary">
<var>${PageTitle}</var>
<doc>Returns the title of the current page.</doc>
<msg timestamp="20220802 09:30:32.208" level="INFO">${PageTitle} = Samsung Smart Home</msg>
<status status="PASS" starttime="20220802 09:30:32.194" endtime="20220802 09:30:32.208"/>
</kw>
<kw name="Log" library="BuiltIn">
<arg>${PageTitle}</arg>
<doc>Logs the given message with the given level.</doc>
<msg timestamp="20220802 09:30:32.209" level="INFO">Samsung Smart Home</msg>
<status status="PASS" starttime="20220802 09:30:32.208" endtime="20220802 09:30:32.209"/>
</kw>
<kw name="Maximize Browser Window" library="SeleniumLibrary">
<doc>Maximizes current browser window.</doc>
<status status="PASS" starttime="20220802 09:30:32.209" endtime="20220802 09:30:32.331"/>
</kw>
<kw name="Sleep" library="BuiltIn">
<arg>7</arg>
<doc>Pauses the test executed for the given time.</doc>
<msg timestamp="20220802 09:30:39.336" level="INFO">Slept 7 seconds</msg>
<status status="PASS" starttime="20220802 09:30:32.331" endtime="20220802 09:30:39.338"/>
</kw>
<status status="PASS" starttime="20220802 09:30:28.052" endtime="20220802 09:30:39.339"/>
</kw>
<test id="s1-s1-t1" name="Scenario 1 - Ligar ar da sala" line="8">
<kw name="Given acesso a pagina" library="MapaPage">
<kw name="Sleep" library="BuiltIn">
<arg>10</arg>
<doc>Pauses the test executed for the given time.</doc>
<msg timestamp="20220802 09:30:49.357" level="INFO">Slept 10 seconds</msg>
<status status="PASS" starttime="20220802 09:30:39.343" endtime="20220802 09:30:49.357"/>
</kw>
<status status="PASS" starttime="20220802 09:30:39.343" endtime="20220802 09:30:49.357"/>
</kw>
<kw name="And verifico a pagina inicial" library="MapaPage">
<kw name="Wait Until Element Is Visible" library="SeleniumLibrary">
<arg>${mapa.samImg}</arg>
<arg>15</arg>
<doc>Waits until the element ``locator`` is visible.</doc>
<status status="PASS" starttime="20220802 09:30:49.368" endtime="20220802 09:30:49.773"/>
</kw>
<status status="PASS" starttime="20220802 09:30:49.367" endtime="20220802 09:30:49.773"/>
</kw>
<kw name="And pulo o tutorial" library="TutorialPage">
<kw name="Click Element" library="SeleniumLibrary">
<arg>${tutorial.pularTutorial}</arg>
<doc>Click the element identified by ``locator``.</doc>
<msg timestamp="20220802 09:30:49.778" level="INFO">Clicking element '//p[text()='PULAR TUTORIAL']'.</msg>
<status status="PASS" starttime="20220802 09:30:49.776" endtime="20220802 09:30:50.333"/>
</kw>
<status status="PASS" starttime="20220802 09:30:49.775" endtime="20220802 09:30:50.333"/>
</kw>
<kw name="And a tela inicial é exibida" library="TutorialPage">
<kw name="Wait Until Element Is Visible" library="SeleniumLibrary">
<arg>${tutorial.menu}</arg>
<arg>7</arg>
<doc>Waits until the element ``locator`` is visible.</doc>
<status status="PASS" starttime="20220802 09:30:50.336" endtime="20220802 09:30:51.297"/>
</kw>
<status status="PASS" starttime="20220802 09:30:50.334" endtime="20220802 09:30:51.298"/>
</kw>
<kw name="And clico na lupa da soundbar" library="ValidarSBsalaPage">
<kw name="Execute Javascript" library="SeleniumLibrary">
<arg>window.openWindow('device', '{"device":"livingroom/sb"}');</arg>
<doc>Executes the given JavaScript code with possible arguments.</doc>
<msg timestamp="20220802 09:30:51.375" level="INFO">Executing JavaScript:
window.openWindow('device', '{"device":"livingroom/sb"}');
Without any arguments.</msg>
<status status="PASS" starttime="20220802 09:30:51.300" endtime="20220802 09:30:51.765"/>
</kw>
<kw name="Sleep" library="BuiltIn">
<arg>5</arg>
<doc>Pauses the test executed for the given time.</doc>
<msg timestamp="20220802 09:30:56.779" level="INFO">Slept 5 seconds</msg>
<status status="PASS" starttime="20220802 09:30:51.766" endtime="20220802 09:30:56.780"/>
</kw>
<status status="PASS" starttime="20220802 09:30:51.299" endtime="20220802 09:30:56.780"/>
</kw>
<kw name="And clico Abrir no SmartThings" library="LigarSBsalaPage">
<kw name="Click Element" library="SeleniumLibrary">
<arg>${abrirsmartthings}</arg>
<doc>Click the element identified by ``locator``.</doc>
<msg timestamp="20220802 09:30:56.788" level="INFO">Clicking element '(//div[@class='css-15vvhi4']//div)[3]'.</msg>
<status status="PASS" starttime="20220802 09:30:56.785" endtime="20220802 09:30:57.552"/>
</kw>
<kw name="Sleep" library="BuiltIn">
<arg>10</arg>
<doc>Pauses the test executed for the given time.</doc>
<msg timestamp="20220802 09:31:08.136" level="INFO">Slept 10 seconds</msg>
<status status="PASS" starttime="20220802 09:30:57.552" endtime="20220802 09:31:08.138"/>
</kw>
<status status="PASS" starttime="20220802 09:30:56.784" endtime="20220802 09:31:08.576"/>
</kw>
<kw name="And clico em ligar soundbar" library="LigarSBsalaPage">
<kw name="Select Frame" library="SeleniumLibrary">
<arg>${smartThingsIframe}</arg>
<doc>Sets frame identified by ``locator`` as the current frame.</doc>
<msg timestamp="20220802 09:31:10.070" level="INFO">Selecting frame '//iframe[@id='iframe-content'][@title='smart-things']'.</msg>
<status status="PASS" starttime="20220802 09:31:10.046" endtime="20220802 09:31:10.534"/>
</kw>
<kw name="Sleep" library="BuiltIn">
<arg>6</arg>
<doc>Pauses the test executed for the given time.</doc>
<msg timestamp="20220802 09:31:16.538" level="INFO">Slept 6 seconds</msg>
<status status="PASS" starttime="20220802 09:31:10.534" endtime="20220802 09:31:16.538"/>
</kw>
<kw name="Wait Until Element Is Visible" library="SeleniumLibrary">
<arg>${ligarsb}</arg>
<arg>20</arg>
<doc>Waits until the element ``locator`` is visible.</doc>
<status status="PASS" starttime="20220802 09:31:16.539" endtime="20220802 09:31:16.752"/>
</kw>
<kw name="click with Javascript" library="LigarSBsalaPage">
<arg>${ligarsb}</arg>
<kw name="Get WebElement" library="SeleniumLibrary">
<var>${ele}</var>
<arg>${webElement}</arg>
<doc>Returns the first WebElement matching the given ``locator``.</doc>
<msg timestamp="20220802 09:31:16.848" level="INFO">${ele} = &lt;selenium.webdriver.remote.webelement.WebElement (session="113571e2f2112b8d25b0aab1e4eb6dae", element="3ad352fc-296e-4408-832d-827febf92496")&gt;</msg>
<status status="PASS" starttime="20220802 09:31:16.754" endtime="20220802 09:31:16.849"/>
</kw>
<kw name="Execute Javascript" library="SeleniumLibrary">
<arg>arguments[0].click();</arg>
<arg>ARGUMENTS</arg>
<arg>${ele}</arg>
<doc>Executes the given JavaScript code with possible arguments.</doc>
<msg timestamp="20220802 09:31:16.864" level="INFO">Executing JavaScript:
arguments[0].click();
By using argument:
'&lt;selenium.webdriver.remote.webelement.WebElement (session="113571e2f2112b8d25b0aab1e4eb6dae", element="3ad352fc-296e-4408-832d-827febf92496")&gt;'</msg>
<status status="PASS" starttime="20220802 09:31:16.849" endtime="20220802 09:31:16.987"/>
</kw>
<status status="PASS" starttime="20220802 09:31:16.753" endtime="20220802 09:31:16.987"/>
</kw>
<kw name="Sleep" library="BuiltIn">
<arg>4</arg>
<doc>Pauses the test executed for the given time.</doc>
<msg timestamp="20220802 09:31:21.004" level="INFO">Slept 4 seconds</msg>
<status status="PASS" starttime="20220802 09:31:16.988" endtime="20220802 09:31:21.005"/>
</kw>
<kw name="Unselect Frame" library="SeleniumLibrary">
<doc>Sets the main frame as the current frame.</doc>
<status status="PASS" starttime="20220802 09:31:21.006" endtime="20220802 09:31:21.110"/>
</kw>
<kw name="Unselect Frame" library="SeleniumLibrary">
<doc>Sets the main frame as the current frame.</doc>
<status status="PASS" starttime="20220802 09:31:21.110" endtime="20220802 09:31:21.198"/>
</kw>
<status status="PASS" starttime="20220802 09:31:10.036" endtime="20220802 09:31:21.199"/>
</kw>
<kw name="Then mensagem de missao concluida é exibida" library="LigarSBsalaPage">
<kw name="Wait Until Element Is Visible" library="SeleniumLibrary">
<arg>//div[@aria-label='animation']</arg>
<arg>${TIMEOUT}</arg>
<doc>Waits until the element ``locator`` is visible.</doc>
<status status="PASS" starttime="20220802 09:31:21.203" endtime="20220802 09:31:21.498"/>
</kw>
<status status="PASS" starttime="20220802 09:31:21.201" endtime="20220802 09:31:21.498"/>
</kw>
<tag>soundbar</tag>
<status status="PASS" starttime="20220802 09:30:39.340" endtime="20220802 09:31:21.503"/>
</test>
<kw name="Close Session" library="BasePage" type="TEARDOWN">
<kw name="Capture Page Screenshot" library="SeleniumLibrary">
<doc>Takes a screenshot of the current page and embeds it into a log file.</doc>
<msg timestamp="20220802 09:31:22.683" level="INFO" html="true">&lt;/td&gt;&lt;/tr&gt;&lt;tr&gt;&lt;td colspan="3"&gt;&lt;a href="selenium-screenshot-22.png"&gt;&lt;img src="selenium-screenshot-22.png" width="800px"&gt;&lt;/a&gt;</msg>
<status status="PASS" starttime="20220802 09:31:21.542" endtime="20220802 09:31:22.683"/>
</kw>
<kw name="Close Browser" library="SeleniumLibrary">
<doc>Closes the current browser.</doc>
<status status="PASS" starttime="20220802 09:31:22.685" endtime="20220802 09:31:25.290"/>
</kw>
<status status="PASS" starttime="20220802 09:31:21.540" endtime="20220802 09:31:25.291"/>
</kw>
<status status="PASS" starttime="20220802 09:30:27.745" endtime="20220802 09:31:25.291"/>
</suite>
<status status="PASS" starttime="20220802 09:30:27.727" endtime="20220802 09:31:25.297"/>
</suite>
<statistics>
<total>
<stat pass="1" fail="0" skip="0">All Tests</stat>
</total>
<tag>
<stat pass="1" fail="0" skip="0">soundbar</stat>
</tag>
<suite>
<stat pass="1" fail="0" skip="0" id="s1" name="Tests">Tests</stat>
<stat pass="1" fail="0" skip="0" id="s1-s1" name="ligarSBsala">Tests.ligarSBsala</stat>
</suite>
</statistics>
<errors>
</errors>
</robot>
