<?xml version="1.0" encoding="UTF-8"?>
<robot generator="Robot 5.0.1 (Python 3.9.11 on win32)" generated="20220709 13:40:35.679" rpa="false" schemaversion="3">
<suite id="s1" name="Tests" source="C:\Automation\RobotXpert\Tests">
<suite id="s1-s1" name="pularTutorial" source="C:\Automation\RobotXpert\Tests\pularTutorial.robot">
<kw name="Start Session" library="BasePage" type="SETUP">
<kw name="Open Browser" library="SeleniumLibrary">
<arg>about:blank</arg>
<arg>${BROWSER}</arg>
<doc>Opens a new browser instance to the optional ``url``.</doc>
<msg timestamp="20220709 13:40:36.469" level="INFO">Opening browser 'Chrome' to base url 'about:blank'.</msg>
<status status="PASS" starttime="20220709 13:40:36.469" endtime="20220709 13:40:38.085"/>
</kw>
<kw name="Go To" library="SeleniumLibrary">
<arg>${BASEURL}</arg>
<doc>Navigates the current browser window to the provided ``url``.</doc>
<msg timestamp="20220709 13:40:38.086" level="INFO">Opening url 'https://d2fnnoijlny9vq.cloudfront.net/'</msg>
<status status="PASS" starttime="20220709 13:40:38.085" endtime="20220709 13:40:41.514"/>
</kw>
<kw name="Get Title" library="SeleniumLibrary">
<var>${PageTitle}</var>
<doc>Returns the title of the current page.</doc>
<msg timestamp="20220709 13:40:41.522" level="INFO">${PageTitle} = Unity WebGL Player | SmartThingsDemo</msg>
<status status="PASS" starttime="20220709 13:40:41.514" endtime="20220709 13:40:41.522"/>
</kw>
<kw name="Log" library="BuiltIn">
<arg>${PageTitle}</arg>
<doc>Logs the given message with the given level.</doc>
<msg timestamp="20220709 13:40:41.522" level="INFO">Unity WebGL Player | SmartThingsDemo</msg>
<status status="PASS" starttime="20220709 13:40:41.522" endtime="20220709 13:40:41.522"/>
</kw>
<kw name="Maximize Browser Window" library="SeleniumLibrary">
<doc>Maximizes current browser window.</doc>
<status status="PASS" starttime="20220709 13:40:41.522" endtime="20220709 13:40:41.659"/>
</kw>
<kw name="Sleep" library="BuiltIn">
<arg>5</arg>
<doc>Pauses the test executed for the given time.</doc>
<msg timestamp="20220709 13:40:46.670" level="INFO">Slept 5 seconds</msg>
<status status="PASS" starttime="20220709 13:40:41.659" endtime="20220709 13:40:46.671"/>
</kw>
<status status="PASS" starttime="20220709 13:40:36.469" endtime="20220709 13:40:46.671"/>
</kw>
<test id="s1-s1-t1" name="Scenario 1 - Test Tutorial" line="7">
<kw name="Given acesso a pagina" library="MapaPage">
<kw name="Sleep" library="BuiltIn">
<arg>5</arg>
<doc>Pauses the test executed for the given time.</doc>
<msg timestamp="20220709 13:40:51.683" level="INFO">Slept 5 seconds</msg>
<status status="PASS" starttime="20220709 13:40:46.680" endtime="20220709 13:40:51.683"/>
</kw>
<status status="PASS" starttime="20220709 13:40:46.680" endtime="20220709 13:40:51.684"/>
</kw>
<kw name="And verifico a pagina inicial" library="MapaPage">
<kw name="Wait Until Element Is Visible" library="SeleniumLibrary">
<arg>${samImg}</arg>
<doc>Waits until the element ``locator`` is visible.</doc>
<status status="PASS" starttime="20220709 13:40:51.685" endtime="20220709 13:40:51.768"/>
</kw>
<status status="PASS" starttime="20220709 13:40:51.685" endtime="20220709 13:40:51.768"/>
</kw>
<kw name="And pulo o tutorial" library="MapaPage">
<kw name="Click Element" library="SeleniumLibrary">
<arg>${pularTutorial}</arg>
<doc>Click the element identified by ``locator``.</doc>
<msg timestamp="20220709 13:40:51.770" level="INFO">Clicking element '//p[text()='PULAR TUTORIAL']'.</msg>
<status status="PASS" starttime="20220709 13:40:51.770" endtime="20220709 13:40:51.820"/>
</kw>
<status status="PASS" starttime="20220709 13:40:51.769" endtime="20220709 13:40:51.820"/>
</kw>
<kw name="Then a tela inicial é exibida" library="MapaPage">
<kw name="Wait Until Element Is Visible" library="SeleniumLibrary">
<arg>${menu}</arg>
<doc>Waits until the element ``locator`` is visible.</doc>
<status status="PASS" starttime="20220709 13:40:51.821" endtime="20220709 13:40:51.845"/>
</kw>
<status status="PASS" starttime="20220709 13:40:51.821" endtime="20220709 13:40:51.846"/>
</kw>
<tag>doing</tag>
<status status="PASS" starttime="20220709 13:40:46.673" endtime="20220709 13:40:51.846"/>
</test>
<kw name="Close Session" library="BasePage" type="TEARDOWN">
<kw name="Capture Page Screenshot" library="SeleniumLibrary">
<doc>Takes a screenshot of the current page and embeds it into a log file.</doc>
<msg timestamp="20220709 13:40:52.057" level="INFO" html="true">&lt;/td&gt;&lt;/tr&gt;&lt;tr&gt;&lt;td colspan="3"&gt;&lt;a href="selenium-screenshot-1.png"&gt;&lt;img src="selenium-screenshot-1.png" width="800px"&gt;&lt;/a&gt;</msg>
<status status="PASS" starttime="20220709 13:40:51.847" endtime="20220709 13:40:52.057"/>
</kw>
<kw name="Close Browser" library="SeleniumLibrary">
<doc>Closes the current browser.</doc>
<status status="PASS" starttime="20220709 13:40:52.057" endtime="20220709 13:40:54.821"/>
</kw>
<status status="PASS" starttime="20220709 13:40:51.847" endtime="20220709 13:40:54.821"/>
</kw>
<status status="PASS" starttime="20220709 13:40:35.715" endtime="20220709 13:40:54.821"/>
</suite>
<suite id="s1-s2" name="testaMapa" source="C:\Automation\RobotXpert\Tests\testaMapa.robot">
<kw name="Start Session" library="BasePage" type="SETUP">
<kw name="Open Browser" library="SeleniumLibrary">
<arg>about:blank</arg>
<arg>${BROWSER}</arg>
<doc>Opens a new browser instance to the optional ``url``.</doc>
<msg timestamp="20220709 13:40:54.836" level="INFO">Opening browser 'Chrome' to base url 'about:blank'.</msg>
<status status="PASS" starttime="20220709 13:40:54.835" endtime="20220709 13:40:56.140"/>
</kw>
<kw name="Go To" library="SeleniumLibrary">
<arg>${BASEURL}</arg>
<doc>Navigates the current browser window to the provided ``url``.</doc>
<msg timestamp="20220709 13:40:56.141" level="INFO">Opening url 'https://d2fnnoijlny9vq.cloudfront.net/'</msg>
<status status="PASS" starttime="20220709 13:40:56.141" endtime="20220709 13:40:57.056"/>
</kw>
<kw name="Get Title" library="SeleniumLibrary">
<var>${PageTitle}</var>
<doc>Returns the title of the current page.</doc>
<msg timestamp="20220709 13:40:57.061" level="INFO">${PageTitle} = Unity WebGL Player | SmartThingsDemo</msg>
<status status="PASS" starttime="20220709 13:40:57.056" endtime="20220709 13:40:57.061"/>
</kw>
<kw name="Log" library="BuiltIn">
<arg>${PageTitle}</arg>
<doc>Logs the given message with the given level.</doc>
<msg timestamp="20220709 13:40:57.061" level="INFO">Unity WebGL Player | SmartThingsDemo</msg>
<status status="PASS" starttime="20220709 13:40:57.061" endtime="20220709 13:40:57.061"/>
</kw>
<kw name="Maximize Browser Window" library="SeleniumLibrary">
<doc>Maximizes current browser window.</doc>
<status status="PASS" starttime="20220709 13:40:57.061" endtime="20220709 13:40:57.177"/>
</kw>
<kw name="Sleep" library="BuiltIn">
<arg>5</arg>
<doc>Pauses the test executed for the given time.</doc>
<msg timestamp="20220709 13:41:02.186" level="INFO">Slept 5 seconds</msg>
<status status="PASS" starttime="20220709 13:40:57.177" endtime="20220709 13:41:02.186"/>
</kw>
<status status="PASS" starttime="20220709 13:40:54.835" endtime="20220709 13:41:02.186"/>
</kw>
<test id="s1-s2-t1" name="Scenario 1 - Testa Acessar mapa" line="8">
<kw name="Given acesso a pagina" library="MapaPage">
<kw name="Sleep" library="BuiltIn">
<arg>5</arg>
<doc>Pauses the test executed for the given time.</doc>
<msg timestamp="20220709 13:41:07.196" level="INFO">Slept 5 seconds</msg>
<status status="PASS" starttime="20220709 13:41:02.188" endtime="20220709 13:41:07.196"/>
</kw>
<status status="PASS" starttime="20220709 13:41:02.187" endtime="20220709 13:41:07.196"/>
</kw>
<kw name="And verifico a pagina inicial" library="MapaPage">
<kw name="Wait Until Element Is Visible" library="SeleniumLibrary">
<arg>${samImg}</arg>
<doc>Waits until the element ``locator`` is visible.</doc>
<status status="PASS" starttime="20220709 13:41:07.197" endtime="20220709 13:41:07.231"/>
</kw>
<status status="PASS" starttime="20220709 13:41:07.197" endtime="20220709 13:41:07.231"/>
</kw>
<kw name="And pulo o tutorial" library="MapaPage">
<kw name="Click Element" library="SeleniumLibrary">
<arg>${pularTutorial}</arg>
<doc>Click the element identified by ``locator``.</doc>
<msg timestamp="20220709 13:41:07.235" level="INFO">Clicking element '//p[text()='PULAR TUTORIAL']'.</msg>
<status status="PASS" starttime="20220709 13:41:07.234" endtime="20220709 13:41:07.294"/>
</kw>
<status status="PASS" starttime="20220709 13:41:07.233" endtime="20220709 13:41:07.294"/>
</kw>
<kw name="And a tela inicial é exibida" library="MapaPage">
<kw name="Wait Until Element Is Visible" library="SeleniumLibrary">
<arg>${menu}</arg>
<doc>Waits until the element ``locator`` is visible.</doc>
<status status="PASS" starttime="20220709 13:41:07.295" endtime="20220709 13:41:07.322"/>
</kw>
<status status="PASS" starttime="20220709 13:41:07.295" endtime="20220709 13:41:07.322"/>
</kw>
<kw name="And eu clico no icone mapa" library="MapaPage">
<kw name="Sleep" library="BuiltIn">
<arg>5</arg>
<doc>Pauses the test executed for the given time.</doc>
<msg timestamp="20220709 13:41:12.335" level="INFO">Slept 5 seconds</msg>
<status status="PASS" starttime="20220709 13:41:07.323" endtime="20220709 13:41:12.335"/>
</kw>
<kw name="Click Element" library="SeleniumLibrary">
<arg>${iconemapa}</arg>
<doc>Click the element identified by ``locator``.</doc>
<msg timestamp="20220709 13:41:12.335" level="INFO">Clicking element '//div[@class='css-9o6pl1']//img[1]'.</msg>
<status status="PASS" starttime="20220709 13:41:12.335" endtime="20220709 13:41:12.395"/>
</kw>
<status status="PASS" starttime="20220709 13:41:07.323" endtime="20220709 13:41:12.395"/>
</kw>
<kw name="And vejo o mapa" library="MapaPage">
<kw name="Wait Until Element Is Visible" library="SeleniumLibrary">
<arg>${mapa}</arg>
<doc>Waits until the element ``locator`` is visible.</doc>
<status status="PASS" starttime="20220709 13:41:12.396" endtime="20220709 13:41:12.414"/>
</kw>
<status status="PASS" starttime="20220709 13:41:12.396" endtime="20220709 13:41:12.414"/>
</kw>
<kw name="And clico no comodo quarto" library="MapaPage">
<kw name="Click Element" library="SeleniumLibrary">
<arg>${mapaQuartoBoard2}</arg>
<doc>Click the element identified by ``locator``.</doc>
<msg timestamp="20220709 13:41:12.416" level="INFO">Clicking element '//div[@class='css-1bpiwxr']/following-sibling::div[1]'.</msg>
<msg timestamp="20220709 13:41:12.639" level="INFO" html="true">&lt;/td&gt;&lt;/tr&gt;&lt;tr&gt;&lt;td colspan="3"&gt;&lt;a href="selenium-screenshot-2.png"&gt;&lt;img src="selenium-screenshot-2.png" width="800px"&gt;&lt;/a&gt;</msg>
<msg timestamp="20220709 13:41:12.644" level="FAIL">Element with locator '//div[@class='css-1bpiwxr']/following-sibling::div[1]' not found.</msg>
<status status="FAIL" starttime="20220709 13:41:12.415" endtime="20220709 13:41:12.673"/>
</kw>
<kw name="Sleep" library="BuiltIn">
<arg>5</arg>
<doc>Pauses the test executed for the given time.</doc>
<status status="NOT RUN" starttime="20220709 13:41:12.674" endtime="20220709 13:41:12.674"/>
</kw>
<status status="FAIL" starttime="20220709 13:41:12.415" endtime="20220709 13:41:12.674"/>
</kw>
<kw name="And eu clico no comodo cozinha">
<status status="NOT RUN" starttime="20220709 13:41:12.682" endtime="20220709 13:41:12.682"/>
</kw>
<kw name="And eu clico no comodo gaming">
<status status="NOT RUN" starttime="20220709 13:41:12.685" endtime="20220709 13:41:12.685"/>
</kw>
<kw name="And eu clico no comodo academia">
<status status="NOT RUN" starttime="20220709 13:41:12.687" endtime="20220709 13:41:12.688"/>
</kw>
<kw name="And eu clico no comodo lavanderia">
<status status="NOT RUN" starttime="20220709 13:41:12.690" endtime="20220709 13:41:12.690"/>
</kw>
<kw name="And eu clico no comodo getTogether">
<status status="NOT RUN" starttime="20220709 13:41:12.692" endtime="20220709 13:41:12.693"/>
</kw>
<status status="FAIL" starttime="20220709 13:41:02.186" endtime="20220709 13:41:12.693">Element with locator '//div[@class='css-1bpiwxr']/following-sibling::div[1]' not found.</status>
</test>
<kw name="Close Session" library="BasePage" type="TEARDOWN">
<kw name="Capture Page Screenshot" library="SeleniumLibrary">
<doc>Takes a screenshot of the current page and embeds it into a log file.</doc>
<msg timestamp="20220709 13:41:12.900" level="INFO" html="true">&lt;/td&gt;&lt;/tr&gt;&lt;tr&gt;&lt;td colspan="3"&gt;&lt;a href="selenium-screenshot-3.png"&gt;&lt;img src="selenium-screenshot-3.png" width="800px"&gt;&lt;/a&gt;</msg>
<status status="PASS" starttime="20220709 13:41:12.695" endtime="20220709 13:41:12.900"/>
</kw>
<kw name="Close Browser" library="SeleniumLibrary">
<doc>Closes the current browser.</doc>
<status status="PASS" starttime="20220709 13:41:12.900" endtime="20220709 13:41:15.041"/>
</kw>
<status status="PASS" starttime="20220709 13:41:12.695" endtime="20220709 13:41:15.041"/>
</kw>
<status status="FAIL" starttime="20220709 13:40:54.824" endtime="20220709 13:41:15.041"/>
</suite>
<suite id="s1-s3" name="testaTutorial" source="C:\Automation\RobotXpert\Tests\testaTutorial.robot">
<kw name="Start Session" library="BasePage" type="SETUP">
<kw name="Open Browser" library="SeleniumLibrary">
<arg>about:blank</arg>
<arg>${BROWSER}</arg>
<doc>Opens a new browser instance to the optional ``url``.</doc>
<msg timestamp="20220709 13:41:15.052" level="INFO">Opening browser 'Chrome' to base url 'about:blank'.</msg>
<status status="PASS" starttime="20220709 13:41:15.052" endtime="20220709 13:41:16.277"/>
</kw>
<kw name="Go To" library="SeleniumLibrary">
<arg>${BASEURL}</arg>
<doc>Navigates the current browser window to the provided ``url``.</doc>
<msg timestamp="20220709 13:41:16.277" level="INFO">Opening url 'https://d2fnnoijlny9vq.cloudfront.net/'</msg>
<status status="PASS" starttime="20220709 13:41:16.277" endtime="20220709 13:41:17.322"/>
</kw>
<kw name="Get Title" library="SeleniumLibrary">
<var>${PageTitle}</var>
<doc>Returns the title of the current page.</doc>
<msg timestamp="20220709 13:41:17.330" level="INFO">${PageTitle} = Unity WebGL Player | SmartThingsDemo</msg>
<status status="PASS" starttime="20220709 13:41:17.322" endtime="20220709 13:41:17.330"/>
</kw>
<kw name="Log" library="BuiltIn">
<arg>${PageTitle}</arg>
<doc>Logs the given message with the given level.</doc>
<msg timestamp="20220709 13:41:17.331" level="INFO">Unity WebGL Player | SmartThingsDemo</msg>
<status status="PASS" starttime="20220709 13:41:17.331" endtime="20220709 13:41:17.331"/>
</kw>
<kw name="Maximize Browser Window" library="SeleniumLibrary">
<doc>Maximizes current browser window.</doc>
<status status="PASS" starttime="20220709 13:41:17.331" endtime="20220709 13:41:17.453"/>
</kw>
<kw name="Sleep" library="BuiltIn">
<arg>5</arg>
<doc>Pauses the test executed for the given time.</doc>
<msg timestamp="20220709 13:41:22.464" level="INFO">Slept 5 seconds</msg>
<status status="PASS" starttime="20220709 13:41:17.453" endtime="20220709 13:41:22.464"/>
</kw>
<status status="PASS" starttime="20220709 13:41:15.052" endtime="20220709 13:41:22.464"/>
</kw>
<test id="s1-s3-t1" name="Scenario 1 - Test Tutorial" line="7">
<kw name="Given acesso a pagina" library="MapaPage">
<kw name="Sleep" library="BuiltIn">
<arg>5</arg>
<doc>Pauses the test executed for the given time.</doc>
<msg timestamp="20220709 13:41:27.477" level="INFO">Slept 5 seconds</msg>
<status status="PASS" starttime="20220709 13:41:22.466" endtime="20220709 13:41:27.477"/>
</kw>
<status status="PASS" starttime="20220709 13:41:22.466" endtime="20220709 13:41:27.477"/>
</kw>
<kw name="Then verifico a pagina de tutorial" library="TutorialPage">
<kw name="Wait Until Element Is Visible" library="SeleniumLibrary">
<arg>${samImg}</arg>
<doc>Waits until the element ``locator`` is visible.</doc>
<status status="PASS" starttime="20220709 13:41:27.479" endtime="20220709 13:41:27.506"/>
</kw>
<status status="PASS" starttime="20220709 13:41:27.478" endtime="20220709 13:41:27.506"/>
</kw>
<kw name="And verifico o texto da pagina 1 do tutorial" library="TutorialPage">
<kw name="Page Should Contain" library="SeleniumLibrary">
<arg>Venha navegar numa casa inteligente equipada com todos os dispositivos Samsung que podem ser controlados com a aplicação SmartThings.</arg>
<doc>Verifies that current page contains ``text``.</doc>
<msg timestamp="20220709 13:41:27.523" level="INFO">Current page contains text 'Venha navegar numa casa inteligente equipada com todos os dispositivos Samsung que podem ser controlados com a aplicação SmartThings.'.</msg>
<status status="PASS" starttime="20220709 13:41:27.507" endtime="20220709 13:41:27.523"/>
</kw>
<status status="PASS" starttime="20220709 13:41:27.506" endtime="20220709 13:41:27.523"/>
</kw>
<kw name="And Verifico o texto da pagina 2 do tutorial" library="TutorialPage">
<msg timestamp="20220709 13:41:27.524" level="FAIL">User keyword 'And Verifico o texto da pagina 2 do tutorial' contains no keywords.</msg>
<status status="FAIL" starttime="20220709 13:41:27.523" endtime="20220709 13:41:27.524"/>
</kw>
<kw name="And Verifico o texto da pagina 3 do tutorial">
<status status="NOT RUN" starttime="20220709 13:41:27.526" endtime="20220709 13:41:27.526"/>
</kw>
<status status="FAIL" starttime="20220709 13:41:22.465" endtime="20220709 13:41:27.526">User keyword 'And Verifico o texto da pagina 2 do tutorial' contains no keywords.</status>
</test>
<kw name="Close Session" library="BasePage" type="TEARDOWN">
<kw name="Capture Page Screenshot" library="SeleniumLibrary">
<doc>Takes a screenshot of the current page and embeds it into a log file.</doc>
<msg timestamp="20220709 13:41:27.871" level="INFO" html="true">&lt;/td&gt;&lt;/tr&gt;&lt;tr&gt;&lt;td colspan="3"&gt;&lt;a href="selenium-screenshot-4.png"&gt;&lt;img src="selenium-screenshot-4.png" width="800px"&gt;&lt;/a&gt;</msg>
<status status="PASS" starttime="20220709 13:41:27.528" endtime="20220709 13:41:27.871"/>
</kw>
<kw name="Close Browser" library="SeleniumLibrary">
<doc>Closes the current browser.</doc>
<status status="PASS" starttime="20220709 13:41:27.871" endtime="20220709 13:41:30.007"/>
</kw>
<status status="PASS" starttime="20220709 13:41:27.528" endtime="20220709 13:41:30.007"/>
</kw>
<status status="FAIL" starttime="20220709 13:41:15.045" endtime="20220709 13:41:30.007"/>
</suite>
<status status="FAIL" starttime="20220709 13:40:35.681" endtime="20220709 13:41:30.010"/>
</suite>
<statistics>
<total>
<stat pass="1" fail="2" skip="0">All Tests</stat>
</total>
<tag>
<stat pass="1" fail="0" skip="0">doing</stat>
</tag>
<suite>
<stat pass="1" fail="2" skip="0" id="s1" name="Tests">Tests</stat>
<stat pass="1" fail="0" skip="0" id="s1-s1" name="pularTutorial">Tests.pularTutorial</stat>
<stat pass="0" fail="1" skip="0" id="s1-s2" name="testaMapa">Tests.testaMapa</stat>
<stat pass="0" fail="1" skip="0" id="s1-s3" name="testaTutorial">Tests.testaTutorial</stat>
</suite>
</statistics>
<errors>
</errors>
</robot>
