<?xml version="1.0" encoding="UTF-8"?>
<robot generator="Robot 5.0.1 (Python 3.7.3 on win32)" generated="20220816 10:01:07.911" rpa="false" schemaversion="3">
<suite id="s1" name="RobotXpert" source="C:\ProjetoVRHome\RobotXpert">
<suite id="s1-s1" name="Tests" source="C:\ProjetoVRHome\RobotXpert\Tests">
<suite id="s1-s1-s1" name="Configuracoes" source="C:\ProjetoVRHome\RobotXpert\Tests\configuracoes.robot">
<kw name="Start Session" library="BasePage" type="SETUP">
<kw name="Open Browser" library="SeleniumLibrary">
<arg>about:blank</arg>
<arg>${BROWSER}</arg>
<doc>Opens a new browser instance to the optional ``url``.</doc>
<msg timestamp="20220816 10:01:08.399" level="INFO">Opening browser 'Chrome' to base url 'about:blank'.</msg>
<status status="PASS" starttime="20220816 10:01:08.399" endtime="20220816 10:01:11.285"/>
</kw>
<kw name="Go To" library="SeleniumLibrary">
<arg>${BASEURL}</arg>
<doc>Navigates the current browser window to the provided ``url``.</doc>
<msg timestamp="20220816 10:01:11.286" level="INFO">Opening url 'https://d2fnnoijlny9vq.cloudfront.net/?sub=seda'</msg>
<status status="PASS" starttime="20220816 10:01:11.285" endtime="20220816 10:01:14.415"/>
</kw>
<kw name="Get Title" library="SeleniumLibrary">
<var>${PageTitle}</var>
<doc>Returns the title of the current page.</doc>
<msg timestamp="20220816 10:01:14.470" level="INFO">${PageTitle} = Samsung Smart Home</msg>
<status status="PASS" starttime="20220816 10:01:14.415" endtime="20220816 10:01:14.470"/>
</kw>
<kw name="Log" library="BuiltIn">
<arg>${PageTitle}</arg>
<doc>Logs the given message with the given level.</doc>
<msg timestamp="20220816 10:01:14.471" level="INFO">Samsung Smart Home</msg>
<status status="PASS" starttime="20220816 10:01:14.471" endtime="20220816 10:01:14.471"/>
</kw>
<kw name="Maximize Browser Window" library="SeleniumLibrary">
<doc>Maximizes current browser window.</doc>
<status status="PASS" starttime="20220816 10:01:14.472" endtime="20220816 10:01:14.595"/>
</kw>
<kw name="Sleep" library="BuiltIn">
<arg>6</arg>
<doc>Pauses the test executed for the given time.</doc>
<msg timestamp="20220816 10:01:20.605" level="INFO">Slept 6 seconds</msg>
<status status="PASS" starttime="20220816 10:01:14.595" endtime="20220816 10:01:20.605"/>
</kw>
<status status="PASS" starttime="20220816 10:01:08.398" endtime="20220816 10:01:20.606"/>
</kw>
<test id="s1-s1-s1-t1" name="Scenario 3 - Testa Menu de Configuracoes" line="8">
<kw name="Given acesso a pagina" library="MapaPage">
<kw name="Sleep" library="BuiltIn">
<arg>10</arg>
<doc>Pauses the test executed for the given time.</doc>
<msg timestamp="20220816 10:01:30.626" level="INFO">Slept 10 seconds</msg>
<status status="PASS" starttime="20220816 10:01:20.613" endtime="20220816 10:01:30.626"/>
</kw>
<status status="PASS" starttime="20220816 10:01:20.612" endtime="20220816 10:01:30.626"/>
</kw>
<kw name="And verifico a pagina inicial" library="MapaPage">
<kw name="Wait Until Element Is Visible" library="SeleniumLibrary">
<arg>${mapa.samImg}</arg>
<arg>${TIMEOUT}</arg>
<doc>Waits until the element ``locator`` is visible.</doc>
<status status="PASS" starttime="20220816 10:01:30.628" endtime="20220816 10:01:33.953"/>
</kw>
<status status="PASS" starttime="20220816 10:01:30.627" endtime="20220816 10:01:33.954"/>
</kw>
<kw name="And pulo o tutorial" library="TutorialPage">
<kw name="Wait Until Element Is Visible" library="SeleniumLibrary">
<arg>${tutorial.pularTutorial}</arg>
<doc>Waits until the element ``locator`` is visible.</doc>
<status status="PASS" starttime="20220816 10:01:33.958" endtime="20220816 10:01:34.352"/>
</kw>
<kw name="Click Element" library="SeleniumLibrary">
<arg>${tutorial.pularTutorial}</arg>
<doc>Click the element identified by ``locator``.</doc>
<msg timestamp="20220816 10:01:34.359" level="INFO">Clicking element '//p[text()='PULAR TUTORIAL']'.</msg>
<status status="PASS" starttime="20220816 10:01:34.353" endtime="20220816 10:01:38.710"/>
</kw>
<status status="PASS" starttime="20220816 10:01:33.955" endtime="20220816 10:01:38.712"/>
</kw>
<kw name="And a tela inicial é exibida" library="TutorialPage">
<kw name="Wait Until Element Is Visible" library="SeleniumLibrary">
<arg>${tutorial.menu}</arg>
<arg>${TIMEOUT}</arg>
<doc>Waits until the element ``locator`` is visible.</doc>
<status status="PASS" starttime="20220816 10:01:38.720" endtime="20220816 10:01:39.382"/>
</kw>
<status status="PASS" starttime="20220816 10:01:38.716" endtime="20220816 10:01:39.382"/>
</kw>
<kw name="And abro o menu de configuracoes" library="ConfiguracoesPage">
<kw name="Click Element" library="SeleniumLibrary">
<arg>${config}</arg>
<doc>Click the element identified by ``locator``.</doc>
<msg timestamp="20220816 10:01:39.385" level="INFO">Clicking element '//div[@class='css-1jxphso']//div[1]'.</msg>
<status status="PASS" starttime="20220816 10:01:39.384" endtime="20220816 10:01:42.402"/>
</kw>
<status status="PASS" starttime="20220816 10:01:39.384" endtime="20220816 10:01:42.403"/>
</kw>
<kw name="And clico no termos de uso" library="ConfiguracoesPage">
<kw name="Click Element" library="SeleniumLibrary">
<arg>${abretermos}</arg>
<doc>Click the element identified by ``locator``.</doc>
<msg timestamp="20220816 10:01:42.406" level="INFO">Clicking element '//p[text()='Termos de Uso e Política de Privacidade']'.</msg>
<status status="PASS" starttime="20220816 10:01:42.405" endtime="20220816 10:01:43.894"/>
</kw>
<kw name="Sleep" library="BuiltIn">
<arg>2</arg>
<doc>Pauses the test executed for the given time.</doc>
<msg timestamp="20220816 10:01:45.909" level="INFO">Slept 2 seconds</msg>
<status status="PASS" starttime="20220816 10:01:43.895" endtime="20220816 10:01:45.910"/>
</kw>
<status status="PASS" starttime="20220816 10:01:42.404" endtime="20220816 10:01:45.911"/>
</kw>
<kw name="Conferir termos de uso" library="ConfiguracoesPage">
<kw name="Page Should Contain" library="SeleniumLibrary">
<arg>Termos de Uso e Política de Privacidade</arg>
<doc>Verifies that current page contains ``text``.</doc>
<msg timestamp="20220816 10:01:46.903" level="INFO">Current page contains text 'Termos de Uso e Política de Privacidade'.</msg>
<status status="PASS" starttime="20220816 10:01:45.916" endtime="20220816 10:01:46.905"/>
</kw>
<status status="PASS" starttime="20220816 10:01:45.915" endtime="20220816 10:01:46.905"/>
</kw>
<kw name="And fecho o termo de uso" library="ConfiguracoesPage">
<kw name="Click Element" library="SeleniumLibrary">
<arg>${fechatermos}</arg>
<doc>Click the element identified by ``locator``.</doc>
<msg timestamp="20220816 10:01:46.909" level="INFO">Clicking element '//button[@class='chakra-modal__close-btn css-t3vzcg']'.</msg>
<msg timestamp="20220816 10:01:51.551" level="INFO" html="true">&lt;/td&gt;&lt;/tr&gt;&lt;tr&gt;&lt;td colspan="3"&gt;&lt;a href="selenium-screenshot-1.png"&gt;&lt;img src="selenium-screenshot-1.png" width="800px"&gt;&lt;/a&gt;</msg>
<msg timestamp="20220816 10:01:51.552" level="FAIL">Element with locator '//button[@class='chakra-modal__close-btn css-t3vzcg']' not found.</msg>
<status status="FAIL" starttime="20220816 10:01:46.908" endtime="20220816 10:01:51.879"/>
</kw>
<status status="FAIL" starttime="20220816 10:01:46.907" endtime="20220816 10:01:51.880"/>
</kw>
<kw name="And clico em licença de codigo aberto" library="ConfiguracoesPage">
<status status="NOT RUN" starttime="20220816 10:01:51.882" endtime="20220816 10:01:51.882"/>
</kw>
<kw name="Conferir licença de codigo aberto" library="ConfiguracoesPage">
<status status="NOT RUN" starttime="20220816 10:01:51.884" endtime="20220816 10:01:51.885"/>
</kw>
<kw name="And fecho a licença de codigo aberto" library="ConfiguracoesPage">
<status status="NOT RUN" starttime="20220816 10:01:51.886" endtime="20220816 10:01:51.886"/>
</kw>
<kw name="And mudo a linguagem para espanhol" library="ConfiguracoesPage">
<status status="NOT RUN" starttime="20220816 10:01:51.887" endtime="20220816 10:01:51.887"/>
</kw>
<kw name="Conferir linguagem em espanhol" library="ConfiguracoesPage">
<status status="NOT RUN" starttime="20220816 10:01:51.889" endtime="20220816 10:01:51.889"/>
</kw>
<kw name="And mudo a linguagem para portugues" library="ConfiguracoesPage">
<status status="NOT RUN" starttime="20220816 10:01:51.893" endtime="20220816 10:01:51.893"/>
</kw>
<kw name="And desabilito a musica" library="ConfiguracoesPage">
<status status="NOT RUN" starttime="20220816 10:01:51.896" endtime="20220816 10:01:51.896"/>
</kw>
<kw name="And desabilito o som" library="ConfiguracoesPage">
<status status="NOT RUN" starttime="20220816 10:01:51.899" endtime="20220816 10:01:51.899"/>
</kw>
<kw name="And visualizo as minhas conquistas" library="ConfiguracoesPage">
<status status="NOT RUN" starttime="20220816 10:01:51.902" endtime="20220816 10:01:51.902"/>
</kw>
<kw name="Conferir minhas conquistas" library="ConfiguracoesPage">
<status status="NOT RUN" starttime="20220816 10:01:51.904" endtime="20220816 10:01:51.904"/>
</kw>
<kw name="And fecho as minhas conquistas" library="ConfiguracoesPage">
<status status="NOT RUN" starttime="20220816 10:01:51.908" endtime="20220816 10:01:51.908"/>
</kw>
<tag>test</tag>
<status status="FAIL" starttime="20220816 10:01:20.607" endtime="20220816 10:01:51.911">Element with locator '//button[@class='chakra-modal__close-btn css-t3vzcg']' not found.</status>
</test>
<kw name="Close Session" library="BasePage" type="TEARDOWN">
<kw name="Capture Page Screenshot" library="SeleniumLibrary">
<doc>Takes a screenshot of the current page and embeds it into a log file.</doc>
<msg timestamp="20220816 10:01:55.282" level="INFO" html="true">&lt;/td&gt;&lt;/tr&gt;&lt;tr&gt;&lt;td colspan="3"&gt;&lt;a href="selenium-screenshot-2.png"&gt;&lt;img src="selenium-screenshot-2.png" width="800px"&gt;&lt;/a&gt;</msg>
<status status="PASS" starttime="20220816 10:01:51.914" endtime="20220816 10:01:55.283"/>
</kw>
<kw name="Close Browser" library="SeleniumLibrary">
<doc>Closes the current browser.</doc>
<status status="PASS" starttime="20220816 10:01:55.284" endtime="20220816 10:01:58.337"/>
</kw>
<status status="PASS" starttime="20220816 10:01:51.914" endtime="20220816 10:01:58.338"/>
</kw>
<status status="FAIL" starttime="20220816 10:01:07.942" endtime="20220816 10:01:58.338"/>
</suite>
<suite id="s1-s1-s2" name="iniciarNovaExperiencia" source="C:\ProjetoVRHome\RobotXpert\Tests\iniciarNovaExperiencia.robot">
<kw name="Start Session" library="BasePage" type="SETUP">
<kw name="Open Browser" library="SeleniumLibrary">
<arg>about:blank</arg>
<arg>${BROWSER}</arg>
<doc>Opens a new browser instance to the optional ``url``.</doc>
<msg timestamp="20220816 10:01:58.377" level="INFO">Opening browser 'Chrome' to base url 'about:blank'.</msg>
<status status="PASS" starttime="20220816 10:01:58.376" endtime="20220816 10:02:01.116"/>
</kw>
<kw name="Go To" library="SeleniumLibrary">
<arg>${BASEURL}</arg>
<doc>Navigates the current browser window to the provided ``url``.</doc>
<msg timestamp="20220816 10:02:01.118" level="INFO">Opening url 'https://d2fnnoijlny9vq.cloudfront.net/?sub=seda'</msg>
<status status="PASS" starttime="20220816 10:02:01.117" endtime="20220816 10:02:04.648"/>
</kw>
<kw name="Get Title" library="SeleniumLibrary">
<var>${PageTitle}</var>
<doc>Returns the title of the current page.</doc>
<msg timestamp="20220816 10:02:04.694" level="INFO">${PageTitle} = Samsung Smart Home</msg>
<status status="PASS" starttime="20220816 10:02:04.648" endtime="20220816 10:02:04.695"/>
</kw>
<kw name="Log" library="BuiltIn">
<arg>${PageTitle}</arg>
<doc>Logs the given message with the given level.</doc>
<msg timestamp="20220816 10:02:04.696" level="INFO">Samsung Smart Home</msg>
<status status="PASS" starttime="20220816 10:02:04.695" endtime="20220816 10:02:04.696"/>
</kw>
<kw name="Maximize Browser Window" library="SeleniumLibrary">
<doc>Maximizes current browser window.</doc>
<status status="PASS" starttime="20220816 10:02:04.697" endtime="20220816 10:02:04.826"/>
</kw>
<kw name="Sleep" library="BuiltIn">
<arg>6</arg>
<doc>Pauses the test executed for the given time.</doc>
<msg timestamp="20220816 10:02:10.830" level="INFO">Slept 6 seconds</msg>
<status status="PASS" starttime="20220816 10:02:04.827" endtime="20220816 10:02:10.830"/>
</kw>
<status status="PASS" starttime="20220816 10:01:58.376" endtime="20220816 10:02:10.830"/>
</kw>
<test id="s1-s1-s2-t1" name="Scenario 3 - Testa Iniciar Nova Experiencia" line="8">
<kw name="Given acesso a pagina" library="MapaPage">
<kw name="Sleep" library="BuiltIn">
<arg>10</arg>
<doc>Pauses the test executed for the given time.</doc>
<msg timestamp="20220816 10:02:20.843" level="INFO">Slept 10 seconds</msg>
<status status="PASS" starttime="20220816 10:02:10.832" endtime="20220816 10:02:20.843"/>
</kw>
<status status="PASS" starttime="20220816 10:02:10.831" endtime="20220816 10:02:20.844"/>
</kw>
<kw name="And verifico a pagina inicial" library="MapaPage">
<kw name="Wait Until Element Is Visible" library="SeleniumLibrary">
<arg>${mapa.samImg}</arg>
<arg>${TIMEOUT}</arg>
<doc>Waits until the element ``locator`` is visible.</doc>
<status status="PASS" starttime="20220816 10:02:20.851" endtime="20220816 10:02:21.512"/>
</kw>
<status status="PASS" starttime="20220816 10:02:20.846" endtime="20220816 10:02:21.516"/>
</kw>
<kw name="And pulo o tutorial" library="TutorialPage">
<kw name="Wait Until Element Is Visible" library="SeleniumLibrary">
<arg>${tutorial.pularTutorial}</arg>
<doc>Waits until the element ``locator`` is visible.</doc>
<status status="PASS" starttime="20220816 10:02:21.533" endtime="20220816 10:02:21.954"/>
</kw>
<kw name="Click Element" library="SeleniumLibrary">
<arg>${tutorial.pularTutorial}</arg>
<doc>Click the element identified by ``locator``.</doc>
<msg timestamp="20220816 10:02:21.957" level="INFO">Clicking element '//p[text()='PULAR TUTORIAL']'.</msg>
<status status="PASS" starttime="20220816 10:02:21.955" endtime="20220816 10:02:22.639"/>
</kw>
<status status="PASS" starttime="20220816 10:02:21.529" endtime="20220816 10:02:22.639"/>
</kw>
<kw name="And a tela inicial é exibida" library="TutorialPage">
<kw name="Wait Until Element Is Visible" library="SeleniumLibrary">
<arg>${tutorial.menu}</arg>
<arg>${TIMEOUT}</arg>
<doc>Waits until the element ``locator`` is visible.</doc>
<status status="PASS" starttime="20220816 10:02:22.645" endtime="20220816 10:02:23.311"/>
</kw>
<status status="PASS" starttime="20220816 10:02:22.643" endtime="20220816 10:02:23.312"/>
</kw>
<kw name="And abro o menu de configuracoes" library="ConfiguracoesPage">
<kw name="Click Element" library="SeleniumLibrary">
<arg>${config}</arg>
<doc>Click the element identified by ``locator``.</doc>
<msg timestamp="20220816 10:02:23.316" level="INFO">Clicking element '//div[@class='css-1jxphso']//div[1]'.</msg>
<status status="PASS" starttime="20220816 10:02:23.315" endtime="20220816 10:02:24.731"/>
</kw>
<status status="PASS" starttime="20220816 10:02:23.314" endtime="20220816 10:02:24.731"/>
</kw>
<kw name="And clico em Iniciar nova experiencia" library="IniciarNovaExperienciaPage">
<kw name="Click Element" library="SeleniumLibrary">
<arg>${novaExperiencia}</arg>
<doc>Click the element identified by ``locator``.</doc>
<msg timestamp="20220816 10:02:24.733" level="INFO">Clicking element '//button[text()='Iniciar nova experiência']'.</msg>
<status status="PASS" starttime="20220816 10:02:24.733" endtime="20220816 10:02:26.633"/>
</kw>
<status status="PASS" starttime="20220816 10:02:24.732" endtime="20220816 10:02:26.633"/>
</kw>
<kw name="And clico no botao Reiniciar" library="IniciarNovaExperienciaPage">
<kw name="Click Element" library="SeleniumLibrary">
<arg>${reiniciar}</arg>
<doc>Click the element identified by ``locator``.</doc>
<msg timestamp="20220816 10:02:26.647" level="INFO">Clicking element '//button[text()='Reiniciar']'.</msg>
<status status="PASS" starttime="20220816 10:02:26.646" endtime="20220816 10:02:29.763"/>
</kw>
<status status="PASS" starttime="20220816 10:02:26.642" endtime="20220816 10:02:29.764"/>
</kw>
<kw name="And tutorial é exibido" library="IniciarNovaExperienciaPage">
<kw name="Wait Until Element Is Visible" library="SeleniumLibrary">
<arg>${mapa.samImg}</arg>
<arg>${TIMEOUT}</arg>
<doc>Waits until the element ``locator`` is visible.</doc>
<status status="PASS" starttime="20220816 10:02:29.769" endtime="20220816 10:02:35.378"/>
</kw>
<kw name="Page Should Contain" library="SeleniumLibrary">
<arg>Olá, que bom ter você por aqui!</arg>
<doc>Verifies that current page contains ``text``.</doc>
<msg timestamp="20220816 10:02:36.778" level="INFO">Current page contains text 'Olá, que bom ter você por aqui!'.</msg>
<status status="PASS" starttime="20220816 10:02:35.380" endtime="20220816 10:02:36.778"/>
</kw>
<status status="PASS" starttime="20220816 10:02:29.768" endtime="20220816 10:02:36.779"/>
</kw>
<tag>test</tag>
<status status="PASS" starttime="20220816 10:02:10.830" endtime="20220816 10:02:36.785"/>
</test>
<kw name="Close Session" library="BasePage" type="TEARDOWN">
<kw name="Capture Page Screenshot" library="SeleniumLibrary">
<doc>Takes a screenshot of the current page and embeds it into a log file.</doc>
<msg timestamp="20220816 10:02:38.843" level="INFO" html="true">&lt;/td&gt;&lt;/tr&gt;&lt;tr&gt;&lt;td colspan="3"&gt;&lt;a href="selenium-screenshot-3.png"&gt;&lt;img src="selenium-screenshot-3.png" width="800px"&gt;&lt;/a&gt;</msg>
<status status="PASS" starttime="20220816 10:02:36.789" endtime="20220816 10:02:38.843"/>
</kw>
<kw name="Close Browser" library="SeleniumLibrary">
<doc>Closes the current browser.</doc>
<status status="PASS" starttime="20220816 10:02:38.844" endtime="20220816 10:02:41.593"/>
</kw>
<status status="PASS" starttime="20220816 10:02:36.789" endtime="20220816 10:02:41.593"/>
</kw>
<status status="PASS" starttime="20220816 10:01:58.340" endtime="20220816 10:02:41.593"/>
</suite>
<suite id="s1-s1-s3" name="ligarAr" source="C:\ProjetoVRHome\RobotXpert\Tests\ligarAr.robot">
<kw name="Start Session" library="BasePage" type="SETUP">
<kw name="Open Browser" library="SeleniumLibrary">
<arg>about:blank</arg>
<arg>${BROWSER}</arg>
<doc>Opens a new browser instance to the optional ``url``.</doc>
<msg timestamp="20220816 10:02:41.651" level="INFO">Opening browser 'Chrome' to base url 'about:blank'.</msg>
<status status="PASS" starttime="20220816 10:02:41.650" endtime="20220816 10:02:43.042"/>
</kw>
<kw name="Go To" library="SeleniumLibrary">
<arg>${BASEURL}</arg>
<doc>Navigates the current browser window to the provided ``url``.</doc>
<msg timestamp="20220816 10:02:43.042" level="INFO">Opening url 'https://d2fnnoijlny9vq.cloudfront.net/?sub=seda'</msg>
<status status="PASS" starttime="20220816 10:02:43.042" endtime="20220816 10:02:46.317"/>
</kw>
<kw name="Get Title" library="SeleniumLibrary">
<var>${PageTitle}</var>
<doc>Returns the title of the current page.</doc>
<msg timestamp="20220816 10:02:46.387" level="INFO">${PageTitle} = Samsung Smart Home</msg>
<status status="PASS" starttime="20220816 10:02:46.317" endtime="20220816 10:02:46.387"/>
</kw>
<kw name="Log" library="BuiltIn">
<arg>${PageTitle}</arg>
<doc>Logs the given message with the given level.</doc>
<msg timestamp="20220816 10:02:46.388" level="INFO">Samsung Smart Home</msg>
<status status="PASS" starttime="20220816 10:02:46.387" endtime="20220816 10:02:46.389"/>
</kw>
<kw name="Maximize Browser Window" library="SeleniumLibrary">
<doc>Maximizes current browser window.</doc>
<status status="PASS" starttime="20220816 10:02:46.389" endtime="20220816 10:02:46.511"/>
</kw>
<kw name="Sleep" library="BuiltIn">
<arg>6</arg>
<doc>Pauses the test executed for the given time.</doc>
<msg timestamp="20220816 10:02:52.523" level="INFO">Slept 6 seconds</msg>
<status status="PASS" starttime="20220816 10:02:46.511" endtime="20220816 10:02:52.523"/>
</kw>
<status status="PASS" starttime="20220816 10:02:41.650" endtime="20220816 10:02:52.524"/>
</kw>
<test id="s1-s1-s3-t1" name="Scenario 1 - Ligar AR da sala" line="8">
<kw name="Given acesso a pagina" library="MapaPage">
<kw name="Sleep" library="BuiltIn">
<arg>10</arg>
<doc>Pauses the test executed for the given time.</doc>
<msg timestamp="20220816 10:03:02.543" level="INFO">Slept 10 seconds</msg>
<status status="PASS" starttime="20220816 10:02:52.529" endtime="20220816 10:03:02.543"/>
</kw>
<status status="PASS" starttime="20220816 10:02:52.528" endtime="20220816 10:03:02.543"/>
</kw>
<kw name="And verifico a pagina inicial" library="MapaPage">
<kw name="Wait Until Element Is Visible" library="SeleniumLibrary">
<arg>${mapa.samImg}</arg>
<arg>${TIMEOUT}</arg>
<doc>Waits until the element ``locator`` is visible.</doc>
<status status="PASS" starttime="20220816 10:03:02.545" endtime="20220816 10:03:02.987"/>
</kw>
<status status="PASS" starttime="20220816 10:03:02.544" endtime="20220816 10:03:02.988"/>
</kw>
<kw name="And pulo o tutorial" library="TutorialPage">
<kw name="Wait Until Element Is Visible" library="SeleniumLibrary">
<arg>${tutorial.pularTutorial}</arg>
<doc>Waits until the element ``locator`` is visible.</doc>
<status status="PASS" starttime="20220816 10:03:03.003" endtime="20220816 10:03:03.499"/>
</kw>
<kw name="Click Element" library="SeleniumLibrary">
<arg>${tutorial.pularTutorial}</arg>
<doc>Click the element identified by ``locator``.</doc>
<msg timestamp="20220816 10:03:03.508" level="INFO">Clicking element '//p[text()='PULAR TUTORIAL']'.</msg>
<status status="PASS" starttime="20220816 10:03:03.501" endtime="20220816 10:03:04.720"/>
</kw>
<status status="PASS" starttime="20220816 10:03:03.000" endtime="20220816 10:03:04.720"/>
</kw>
<kw name="And a tela inicial é exibida" library="TutorialPage">
<kw name="Wait Until Element Is Visible" library="SeleniumLibrary">
<arg>${tutorial.menu}</arg>
<arg>${TIMEOUT}</arg>
<doc>Waits until the element ``locator`` is visible.</doc>
<status status="PASS" starttime="20220816 10:03:04.726" endtime="20220816 10:03:05.177"/>
</kw>
<status status="PASS" starttime="20220816 10:03:04.723" endtime="20220816 10:03:05.178"/>
</kw>
<kw name="And clico na lupa do ar" library="ValidarARPage">
<kw name="Execute Javascript" library="SeleniumLibrary">
<arg>window.openWindow('device', '{"device":"livingroom/ac"}');</arg>
<doc>Executes the given JavaScript code with possible arguments.</doc>
<msg timestamp="20220816 10:03:05.213" level="INFO">Executing JavaScript:
window.openWindow('device', '{"device":"livingroom/ac"}');
Without any arguments.</msg>
<status status="PASS" starttime="20220816 10:03:05.181" endtime="20220816 10:03:05.840"/>
</kw>
<kw name="Sleep" library="BuiltIn">
<arg>5</arg>
<doc>Pauses the test executed for the given time.</doc>
<msg timestamp="20220816 10:03:10.842" level="INFO">Slept 5 seconds</msg>
<status status="PASS" starttime="20220816 10:03:05.841" endtime="20220816 10:03:10.842"/>
</kw>
<status status="PASS" starttime="20220816 10:03:05.180" endtime="20220816 10:03:10.842"/>
</kw>
<kw name="And clico ligar ar no SmartThings" library="LigarArPage">
<kw name="Click Element" library="SeleniumLibrary">
<arg>${st.smartthings}</arg>
<doc>Click the element identified by ``locator``.</doc>
<msg timestamp="20220816 10:03:11.372" level="INFO">Clicking element '(//div[@class='css-15vvhi4']//div)[3]'.</msg>
<status status="PASS" starttime="20220816 10:03:10.844" endtime="20220816 10:03:14.281"/>
</kw>
<status status="PASS" starttime="20220816 10:03:10.843" endtime="20220816 10:03:14.281"/>
</kw>
<kw name="And clico em ligar ar" library="LigarArPage">
<kw name="Select Frame" library="SeleniumLibrary">
<arg>${st.iframe}</arg>
<doc>Sets frame identified by ``locator`` as the current frame.</doc>
<msg timestamp="20220816 10:03:14.287" level="INFO">Selecting frame '//iframe[@id='iframe-content'][@title='smart-things']'.</msg>
<status status="PASS" starttime="20220816 10:03:14.284" endtime="20220816 10:03:18.058"/>
</kw>
<kw name="Wait Until Element Is Visible" library="SeleniumLibrary">
<arg>${st.powerbutton}</arg>
<arg>${TIMEOUT}</arg>
<doc>Waits until the element ``locator`` is visible.</doc>
<status status="PASS" starttime="20220816 10:03:18.058" endtime="20220816 10:03:22.388"/>
</kw>
<kw name="click with Javascript" library="LigarSBsalaPage">
<arg>${st.powerbutton}</arg>
<kw name="Get WebElement" library="SeleniumLibrary">
<var>${ele}</var>
<arg>${webElement}</arg>
<doc>Returns the first WebElement matching the given ``locator``.</doc>
<msg timestamp="20220816 10:03:24.074" level="INFO">${ele} = &lt;selenium.webdriver.remote.webelement.WebElement (session="4cd4bcb8812127105c10765f0c1c397b", element="5eb929cf-d255-4aea-8475-afd9233d8a7d")&gt;</msg>
<status status="PASS" starttime="20220816 10:03:22.391" endtime="20220816 10:03:24.074"/>
</kw>
<kw name="Execute Javascript" library="SeleniumLibrary">
<arg>arguments[0].click();</arg>
<arg>ARGUMENTS</arg>
<arg>${ele}</arg>
<doc>Executes the given JavaScript code with possible arguments.</doc>
<msg timestamp="20220816 10:03:24.077" level="INFO">Executing JavaScript:
arguments[0].click();
By using argument:
'&lt;selenium.webdriver.remote.webelement.WebElement (session="4cd4bcb8812127105c10765f0c1c397b", element="5eb929cf-d255-4aea-8475-afd9233d8a7d")&gt;'</msg>
<status status="PASS" starttime="20220816 10:03:24.075" endtime="20220816 10:03:24.474"/>
</kw>
<status status="PASS" starttime="20220816 10:03:22.389" endtime="20220816 10:03:24.474"/>
</kw>
<kw name="Unselect Frame" library="SeleniumLibrary">
<doc>Sets the main frame as the current frame.</doc>
<status status="PASS" starttime="20220816 10:03:24.475" endtime="20220816 10:03:24.809"/>
</kw>
<status status="PASS" starttime="20220816 10:03:14.283" endtime="20220816 10:03:24.809"/>
</kw>
<tag>test</tag>
<status status="PASS" starttime="20220816 10:02:52.526" endtime="20220816 10:03:24.810"/>
</test>
<test id="s1-s1-s3-t2" name="Scenario 2 - Ligar AR do quarto" line="18">
<kw name="And eu clico no icone mapa" library="MapaPage">
<kw name="Sleep" library="BuiltIn">
<arg>7</arg>
<doc>Pauses the test executed for the given time.</doc>
<msg timestamp="20220816 10:03:31.821" level="INFO">Slept 7 seconds</msg>
<status status="PASS" starttime="20220816 10:03:24.817" endtime="20220816 10:03:31.821"/>
</kw>
<kw name="Wait Until Element Is Visible" library="SeleniumLibrary">
<arg>${mapa.iconemapa}</arg>
<doc>Waits until the element ``locator`` is visible.</doc>
<status status="PASS" starttime="20220816 10:03:31.821" endtime="20220816 10:03:32.228"/>
</kw>
<kw name="Click Element" library="SeleniumLibrary">
<arg>${mapa.iconemapa}</arg>
<doc>Click the element identified by ``locator``.</doc>
<msg timestamp="20220816 10:03:32.230" level="INFO">Clicking element '//div[@class='css-13dls4l']//div[1]'.</msg>
<status status="PASS" starttime="20220816 10:03:32.228" endtime="20220816 10:03:33.159"/>
</kw>
<status status="PASS" starttime="20220816 10:03:24.814" endtime="20220816 10:03:33.160"/>
</kw>
<kw name="And vejo o mapa" library="MapaPage">
<kw name="Wait Until Element Is Visible" library="SeleniumLibrary">
<arg>${mapa.mapa}</arg>
<arg>${TIMEOUT}</arg>
<doc>Waits until the element ``locator`` is visible.</doc>
<status status="PASS" starttime="20220816 10:03:33.162" endtime="20220816 10:03:33.711"/>
</kw>
<status status="PASS" starttime="20220816 10:03:33.161" endtime="20220816 10:03:33.712"/>
</kw>
<kw name="And clico no comodo quarto" library="MapaPage">
<kw name="Wait Until Element Is Visible" library="SeleniumLibrary">
<arg>${mapa.mapaQuartoBoard}</arg>
<arg>${TIMEOUT}</arg>
<doc>Waits until the element ``locator`` is visible.</doc>
<status status="PASS" starttime="20220816 10:03:33.716" endtime="20220816 10:03:34.143"/>
</kw>
<kw name="Click Element" library="SeleniumLibrary">
<arg>${mapa.mapaQuartoBoard}</arg>
<doc>Click the element identified by ``locator``.</doc>
<msg timestamp="20220816 10:03:34.147" level="INFO">Clicking element 'map-space-bedroom'.</msg>
<status status="PASS" starttime="20220816 10:03:34.144" endtime="20220816 10:03:38.038"/>
</kw>
<status status="PASS" starttime="20220816 10:03:33.714" endtime="20220816 10:03:38.038"/>
</kw>
<kw name="And clico na lupa do ar do quarto" library="ValidarARPage">
<kw name="Execute Javascript" library="SeleniumLibrary">
<arg>window.openWindow('device', '{"device":"bedroom/ac"}');</arg>
<doc>Executes the given JavaScript code with possible arguments.</doc>
<msg timestamp="20220816 10:03:38.043" level="INFO">Executing JavaScript:
window.openWindow('device', '{"device":"bedroom/ac"}');
Without any arguments.</msg>
<status status="PASS" starttime="20220816 10:03:38.042" endtime="20220816 10:03:38.484"/>
</kw>
<kw name="Sleep" library="BuiltIn">
<arg>5</arg>
<doc>Pauses the test executed for the given time.</doc>
<msg timestamp="20220816 10:03:43.487" level="INFO">Slept 5 seconds</msg>
<status status="PASS" starttime="20220816 10:03:38.484" endtime="20220816 10:03:43.487"/>
</kw>
<status status="PASS" starttime="20220816 10:03:38.040" endtime="20220816 10:03:43.487"/>
</kw>
<kw name="And clico ligar ar no SmartThings" library="LigarArPage">
<kw name="Click Element" library="SeleniumLibrary">
<arg>${st.smartthings}</arg>
<doc>Click the element identified by ``locator``.</doc>
<msg timestamp="20220816 10:03:43.493" level="INFO">Clicking element '(//div[@class='css-15vvhi4']//div)[3]'.</msg>
<status status="PASS" starttime="20220816 10:03:43.490" endtime="20220816 10:03:45.719"/>
</kw>
<status status="PASS" starttime="20220816 10:03:43.489" endtime="20220816 10:03:45.720"/>
</kw>
<kw name="And clico em ligar ar" library="LigarArPage">
<kw name="Select Frame" library="SeleniumLibrary">
<arg>${st.iframe}</arg>
<doc>Sets frame identified by ``locator`` as the current frame.</doc>
<msg timestamp="20220816 10:03:45.726" level="INFO">Selecting frame '//iframe[@id='iframe-content'][@title='smart-things']'.</msg>
<status status="PASS" starttime="20220816 10:03:45.725" endtime="20220816 10:03:50.396"/>
</kw>
<kw name="Wait Until Element Is Visible" library="SeleniumLibrary">
<arg>${st.powerbutton}</arg>
<arg>${TIMEOUT}</arg>
<doc>Waits until the element ``locator`` is visible.</doc>
<status status="PASS" starttime="20220816 10:03:50.396" endtime="20220816 10:03:51.652"/>
</kw>
<kw name="click with Javascript" library="LigarSBsalaPage">
<arg>${st.powerbutton}</arg>
<kw name="Get WebElement" library="SeleniumLibrary">
<var>${ele}</var>
<arg>${webElement}</arg>
<doc>Returns the first WebElement matching the given ``locator``.</doc>
<msg timestamp="20220816 10:03:51.945" level="INFO">${ele} = &lt;selenium.webdriver.remote.webelement.WebElement (session="4cd4bcb8812127105c10765f0c1c397b", element="67faa1a0-4fba-4251-8bb8-2488b54f0773")&gt;</msg>
<status status="PASS" starttime="20220816 10:03:51.656" endtime="20220816 10:03:51.945"/>
</kw>
<kw name="Execute Javascript" library="SeleniumLibrary">
<arg>arguments[0].click();</arg>
<arg>ARGUMENTS</arg>
<arg>${ele}</arg>
<doc>Executes the given JavaScript code with possible arguments.</doc>
<msg timestamp="20220816 10:03:51.946" level="INFO">Executing JavaScript:
arguments[0].click();
By using argument:
'&lt;selenium.webdriver.remote.webelement.WebElement (session="4cd4bcb8812127105c10765f0c1c397b", element="67faa1a0-4fba-4251-8bb8-2488b54f0773")&gt;'</msg>
<status status="PASS" starttime="20220816 10:03:51.945" endtime="20220816 10:03:52.242"/>
</kw>
<status status="PASS" starttime="20220816 10:03:51.653" endtime="20220816 10:03:52.243"/>
</kw>
<kw name="Unselect Frame" library="SeleniumLibrary">
<doc>Sets the main frame as the current frame.</doc>
<status status="PASS" starttime="20220816 10:03:52.244" endtime="20220816 10:03:52.365"/>
</kw>
<status status="PASS" starttime="20220816 10:03:45.721" endtime="20220816 10:03:52.367"/>
</kw>
<tag>test</tag>
<status status="PASS" starttime="20220816 10:03:24.812" endtime="20220816 10:03:52.369"/>
</test>
<test id="s1-s1-s3-t3" name="Scenario 3 - Ligar AR do games" line="27">
<kw name="And clico na lupa do ar do games" library="ValidarARPage">
<kw name="Execute Javascript" library="SeleniumLibrary">
<arg>window.openWindow('device', '{"device":"gaming/ac"}');</arg>
<doc>Executes the given JavaScript code with possible arguments.</doc>
<msg timestamp="20220816 10:03:52.377" level="INFO">Executing JavaScript:
window.openWindow('device', '{"device":"gaming/ac"}');
Without any arguments.</msg>
<status status="PASS" starttime="20220816 10:03:52.376" endtime="20220816 10:03:52.669"/>
</kw>
<kw name="Sleep" library="BuiltIn">
<arg>5</arg>
<doc>Pauses the test executed for the given time.</doc>
<msg timestamp="20220816 10:03:57.673" level="INFO">Slept 5 seconds</msg>
<status status="PASS" starttime="20220816 10:03:52.670" endtime="20220816 10:03:57.674"/>
</kw>
<status status="PASS" starttime="20220816 10:03:52.375" endtime="20220816 10:03:57.674"/>
</kw>
<kw name="And clico ligar ar no SmartThings" library="LigarArPage">
<kw name="Click Element" library="SeleniumLibrary">
<arg>${st.smartthings}</arg>
<doc>Click the element identified by ``locator``.</doc>
<msg timestamp="20220816 10:03:57.682" level="INFO">Clicking element '(//div[@class='css-15vvhi4']//div)[3]'.</msg>
<status status="PASS" starttime="20220816 10:03:57.678" endtime="20220816 10:03:58.946"/>
</kw>
<status status="PASS" starttime="20220816 10:03:57.677" endtime="20220816 10:03:58.948"/>
</kw>
<kw name="And clico em ligar ar" library="LigarArPage">
<kw name="Select Frame" library="SeleniumLibrary">
<arg>${st.iframe}</arg>
<doc>Sets frame identified by ``locator`` as the current frame.</doc>
<msg timestamp="20220816 10:03:58.955" level="INFO">Selecting frame '//iframe[@id='iframe-content'][@title='smart-things']'.</msg>
<status status="PASS" starttime="20220816 10:03:58.951" endtime="20220816 10:04:07.937"/>
</kw>
<kw name="Wait Until Element Is Visible" library="SeleniumLibrary">
<arg>${st.powerbutton}</arg>
<arg>${TIMEOUT}</arg>
<doc>Waits until the element ``locator`` is visible.</doc>
<status status="PASS" starttime="20220816 10:04:07.938" endtime="20220816 10:04:09.057"/>
</kw>
<kw name="click with Javascript" library="LigarSBsalaPage">
<arg>${st.powerbutton}</arg>
<kw name="Get WebElement" library="SeleniumLibrary">
<var>${ele}</var>
<arg>${webElement}</arg>
<doc>Returns the first WebElement matching the given ``locator``.</doc>
<msg timestamp="20220816 10:04:09.302" level="INFO">${ele} = &lt;selenium.webdriver.remote.webelement.WebElement (session="4cd4bcb8812127105c10765f0c1c397b", element="b17d03a4-9c27-448b-91d4-eccf8c14b577")&gt;</msg>
<status status="PASS" starttime="20220816 10:04:09.064" endtime="20220816 10:04:09.303"/>
</kw>
<kw name="Execute Javascript" library="SeleniumLibrary">
<arg>arguments[0].click();</arg>
<arg>ARGUMENTS</arg>
<arg>${ele}</arg>
<doc>Executes the given JavaScript code with possible arguments.</doc>
<msg timestamp="20220816 10:04:09.305" level="INFO">Executing JavaScript:
arguments[0].click();
By using argument:
'&lt;selenium.webdriver.remote.webelement.WebElement (session="4cd4bcb8812127105c10765f0c1c397b", element="b17d03a4-9c27-448b-91d4-eccf8c14b577")&gt;'</msg>
<status status="PASS" starttime="20220816 10:04:09.303" endtime="20220816 10:04:09.540"/>
</kw>
<status status="PASS" starttime="20220816 10:04:09.058" endtime="20220816 10:04:09.541"/>
</kw>
<kw name="Unselect Frame" library="SeleniumLibrary">
<doc>Sets the main frame as the current frame.</doc>
<status status="PASS" starttime="20220816 10:04:09.541" endtime="20220816 10:04:09.710"/>
</kw>
<status status="PASS" starttime="20220816 10:03:58.949" endtime="20220816 10:04:09.710"/>
</kw>
<tag>test</tag>
<status status="PASS" starttime="20220816 10:03:52.372" endtime="20220816 10:04:09.713"/>
</test>
<test id="s1-s1-s3-t4" name="Scenario 4 - Ligar AR do escritorio" line="33">
<kw name="And clico na lupa do ar do escritorio" library="ValidarARPage">
<kw name="Execute Javascript" library="SeleniumLibrary">
<arg>window.openWindow('device', '{"device":"office/ac"}');</arg>
<doc>Executes the given JavaScript code with possible arguments.</doc>
<msg timestamp="20220816 10:04:09.721" level="INFO">Executing JavaScript:
window.openWindow('device', '{"device":"office/ac"}');
Without any arguments.</msg>
<status status="PASS" starttime="20220816 10:04:09.720" endtime="20220816 10:04:09.953"/>
</kw>
<kw name="Sleep" library="BuiltIn">
<arg>5</arg>
<doc>Pauses the test executed for the given time.</doc>
<msg timestamp="20220816 10:04:14.959" level="INFO">Slept 5 seconds</msg>
<status status="PASS" starttime="20220816 10:04:09.954" endtime="20220816 10:04:14.959"/>
</kw>
<status status="PASS" starttime="20220816 10:04:09.719" endtime="20220816 10:04:14.960"/>
</kw>
<kw name="And clico ligar ar no SmartThings" library="LigarArPage">
<kw name="Click Element" library="SeleniumLibrary">
<arg>${st.smartthings}</arg>
<doc>Click the element identified by ``locator``.</doc>
<msg timestamp="20220816 10:04:14.964" level="INFO">Clicking element '(//div[@class='css-15vvhi4']//div)[3]'.</msg>
<status status="PASS" starttime="20220816 10:04:14.962" endtime="20220816 10:04:16.041"/>
</kw>
<status status="PASS" starttime="20220816 10:04:14.961" endtime="20220816 10:04:16.041"/>
</kw>
<kw name="And clico em ligar ar" library="LigarArPage">
<kw name="Select Frame" library="SeleniumLibrary">
<arg>${st.iframe}</arg>
<doc>Sets frame identified by ``locator`` as the current frame.</doc>
<msg timestamp="20220816 10:04:16.050" level="INFO">Selecting frame '//iframe[@id='iframe-content'][@title='smart-things']'.</msg>
<status status="PASS" starttime="20220816 10:04:16.046" endtime="20220816 10:04:27.871"/>
</kw>
<kw name="Wait Until Element Is Visible" library="SeleniumLibrary">
<arg>${st.powerbutton}</arg>
<arg>${TIMEOUT}</arg>
<doc>Waits until the element ``locator`` is visible.</doc>
<status status="PASS" starttime="20220816 10:04:27.872" endtime="20220816 10:04:28.602"/>
</kw>
<kw name="click with Javascript" library="LigarSBsalaPage">
<arg>${st.powerbutton}</arg>
<kw name="Get WebElement" library="SeleniumLibrary">
<var>${ele}</var>
<arg>${webElement}</arg>
<doc>Returns the first WebElement matching the given ``locator``.</doc>
<msg timestamp="20220816 10:04:28.850" level="INFO">${ele} = &lt;selenium.webdriver.remote.webelement.WebElement (session="4cd4bcb8812127105c10765f0c1c397b", element="f17e9f21-9bc5-4088-a790-f9ae93beffca")&gt;</msg>
<status status="PASS" starttime="20220816 10:04:28.609" endtime="20220816 10:04:28.850"/>
</kw>
<kw name="Execute Javascript" library="SeleniumLibrary">
<arg>arguments[0].click();</arg>
<arg>ARGUMENTS</arg>
<arg>${ele}</arg>
<doc>Executes the given JavaScript code with possible arguments.</doc>
<msg timestamp="20220816 10:04:28.852" level="INFO">Executing JavaScript:
arguments[0].click();
By using argument:
'&lt;selenium.webdriver.remote.webelement.WebElement (session="4cd4bcb8812127105c10765f0c1c397b", element="f17e9f21-9bc5-4088-a790-f9ae93beffca")&gt;'</msg>
<status status="PASS" starttime="20220816 10:04:28.850" endtime="20220816 10:04:29.056"/>
</kw>
<status status="PASS" starttime="20220816 10:04:28.604" endtime="20220816 10:04:29.056"/>
</kw>
<kw name="Unselect Frame" library="SeleniumLibrary">
<doc>Sets the main frame as the current frame.</doc>
<status status="PASS" starttime="20220816 10:04:29.057" endtime="20220816 10:04:29.203"/>
</kw>
<status status="PASS" starttime="20220816 10:04:16.042" endtime="20220816 10:04:29.203"/>
</kw>
<tag>test</tag>
<status status="PASS" starttime="20220816 10:04:09.717" endtime="20220816 10:04:29.205"/>
</test>
<test id="s1-s1-s3-t5" name="Scenario 5 - Ligar AR da cozinha" line="39">
<kw name="And clico na lupa do ar da cozinha" library="ValidarARPage">
<kw name="Execute Javascript" library="SeleniumLibrary">
<arg>window.openWindow('device', '{"device":"kitchen/ac"}');</arg>
<doc>Executes the given JavaScript code with possible arguments.</doc>
<msg timestamp="20220816 10:04:29.212" level="INFO">Executing JavaScript:
window.openWindow('device', '{"device":"kitchen/ac"}');
Without any arguments.</msg>
<status status="PASS" starttime="20220816 10:04:29.211" endtime="20220816 10:04:29.473"/>
</kw>
<kw name="Sleep" library="BuiltIn">
<arg>5</arg>
<doc>Pauses the test executed for the given time.</doc>
<msg timestamp="20220816 10:04:34.486" level="INFO">Slept 5 seconds</msg>
<status status="PASS" starttime="20220816 10:04:29.475" endtime="20220816 10:04:34.486"/>
</kw>
<status status="PASS" starttime="20220816 10:04:29.210" endtime="20220816 10:04:34.487"/>
</kw>
<kw name="And clico ligar ar no SmartThings" library="LigarArPage">
<kw name="Click Element" library="SeleniumLibrary">
<arg>${st.smartthings}</arg>
<doc>Click the element identified by ``locator``.</doc>
<msg timestamp="20220816 10:04:34.495" level="INFO">Clicking element '(//div[@class='css-15vvhi4']//div)[3]'.</msg>
<status status="PASS" starttime="20220816 10:04:34.492" endtime="20220816 10:04:35.547"/>
</kw>
<status status="PASS" starttime="20220816 10:04:34.489" endtime="20220816 10:04:35.548"/>
</kw>
<kw name="And clico em ligar ar" library="LigarArPage">
<kw name="Select Frame" library="SeleniumLibrary">
<arg>${st.iframe}</arg>
<doc>Sets frame identified by ``locator`` as the current frame.</doc>
<msg timestamp="20220816 10:04:35.553" level="INFO">Selecting frame '//iframe[@id='iframe-content'][@title='smart-things']'.</msg>
<status status="PASS" starttime="20220816 10:04:35.550" endtime="20220816 10:04:41.065"/>
</kw>
<kw name="Wait Until Element Is Visible" library="SeleniumLibrary">
<arg>${st.powerbutton}</arg>
<arg>${TIMEOUT}</arg>
<doc>Waits until the element ``locator`` is visible.</doc>
<status status="PASS" starttime="20220816 10:04:41.065" endtime="20220816 10:04:42.193"/>
</kw>
<kw name="click with Javascript" library="LigarSBsalaPage">
<arg>${st.powerbutton}</arg>
<kw name="Get WebElement" library="SeleniumLibrary">
<var>${ele}</var>
<arg>${webElement}</arg>
<doc>Returns the first WebElement matching the given ``locator``.</doc>
<msg timestamp="20220816 10:04:42.404" level="INFO">${ele} = &lt;selenium.webdriver.remote.webelement.WebElement (session="4cd4bcb8812127105c10765f0c1c397b", element="d1c8edcc-73e3-49b1-b7cb-997abf0e9515")&gt;</msg>
<status status="PASS" starttime="20220816 10:04:42.195" endtime="20220816 10:04:42.404"/>
</kw>
<kw name="Execute Javascript" library="SeleniumLibrary">
<arg>arguments[0].click();</arg>
<arg>ARGUMENTS</arg>
<arg>${ele}</arg>
<doc>Executes the given JavaScript code with possible arguments.</doc>
<msg timestamp="20220816 10:04:42.406" level="INFO">Executing JavaScript:
arguments[0].click();
By using argument:
'&lt;selenium.webdriver.remote.webelement.WebElement (session="4cd4bcb8812127105c10765f0c1c397b", element="d1c8edcc-73e3-49b1-b7cb-997abf0e9515")&gt;'</msg>
<status status="PASS" starttime="20220816 10:04:42.404" endtime="20220816 10:04:42.735"/>
</kw>
<status status="PASS" starttime="20220816 10:04:42.193" endtime="20220816 10:04:42.735"/>
</kw>
<kw name="Unselect Frame" library="SeleniumLibrary">
<doc>Sets the main frame as the current frame.</doc>
<status status="PASS" starttime="20220816 10:04:42.735" endtime="20220816 10:04:42.864"/>
</kw>
<status status="PASS" starttime="20220816 10:04:35.549" endtime="20220816 10:04:42.865"/>
</kw>
<tag>test</tag>
<status status="PASS" starttime="20220816 10:04:29.208" endtime="20220816 10:04:42.866"/>
</test>
<kw name="Close Session" library="BasePage" type="TEARDOWN">
<kw name="Capture Page Screenshot" library="SeleniumLibrary">
<doc>Takes a screenshot of the current page and embeds it into a log file.</doc>
<msg timestamp="20220816 10:04:44.165" level="INFO" html="true">&lt;/td&gt;&lt;/tr&gt;&lt;tr&gt;&lt;td colspan="3"&gt;&lt;a href="selenium-screenshot-4.png"&gt;&lt;img src="selenium-screenshot-4.png" width="800px"&gt;&lt;/a&gt;</msg>
<status status="PASS" starttime="20220816 10:04:42.871" endtime="20220816 10:04:44.165"/>
</kw>
<kw name="Close Browser" library="SeleniumLibrary">
<doc>Closes the current browser.</doc>
<status status="PASS" starttime="20220816 10:04:44.165" endtime="20220816 10:04:47.101"/>
</kw>
<status status="PASS" starttime="20220816 10:04:42.868" endtime="20220816 10:04:47.102"/>
</kw>
<status status="PASS" starttime="20220816 10:02:41.601" endtime="20220816 10:04:47.102"/>
</suite>
<suite id="s1-s1-s4" name="ligarMonitorgames" source="C:\ProjetoVRHome\RobotXpert\Tests\ligarMonitorgames.robot">
<kw name="Start Session" library="BasePage" type="SETUP">
<kw name="Open Browser" library="SeleniumLibrary">
<arg>about:blank</arg>
<arg>${BROWSER}</arg>
<doc>Opens a new browser instance to the optional ``url``.</doc>
<msg timestamp="20220816 10:04:47.170" level="INFO">Opening browser 'Chrome' to base url 'about:blank'.</msg>
<status status="PASS" starttime="20220816 10:04:47.170" endtime="20220816 10:04:48.446"/>
</kw>
<kw name="Go To" library="SeleniumLibrary">
<arg>${BASEURL}</arg>
<doc>Navigates the current browser window to the provided ``url``.</doc>
<msg timestamp="20220816 10:04:48.447" level="INFO">Opening url 'https://d2fnnoijlny9vq.cloudfront.net/?sub=seda'</msg>
<status status="PASS" starttime="20220816 10:04:48.446" endtime="20220816 10:04:52.652"/>
</kw>
<kw name="Get Title" library="SeleniumLibrary">
<var>${PageTitle}</var>
<doc>Returns the title of the current page.</doc>
<msg timestamp="20220816 10:04:52.803" level="INFO">${PageTitle} = Samsung Smart Home</msg>
<status status="PASS" starttime="20220816 10:04:52.653" endtime="20220816 10:04:52.803"/>
</kw>
<kw name="Log" library="BuiltIn">
<arg>${PageTitle}</arg>
<doc>Logs the given message with the given level.</doc>
<msg timestamp="20220816 10:04:52.804" level="INFO">Samsung Smart Home</msg>
<status status="PASS" starttime="20220816 10:04:52.804" endtime="20220816 10:04:52.804"/>
</kw>
<kw name="Maximize Browser Window" library="SeleniumLibrary">
<doc>Maximizes current browser window.</doc>
<status status="PASS" starttime="20220816 10:04:52.805" endtime="20220816 10:04:52.984"/>
</kw>
<kw name="Sleep" library="BuiltIn">
<arg>6</arg>
<doc>Pauses the test executed for the given time.</doc>
<msg timestamp="20220816 10:04:58.993" level="INFO">Slept 6 seconds</msg>
<status status="PASS" starttime="20220816 10:04:52.985" endtime="20220816 10:04:58.993"/>
</kw>
<status status="PASS" starttime="20220816 10:04:47.169" endtime="20220816 10:04:58.993"/>
</kw>
<test id="s1-s1-s4-t1" name="Scenario 1 - Ligar Monitor no games" line="8">
<kw name="Given acesso a pagina" library="MapaPage">
<kw name="Sleep" library="BuiltIn">
<arg>10</arg>
<doc>Pauses the test executed for the given time.</doc>
<msg timestamp="20220816 10:05:09.001" level="INFO">Slept 10 seconds</msg>
<status status="PASS" starttime="20220816 10:04:58.995" endtime="20220816 10:05:09.002"/>
</kw>
<status status="PASS" starttime="20220816 10:04:58.994" endtime="20220816 10:05:09.003"/>
</kw>
<kw name="And verifico a pagina inicial" library="MapaPage">
<kw name="Wait Until Element Is Visible" library="SeleniumLibrary">
<arg>${mapa.samImg}</arg>
<arg>${TIMEOUT}</arg>
<doc>Waits until the element ``locator`` is visible.</doc>
<status status="PASS" starttime="20220816 10:05:09.007" endtime="20220816 10:05:09.555"/>
</kw>
<status status="PASS" starttime="20220816 10:05:09.006" endtime="20220816 10:05:09.556"/>
</kw>
<kw name="And pulo o tutorial" library="TutorialPage">
<kw name="Wait Until Element Is Visible" library="SeleniumLibrary">
<arg>${tutorial.pularTutorial}</arg>
<doc>Waits until the element ``locator`` is visible.</doc>
<status status="PASS" starttime="20220816 10:05:09.557" endtime="20220816 10:05:10.100"/>
</kw>
<kw name="Click Element" library="SeleniumLibrary">
<arg>${tutorial.pularTutorial}</arg>
<doc>Click the element identified by ``locator``.</doc>
<msg timestamp="20220816 10:05:10.103" level="INFO">Clicking element '//p[text()='PULAR TUTORIAL']'.</msg>
<status status="PASS" starttime="20220816 10:05:10.100" endtime="20220816 10:05:11.730"/>
</kw>
<status status="PASS" starttime="20220816 10:05:09.556" endtime="20220816 10:05:11.731"/>
</kw>
<kw name="And a tela inicial é exibida" library="TutorialPage">
<kw name="Wait Until Element Is Visible" library="SeleniumLibrary">
<arg>${tutorial.menu}</arg>
<arg>${TIMEOUT}</arg>
<doc>Waits until the element ``locator`` is visible.</doc>
<status status="PASS" starttime="20220816 10:05:11.735" endtime="20220816 10:05:12.107"/>
</kw>
<status status="PASS" starttime="20220816 10:05:11.734" endtime="20220816 10:05:12.108"/>
</kw>
<kw name="And eu clico no icone mapa" library="MapaPage">
<kw name="Sleep" library="BuiltIn">
<arg>7</arg>
<doc>Pauses the test executed for the given time.</doc>
<msg timestamp="20220816 10:05:19.114" level="INFO">Slept 7 seconds</msg>
<status status="PASS" starttime="20220816 10:05:12.111" endtime="20220816 10:05:19.115"/>
</kw>
<kw name="Wait Until Element Is Visible" library="SeleniumLibrary">
<arg>${mapa.iconemapa}</arg>
<doc>Waits until the element ``locator`` is visible.</doc>
<status status="PASS" starttime="20220816 10:05:19.118" endtime="20220816 10:05:20.686"/>
</kw>
<kw name="Click Element" library="SeleniumLibrary">
<arg>${mapa.iconemapa}</arg>
<doc>Click the element identified by ``locator``.</doc>
<msg timestamp="20220816 10:05:20.690" level="INFO">Clicking element '//div[@class='css-13dls4l']//div[1]'.</msg>
<status status="PASS" starttime="20220816 10:05:20.686" endtime="20220816 10:05:21.717"/>
</kw>
<status status="PASS" starttime="20220816 10:05:12.110" endtime="20220816 10:05:21.717"/>
</kw>
<kw name="And vejo o mapa" library="MapaPage">
<kw name="Wait Until Element Is Visible" library="SeleniumLibrary">
<arg>${mapa.mapa}</arg>
<arg>${TIMEOUT}</arg>
<doc>Waits until the element ``locator`` is visible.</doc>
<status status="PASS" starttime="20220816 10:05:21.720" endtime="20220816 10:05:22.187"/>
</kw>
<status status="PASS" starttime="20220816 10:05:21.719" endtime="20220816 10:05:22.189"/>
</kw>
<kw name="And clico no comodo gaming" library="MapaPage">
<kw name="Wait Until Element Is Visible" library="SeleniumLibrary">
<arg>${mapa.salaJogosBoard}</arg>
<arg>${TIMEOUT}</arg>
<doc>Waits until the element ``locator`` is visible.</doc>
<status status="PASS" starttime="20220816 10:05:22.192" endtime="20220816 10:05:22.647"/>
</kw>
<kw name="Click Element" library="SeleniumLibrary">
<arg>${mapa.salaJogosBoard}</arg>
<doc>Click the element identified by ``locator``.</doc>
<msg timestamp="20220816 10:05:22.651" level="INFO">Clicking element 'map-space-gaming'.</msg>
<status status="PASS" starttime="20220816 10:05:22.648" endtime="20220816 10:05:26.127"/>
</kw>
<status status="PASS" starttime="20220816 10:05:22.190" endtime="20220816 10:05:26.128"/>
</kw>
<kw name="And clico na lupa do monitor do games" library="ValidarMonitorGamesPage">
<kw name="Execute Javascript" library="SeleniumLibrary">
<arg>window.openWindow('device', '{"device":"gaming/odyssey"}');</arg>
<doc>Executes the given JavaScript code with possible arguments.</doc>
<msg timestamp="20220816 10:05:26.134" level="INFO">Executing JavaScript:
window.openWindow('device', '{"device":"gaming/odyssey"}');
Without any arguments.</msg>
<status status="PASS" starttime="20220816 10:05:26.132" endtime="20220816 10:05:26.395"/>
</kw>
<kw name="Sleep" library="BuiltIn">
<arg>5</arg>
<doc>Pauses the test executed for the given time.</doc>
<msg timestamp="20220816 10:05:31.406" level="INFO">Slept 5 seconds</msg>
<status status="PASS" starttime="20220816 10:05:26.396" endtime="20220816 10:05:31.407"/>
</kw>
<status status="PASS" starttime="20220816 10:05:26.130" endtime="20220816 10:05:31.407"/>
</kw>
<kw name="And clico Abrir no SmartThings" library="LigarSBsalaPage">
<kw name="Wait Until Element Is Visible" library="SeleniumLibrary">
<arg>${st.smartthings}</arg>
<doc>Waits until the element ``locator`` is visible.</doc>
<status status="PASS" starttime="20220816 10:05:31.411" endtime="20220816 10:05:31.832"/>
</kw>
<kw name="Click Element" library="SeleniumLibrary">
<arg>${st.smartthings}</arg>
<doc>Click the element identified by ``locator``.</doc>
<msg timestamp="20220816 10:05:31.834" level="INFO">Clicking element '(//div[@class='css-15vvhi4']//div)[3]'.</msg>
<status status="PASS" starttime="20220816 10:05:31.832" endtime="20220816 10:05:32.938"/>
</kw>
<status status="PASS" starttime="20220816 10:05:31.409" endtime="20220816 10:05:32.939"/>
</kw>
<kw name="And clico em ligar Monitor do games" library="ValidarMonitorGamesPage">
<kw name="Select Frame" library="SeleniumLibrary">
<arg>${st.iframe}</arg>
<doc>Sets frame identified by ``locator`` as the current frame.</doc>
<msg timestamp="20220816 10:05:32.944" level="INFO">Selecting frame '//iframe[@id='iframe-content'][@title='smart-things']'.</msg>
<status status="PASS" starttime="20220816 10:05:32.942" endtime="20220816 10:05:35.530"/>
</kw>
<kw name="Wait Until Element Is Visible" library="SeleniumLibrary">
<arg>${st.powerbutton}</arg>
<arg>${TIMEOUT}</arg>
<doc>Waits until the element ``locator`` is visible.</doc>
<status status="PASS" starttime="20220816 10:05:35.531" endtime="20220816 10:05:36.288"/>
</kw>
<kw name="click with Javascript" library="LigarSBsalaPage">
<arg>${st.powerbutton}</arg>
<kw name="Get WebElement" library="SeleniumLibrary">
<var>${ele}</var>
<arg>${webElement}</arg>
<doc>Returns the first WebElement matching the given ``locator``.</doc>
<msg timestamp="20220816 10:05:36.621" level="INFO">${ele} = &lt;selenium.webdriver.remote.webelement.WebElement (session="9cadd1607c8c9214e36abdf555b04f28", element="9c19e123-8b09-4ad1-b7df-6758d236fcd4")&gt;</msg>
<status status="PASS" starttime="20220816 10:05:36.292" endtime="20220816 10:05:36.621"/>
</kw>
<kw name="Execute Javascript" library="SeleniumLibrary">
<arg>arguments[0].click();</arg>
<arg>ARGUMENTS</arg>
<arg>${ele}</arg>
<doc>Executes the given JavaScript code with possible arguments.</doc>
<msg timestamp="20220816 10:05:36.624" level="INFO">Executing JavaScript:
arguments[0].click();
By using argument:
'&lt;selenium.webdriver.remote.webelement.WebElement (session="9cadd1607c8c9214e36abdf555b04f28", element="9c19e123-8b09-4ad1-b7df-6758d236fcd4")&gt;'</msg>
<status status="PASS" starttime="20220816 10:05:36.622" endtime="20220816 10:05:36.817"/>
</kw>
<status status="PASS" starttime="20220816 10:05:36.288" endtime="20220816 10:05:36.817"/>
</kw>
<kw name="Unselect Frame" library="SeleniumLibrary">
<doc>Sets the main frame as the current frame.</doc>
<status status="PASS" starttime="20220816 10:05:36.818" endtime="20220816 10:05:36.956"/>
</kw>
<status status="PASS" starttime="20220816 10:05:32.940" endtime="20220816 10:05:36.956"/>
</kw>
<kw name="Then mensagem de missao concluida é exibida" library="LigarSBsalaPage">
<kw name="Wait Until Element Is Visible" library="SeleniumLibrary">
<arg>${st.toast}</arg>
<arg>${TIMEOUT}</arg>
<doc>Waits until the element ``locator`` is visible.</doc>
<status status="PASS" starttime="20220816 10:05:36.959" endtime="20220816 10:05:38.595"/>
</kw>
<status status="PASS" starttime="20220816 10:05:36.958" endtime="20220816 10:05:38.595"/>
</kw>
<tag>test</tag>
<status status="PASS" starttime="20220816 10:04:58.993" endtime="20220816 10:05:38.596"/>
</test>
<kw name="Close Session" library="BasePage" type="TEARDOWN">
<kw name="Capture Page Screenshot" library="SeleniumLibrary">
<doc>Takes a screenshot of the current page and embeds it into a log file.</doc>
<msg timestamp="20220816 10:05:39.527" level="INFO" html="true">&lt;/td&gt;&lt;/tr&gt;&lt;tr&gt;&lt;td colspan="3"&gt;&lt;a href="selenium-screenshot-5.png"&gt;&lt;img src="selenium-screenshot-5.png" width="800px"&gt;&lt;/a&gt;</msg>
<status status="PASS" starttime="20220816 10:05:38.601" endtime="20220816 10:05:39.528"/>
</kw>
<kw name="Close Browser" library="SeleniumLibrary">
<doc>Closes the current browser.</doc>
<status status="PASS" starttime="20220816 10:05:39.530" endtime="20220816 10:05:42.525"/>
</kw>
<status status="PASS" starttime="20220816 10:05:38.600" endtime="20220816 10:05:42.525"/>
</kw>
<status status="PASS" starttime="20220816 10:04:47.111" endtime="20220816 10:05:42.525"/>
</suite>
<suite id="s1-s1-s5" name="ligarSBsala" source="C:\ProjetoVRHome\RobotXpert\Tests\ligarSBsala.robot">
<kw name="Start Session" library="BasePage" type="SETUP">
<kw name="Open Browser" library="SeleniumLibrary">
<arg>about:blank</arg>
<arg>${BROWSER}</arg>
<doc>Opens a new browser instance to the optional ``url``.</doc>
<msg timestamp="20220816 10:05:42.563" level="INFO">Opening browser 'Chrome' to base url 'about:blank'.</msg>
<status status="PASS" starttime="20220816 10:05:42.563" endtime="20220816 10:05:45.260"/>
</kw>
<kw name="Go To" library="SeleniumLibrary">
<arg>${BASEURL}</arg>
<doc>Navigates the current browser window to the provided ``url``.</doc>
<msg timestamp="20220816 10:05:45.261" level="INFO">Opening url 'https://d2fnnoijlny9vq.cloudfront.net/?sub=seda'</msg>
<status status="PASS" starttime="20220816 10:05:45.261" endtime="20220816 10:05:48.096"/>
</kw>
<kw name="Get Title" library="SeleniumLibrary">
<var>${PageTitle}</var>
<doc>Returns the title of the current page.</doc>
<msg timestamp="20220816 10:05:48.133" level="INFO">${PageTitle} = Samsung Smart Home</msg>
<status status="PASS" starttime="20220816 10:05:48.096" endtime="20220816 10:05:48.133"/>
</kw>
<kw name="Log" library="BuiltIn">
<arg>${PageTitle}</arg>
<doc>Logs the given message with the given level.</doc>
<msg timestamp="20220816 10:05:48.134" level="INFO">Samsung Smart Home</msg>
<status status="PASS" starttime="20220816 10:05:48.133" endtime="20220816 10:05:48.134"/>
</kw>
<kw name="Maximize Browser Window" library="SeleniumLibrary">
<doc>Maximizes current browser window.</doc>
<status status="PASS" starttime="20220816 10:05:48.134" endtime="20220816 10:05:48.822"/>
</kw>
<kw name="Sleep" library="BuiltIn">
<arg>6</arg>
<doc>Pauses the test executed for the given time.</doc>
<msg timestamp="20220816 10:05:54.824" level="INFO">Slept 6 seconds</msg>
<status status="PASS" starttime="20220816 10:05:48.822" endtime="20220816 10:05:54.824"/>
</kw>
<status status="PASS" starttime="20220816 10:05:42.562" endtime="20220816 10:05:54.824"/>
</kw>
<test id="s1-s1-s5-t1" name="Scenario 1 - Ligar Soundbar da sala" line="8">
<kw name="Given acesso a pagina" library="MapaPage">
<kw name="Sleep" library="BuiltIn">
<arg>10</arg>
<doc>Pauses the test executed for the given time.</doc>
<msg timestamp="20220816 10:06:04.839" level="INFO">Slept 10 seconds</msg>
<status status="PASS" starttime="20220816 10:05:54.826" endtime="20220816 10:06:04.840"/>
</kw>
<status status="PASS" starttime="20220816 10:05:54.826" endtime="20220816 10:06:04.840"/>
</kw>
<kw name="And verifico a pagina inicial" library="MapaPage">
<kw name="Wait Until Element Is Visible" library="SeleniumLibrary">
<arg>${mapa.samImg}</arg>
<arg>${TIMEOUT}</arg>
<doc>Waits until the element ``locator`` is visible.</doc>
<status status="PASS" starttime="20220816 10:06:04.844" endtime="20220816 10:06:05.253"/>
</kw>
<status status="PASS" starttime="20220816 10:06:04.842" endtime="20220816 10:06:05.254"/>
</kw>
<kw name="And pulo o tutorial" library="TutorialPage">
<kw name="Wait Until Element Is Visible" library="SeleniumLibrary">
<arg>${tutorial.pularTutorial}</arg>
<doc>Waits until the element ``locator`` is visible.</doc>
<status status="PASS" starttime="20220816 10:06:05.257" endtime="20220816 10:06:05.799"/>
</kw>
<kw name="Click Element" library="SeleniumLibrary">
<arg>${tutorial.pularTutorial}</arg>
<doc>Click the element identified by ``locator``.</doc>
<msg timestamp="20220816 10:06:05.805" level="INFO">Clicking element '//p[text()='PULAR TUTORIAL']'.</msg>
<status status="PASS" starttime="20220816 10:06:05.800" endtime="20220816 10:06:07.277"/>
</kw>
<status status="PASS" starttime="20220816 10:06:05.255" endtime="20220816 10:06:07.278"/>
</kw>
<kw name="And a tela inicial é exibida" library="TutorialPage">
<kw name="Wait Until Element Is Visible" library="SeleniumLibrary">
<arg>${tutorial.menu}</arg>
<arg>${TIMEOUT}</arg>
<doc>Waits until the element ``locator`` is visible.</doc>
<status status="PASS" starttime="20220816 10:06:07.281" endtime="20220816 10:06:07.527"/>
</kw>
<status status="PASS" starttime="20220816 10:06:07.280" endtime="20220816 10:06:07.527"/>
</kw>
<kw name="And clico na lupa da soundbar" library="LigarSBsalaPage">
<kw name="Execute Javascript" library="SeleniumLibrary">
<arg>window.openWindow('device', '{"device":"livingroom/sb"}');</arg>
<doc>Executes the given JavaScript code with possible arguments.</doc>
<msg timestamp="20220816 10:06:07.532" level="INFO">Executing JavaScript:
window.openWindow('device', '{"device":"livingroom/sb"}');
Without any arguments.</msg>
<status status="PASS" starttime="20220816 10:06:07.529" endtime="20220816 10:06:07.785"/>
</kw>
<kw name="Sleep" library="BuiltIn">
<arg>5</arg>
<doc>Pauses the test executed for the given time.</doc>
<msg timestamp="20220816 10:06:12.790" level="INFO">Slept 5 seconds</msg>
<status status="PASS" starttime="20220816 10:06:07.785" endtime="20220816 10:06:12.790"/>
</kw>
<status status="PASS" starttime="20220816 10:06:07.528" endtime="20220816 10:06:12.791"/>
</kw>
<kw name="And clico Abrir no SmartThings" library="LigarSBsalaPage">
<kw name="Wait Until Element Is Visible" library="SeleniumLibrary">
<arg>${st.smartthings}</arg>
<doc>Waits until the element ``locator`` is visible.</doc>
<status status="PASS" starttime="20220816 10:06:12.795" endtime="20220816 10:06:13.240"/>
</kw>
<kw name="Click Element" library="SeleniumLibrary">
<arg>${st.smartthings}</arg>
<doc>Click the element identified by ``locator``.</doc>
<msg timestamp="20220816 10:06:13.243" level="INFO">Clicking element '(//div[@class='css-15vvhi4']//div)[3]'.</msg>
<status status="PASS" starttime="20220816 10:06:13.241" endtime="20220816 10:06:15.077"/>
</kw>
<status status="PASS" starttime="20220816 10:06:12.794" endtime="20220816 10:06:15.078"/>
</kw>
<kw name="And clico em ligar soundbar" library="LigarSBsalaPage">
<kw name="Select Frame" library="SeleniumLibrary">
<arg>${st.iframe}</arg>
<doc>Sets frame identified by ``locator`` as the current frame.</doc>
<msg timestamp="20220816 10:06:15.083" level="INFO">Selecting frame '//iframe[@id='iframe-content'][@title='smart-things']'.</msg>
<status status="PASS" starttime="20220816 10:06:15.080" endtime="20220816 10:06:20.877"/>
</kw>
<kw name="Wait Until Element Is Visible" library="SeleniumLibrary">
<arg>${st.powerbutton}</arg>
<arg>${TIMEOUT}</arg>
<doc>Waits until the element ``locator`` is visible.</doc>
<status status="PASS" starttime="20220816 10:06:20.877" endtime="20220816 10:06:21.550"/>
</kw>
<kw name="click with Javascript" library="LigarSBsalaPage">
<arg>${st.powerbutton}</arg>
<kw name="Get WebElement" library="SeleniumLibrary">
<var>${ele}</var>
<arg>${webElement}</arg>
<doc>Returns the first WebElement matching the given ``locator``.</doc>
<msg timestamp="20220816 10:06:21.766" level="INFO">${ele} = &lt;selenium.webdriver.remote.webelement.WebElement (session="a9e657a4090ceae86ba83349de09f666", element="17488e92-3461-4a69-8023-f9481a4280cd")&gt;</msg>
<status status="PASS" starttime="20220816 10:06:21.552" endtime="20220816 10:06:21.766"/>
</kw>
<kw name="Execute Javascript" library="SeleniumLibrary">
<arg>arguments[0].click();</arg>
<arg>ARGUMENTS</arg>
<arg>${ele}</arg>
<doc>Executes the given JavaScript code with possible arguments.</doc>
<msg timestamp="20220816 10:06:21.775" level="INFO">Executing JavaScript:
arguments[0].click();
By using argument:
'&lt;selenium.webdriver.remote.webelement.WebElement (session="a9e657a4090ceae86ba83349de09f666", element="17488e92-3461-4a69-8023-f9481a4280cd")&gt;'</msg>
<status status="PASS" starttime="20220816 10:06:21.767" endtime="20220816 10:06:22.014"/>
</kw>
<status status="PASS" starttime="20220816 10:06:21.550" endtime="20220816 10:06:22.014"/>
</kw>
<kw name="Unselect Frame" library="SeleniumLibrary">
<doc>Sets the main frame as the current frame.</doc>
<status status="PASS" starttime="20220816 10:06:22.015" endtime="20220816 10:06:22.159"/>
</kw>
<status status="PASS" starttime="20220816 10:06:15.080" endtime="20220816 10:06:22.160"/>
</kw>
<kw name="Then mensagem de missao concluida é exibida" library="LigarSBsalaPage">
<kw name="Wait Until Element Is Visible" library="SeleniumLibrary">
<arg>${st.toast}</arg>
<arg>${TIMEOUT}</arg>
<doc>Waits until the element ``locator`` is visible.</doc>
<status status="PASS" starttime="20220816 10:06:22.163" endtime="20220816 10:06:25.043"/>
</kw>
<status status="PASS" starttime="20220816 10:06:22.162" endtime="20220816 10:06:25.044"/>
</kw>
<tag>test</tag>
<status status="PASS" starttime="20220816 10:05:54.824" endtime="20220816 10:06:25.045"/>
</test>
<kw name="Close Session" library="BasePage" type="TEARDOWN">
<kw name="Capture Page Screenshot" library="SeleniumLibrary">
<doc>Takes a screenshot of the current page and embeds it into a log file.</doc>
<msg timestamp="20220816 10:06:27.545" level="INFO" html="true">&lt;/td&gt;&lt;/tr&gt;&lt;tr&gt;&lt;td colspan="3"&gt;&lt;a href="selenium-screenshot-6.png"&gt;&lt;img src="selenium-screenshot-6.png" width="800px"&gt;&lt;/a&gt;</msg>
<status status="PASS" starttime="20220816 10:06:25.050" endtime="20220816 10:06:27.545"/>
</kw>
<kw name="Close Browser" library="SeleniumLibrary">
<doc>Closes the current browser.</doc>
<status status="PASS" starttime="20220816 10:06:27.545" endtime="20220816 10:06:30.851"/>
</kw>
<status status="PASS" starttime="20220816 10:06:25.049" endtime="20220816 10:06:30.851"/>
</kw>
<status status="PASS" starttime="20220816 10:05:42.528" endtime="20220816 10:06:30.851"/>
</suite>
<suite id="s1-s1-s6" name="ligarST" source="C:\ProjetoVRHome\RobotXpert\Tests\ligarST.robot">
<kw name="Start Session" library="BasePage" type="SETUP">
<kw name="Open Browser" library="SeleniumLibrary">
<arg>about:blank</arg>
<arg>${BROWSER}</arg>
<doc>Opens a new browser instance to the optional ``url``.</doc>
<msg timestamp="20220816 10:06:30.897" level="INFO">Opening browser 'Chrome' to base url 'about:blank'.</msg>
<status status="PASS" starttime="20220816 10:06:30.897" endtime="20220816 10:06:33.601"/>
</kw>
<kw name="Go To" library="SeleniumLibrary">
<arg>${BASEURL}</arg>
<doc>Navigates the current browser window to the provided ``url``.</doc>
<msg timestamp="20220816 10:06:33.602" level="INFO">Opening url 'https://d2fnnoijlny9vq.cloudfront.net/?sub=seda'</msg>
<status status="PASS" starttime="20220816 10:06:33.602" endtime="20220816 10:06:37.190"/>
</kw>
<kw name="Get Title" library="SeleniumLibrary">
<var>${PageTitle}</var>
<doc>Returns the title of the current page.</doc>
<msg timestamp="20220816 10:06:37.242" level="INFO">${PageTitle} = Samsung Smart Home</msg>
<status status="PASS" starttime="20220816 10:06:37.190" endtime="20220816 10:06:37.242"/>
</kw>
<kw name="Log" library="BuiltIn">
<arg>${PageTitle}</arg>
<doc>Logs the given message with the given level.</doc>
<msg timestamp="20220816 10:06:37.243" level="INFO">Samsung Smart Home</msg>
<status status="PASS" starttime="20220816 10:06:37.242" endtime="20220816 10:06:37.243"/>
</kw>
<kw name="Maximize Browser Window" library="SeleniumLibrary">
<doc>Maximizes current browser window.</doc>
<status status="PASS" starttime="20220816 10:06:37.243" endtime="20220816 10:06:37.958"/>
</kw>
<kw name="Sleep" library="BuiltIn">
<arg>6</arg>
<doc>Pauses the test executed for the given time.</doc>
<msg timestamp="20220816 10:06:43.968" level="INFO">Slept 6 seconds</msg>
<status status="PASS" starttime="20220816 10:06:37.960" endtime="20220816 10:06:43.968"/>
</kw>
<status status="PASS" starttime="20220816 10:06:30.896" endtime="20220816 10:06:43.968"/>
</kw>
<test id="s1-s1-s6-t1" name="Scenario 1 - Ligar Soundtower da academia" line="8">
<kw name="Given acesso a pagina" library="MapaPage">
<kw name="Sleep" library="BuiltIn">
<arg>10</arg>
<doc>Pauses the test executed for the given time.</doc>
<msg timestamp="20220816 10:06:53.974" level="INFO">Slept 10 seconds</msg>
<status status="PASS" starttime="20220816 10:06:43.971" endtime="20220816 10:06:53.974"/>
</kw>
<status status="PASS" starttime="20220816 10:06:43.970" endtime="20220816 10:06:53.974"/>
</kw>
<kw name="And verifico a pagina inicial" library="MapaPage">
<kw name="Wait Until Element Is Visible" library="SeleniumLibrary">
<arg>${mapa.samImg}</arg>
<arg>${TIMEOUT}</arg>
<doc>Waits until the element ``locator`` is visible.</doc>
<status status="PASS" starttime="20220816 10:06:53.977" endtime="20220816 10:06:54.236"/>
</kw>
<status status="PASS" starttime="20220816 10:06:53.976" endtime="20220816 10:06:54.237"/>
</kw>
<kw name="And pulo o tutorial" library="TutorialPage">
<kw name="Wait Until Element Is Visible" library="SeleniumLibrary">
<arg>${tutorial.pularTutorial}</arg>
<doc>Waits until the element ``locator`` is visible.</doc>
<status status="PASS" starttime="20220816 10:06:54.240" endtime="20220816 10:06:54.677"/>
</kw>
<kw name="Click Element" library="SeleniumLibrary">
<arg>${tutorial.pularTutorial}</arg>
<doc>Click the element identified by ``locator``.</doc>
<msg timestamp="20220816 10:06:54.680" level="INFO">Clicking element '//p[text()='PULAR TUTORIAL']'.</msg>
<status status="PASS" starttime="20220816 10:06:54.677" endtime="20220816 10:06:55.429"/>
</kw>
<status status="PASS" starttime="20220816 10:06:54.239" endtime="20220816 10:06:55.429"/>
</kw>
<kw name="And a tela inicial é exibida" library="TutorialPage">
<kw name="Wait Until Element Is Visible" library="SeleniumLibrary">
<arg>${tutorial.menu}</arg>
<arg>${TIMEOUT}</arg>
<doc>Waits until the element ``locator`` is visible.</doc>
<status status="PASS" starttime="20220816 10:06:55.435" endtime="20220816 10:06:55.724"/>
</kw>
<status status="PASS" starttime="20220816 10:06:55.434" endtime="20220816 10:06:55.724"/>
</kw>
<kw name="And eu clico no icone mapa" library="MapaPage">
<kw name="Sleep" library="BuiltIn">
<arg>7</arg>
<doc>Pauses the test executed for the given time.</doc>
<msg timestamp="20220816 10:07:02.763" level="INFO">Slept 7 seconds</msg>
<status status="PASS" starttime="20220816 10:06:55.733" endtime="20220816 10:07:02.764"/>
</kw>
<kw name="Wait Until Element Is Visible" library="SeleniumLibrary">
<arg>${mapa.iconemapa}</arg>
<doc>Waits until the element ``locator`` is visible.</doc>
<status status="PASS" starttime="20220816 10:07:02.765" endtime="20220816 10:07:03.296"/>
</kw>
<kw name="Click Element" library="SeleniumLibrary">
<arg>${mapa.iconemapa}</arg>
<doc>Click the element identified by ``locator``.</doc>
<msg timestamp="20220816 10:07:03.300" level="INFO">Clicking element '//div[@class='css-13dls4l']//div[1]'.</msg>
<status status="PASS" starttime="20220816 10:07:03.297" endtime="20220816 10:07:04.444"/>
</kw>
<status status="PASS" starttime="20220816 10:06:55.729" endtime="20220816 10:07:04.445"/>
</kw>
<kw name="And vejo o mapa" library="MapaPage">
<kw name="Wait Until Element Is Visible" library="SeleniumLibrary">
<arg>${mapa.mapa}</arg>
<arg>${TIMEOUT}</arg>
<doc>Waits until the element ``locator`` is visible.</doc>
<status status="PASS" starttime="20220816 10:07:04.447" endtime="20220816 10:07:04.838"/>
</kw>
<status status="PASS" starttime="20220816 10:07:04.446" endtime="20220816 10:07:04.840"/>
</kw>
<kw name="And clico no comodo academia" library="MapaPage">
<kw name="Wait Until Element Is Visible" library="SeleniumLibrary">
<arg>${mapa.academiaBoard}</arg>
<arg>${TIMEOUT}</arg>
<doc>Waits until the element ``locator`` is visible.</doc>
<status status="PASS" starttime="20220816 10:07:04.845" endtime="20220816 10:07:09.864"/>
</kw>
<kw name="Click Element" library="SeleniumLibrary">
<arg>${mapa.academiaBoard}</arg>
<doc>Click the element identified by ``locator``.</doc>
<msg timestamp="20220816 10:07:09.868" level="INFO">Clicking element 'map-space-fitness'.</msg>
<status status="PASS" starttime="20220816 10:07:09.865" endtime="20220816 10:07:12.542"/>
</kw>
<status status="PASS" starttime="20220816 10:07:04.843" endtime="20220816 10:07:12.543"/>
</kw>
<kw name="And clico na lupa da soundtower da academia" library="ValidarSTPage">
<kw name="Execute Javascript" library="SeleniumLibrary">
<arg>window.openWindow('device', '{"device":"fitness/soundtower"}');</arg>
<doc>Executes the given JavaScript code with possible arguments.</doc>
<msg timestamp="20220816 10:07:12.548" level="INFO">Executing JavaScript:
window.openWindow('device', '{"device":"fitness/soundtower"}');
Without any arguments.</msg>
<status status="PASS" starttime="20220816 10:07:12.545" endtime="20220816 10:07:13.398"/>
</kw>
<kw name="Sleep" library="BuiltIn">
<arg>5</arg>
<doc>Pauses the test executed for the given time.</doc>
<msg timestamp="20220816 10:07:18.413" level="INFO">Slept 5 seconds</msg>
<status status="PASS" starttime="20220816 10:07:13.399" endtime="20220816 10:07:18.413"/>
</kw>
<status status="PASS" starttime="20220816 10:07:12.544" endtime="20220816 10:07:18.421"/>
</kw>
<kw name="And clico Abrir no SmartThings" library="LigarSBsalaPage">
<kw name="Wait Until Element Is Visible" library="SeleniumLibrary">
<arg>${st.smartthings}</arg>
<doc>Waits until the element ``locator`` is visible.</doc>
<status status="PASS" starttime="20220816 10:07:18.424" endtime="20220816 10:07:19.003"/>
</kw>
<kw name="Click Element" library="SeleniumLibrary">
<arg>${st.smartthings}</arg>
<doc>Click the element identified by ``locator``.</doc>
<msg timestamp="20220816 10:07:19.004" level="INFO">Clicking element '(//div[@class='css-15vvhi4']//div)[3]'.</msg>
<status status="PASS" starttime="20220816 10:07:19.003" endtime="20220816 10:07:22.059"/>
</kw>
<status status="PASS" starttime="20220816 10:07:18.423" endtime="20220816 10:07:22.059"/>
</kw>
<kw name="And clico em ligar soundtower" library="LigarSTPage">
<kw name="Select Frame" library="SeleniumLibrary">
<arg>${st.iframe}</arg>
<doc>Sets frame identified by ``locator`` as the current frame.</doc>
<msg timestamp="20220816 10:07:22.069" level="INFO">Selecting frame '//iframe[@id='iframe-content'][@title='smart-things']'.</msg>
<status status="PASS" starttime="20220816 10:07:22.063" endtime="20220816 10:07:27.761"/>
</kw>
<kw name="Wait Until Element Is Visible" library="SeleniumLibrary">
<arg>${st.powerbutton}</arg>
<arg>${TIMEOUT}</arg>
<doc>Waits until the element ``locator`` is visible.</doc>
<status status="PASS" starttime="20220816 10:07:27.762" endtime="20220816 10:07:28.466"/>
</kw>
<kw name="click with Javascript" library="LigarSBsalaPage">
<arg>${st.powerbutton}</arg>
<kw name="Get WebElement" library="SeleniumLibrary">
<var>${ele}</var>
<arg>${webElement}</arg>
<doc>Returns the first WebElement matching the given ``locator``.</doc>
<msg timestamp="20220816 10:07:28.803" level="INFO">${ele} = &lt;selenium.webdriver.remote.webelement.WebElement (session="c9c3c7e9162b8b48acbb0cba5c9344f0", element="9cd19453-7729-498a-a503-6111a10740c0")&gt;</msg>
<status status="PASS" starttime="20220816 10:07:28.468" endtime="20220816 10:07:28.803"/>
</kw>
<kw name="Execute Javascript" library="SeleniumLibrary">
<arg>arguments[0].click();</arg>
<arg>ARGUMENTS</arg>
<arg>${ele}</arg>
<doc>Executes the given JavaScript code with possible arguments.</doc>
<msg timestamp="20220816 10:07:28.806" level="INFO">Executing JavaScript:
arguments[0].click();
By using argument:
'&lt;selenium.webdriver.remote.webelement.WebElement (session="c9c3c7e9162b8b48acbb0cba5c9344f0", element="9cd19453-7729-498a-a503-6111a10740c0")&gt;'</msg>
<status status="PASS" starttime="20220816 10:07:28.804" endtime="20220816 10:07:29.026"/>
</kw>
<status status="PASS" starttime="20220816 10:07:28.466" endtime="20220816 10:07:29.027"/>
</kw>
<kw name="Unselect Frame" library="SeleniumLibrary">
<doc>Sets the main frame as the current frame.</doc>
<status status="PASS" starttime="20220816 10:07:29.027" endtime="20220816 10:07:29.180"/>
</kw>
<status status="PASS" starttime="20220816 10:07:22.061" endtime="20220816 10:07:29.180"/>
</kw>
<kw name="Then mensagem de missao concluida é exibida" library="LigarSBsalaPage">
<kw name="Wait Until Element Is Visible" library="SeleniumLibrary">
<arg>${st.toast}</arg>
<arg>${TIMEOUT}</arg>
<doc>Waits until the element ``locator`` is visible.</doc>
<status status="PASS" starttime="20220816 10:07:29.184" endtime="20220816 10:07:30.731"/>
</kw>
<status status="PASS" starttime="20220816 10:07:29.182" endtime="20220816 10:07:30.731"/>
</kw>
<tag>test</tag>
<status status="PASS" starttime="20220816 10:06:43.969" endtime="20220816 10:07:30.733"/>
</test>
<test id="s1-s1-s6-t2" name="Scenario 2 - Ligar Soundtower do lounge" line="22">
<kw name="And eu clico no icone mapa" library="MapaPage">
<kw name="Sleep" library="BuiltIn">
<arg>7</arg>
<doc>Pauses the test executed for the given time.</doc>
<msg timestamp="20220816 10:07:37.752" level="INFO">Slept 7 seconds</msg>
<status status="PASS" starttime="20220816 10:07:30.739" endtime="20220816 10:07:37.752"/>
</kw>
<kw name="Wait Until Element Is Visible" library="SeleniumLibrary">
<arg>${mapa.iconemapa}</arg>
<doc>Waits until the element ``locator`` is visible.</doc>
<status status="PASS" starttime="20220816 10:07:37.753" endtime="20220816 10:07:38.143"/>
</kw>
<kw name="Click Element" library="SeleniumLibrary">
<arg>${mapa.iconemapa}</arg>
<doc>Click the element identified by ``locator``.</doc>
<msg timestamp="20220816 10:07:38.146" level="INFO">Clicking element '//div[@class='css-13dls4l']//div[1]'.</msg>
<status status="PASS" starttime="20220816 10:07:38.144" endtime="20220816 10:07:38.964"/>
</kw>
<status status="PASS" starttime="20220816 10:07:30.738" endtime="20220816 10:07:38.964"/>
</kw>
<kw name="And vejo o mapa" library="MapaPage">
<kw name="Wait Until Element Is Visible" library="SeleniumLibrary">
<arg>${mapa.mapa}</arg>
<arg>${TIMEOUT}</arg>
<doc>Waits until the element ``locator`` is visible.</doc>
<status status="PASS" starttime="20220816 10:07:38.967" endtime="20220816 10:07:39.485"/>
</kw>
<status status="PASS" starttime="20220816 10:07:38.966" endtime="20220816 10:07:39.485"/>
</kw>
<kw name="And clico no comodo lounge" library="MapaPage">
<kw name="Wait Until Element Is Visible" library="SeleniumLibrary">
<arg>${mapa.loungeBoard}</arg>
<arg>${TIMEOUT}</arg>
<doc>Waits until the element ``locator`` is visible.</doc>
<status status="PASS" starttime="20220816 10:07:39.489" endtime="20220816 10:07:39.990"/>
</kw>
<kw name="Click Element" library="SeleniumLibrary">
<arg>${mapa.loungeBoard}</arg>
<doc>Click the element identified by ``locator``.</doc>
<msg timestamp="20220816 10:07:39.993" level="INFO">Clicking element 'map-space-lounge'.</msg>
<status status="PASS" starttime="20220816 10:07:39.991" endtime="20220816 10:07:41.347"/>
</kw>
<status status="PASS" starttime="20220816 10:07:39.487" endtime="20220816 10:07:41.348"/>
</kw>
<kw name="And clico na lupa da soundtower do lounge" library="ValidarSTPage">
<kw name="Execute Javascript" library="SeleniumLibrary">
<arg>window.openWindow('device', '{"device":"lounge/soundtower"}');</arg>
<doc>Executes the given JavaScript code with possible arguments.</doc>
<msg timestamp="20220816 10:07:41.353" level="INFO">Executing JavaScript:
window.openWindow('device', '{"device":"lounge/soundtower"}');
Without any arguments.</msg>
<status status="PASS" starttime="20220816 10:07:41.352" endtime="20220816 10:07:41.769"/>
</kw>
<kw name="Sleep" library="BuiltIn">
<arg>5</arg>
<doc>Pauses the test executed for the given time.</doc>
<msg timestamp="20220816 10:07:46.774" level="INFO">Slept 5 seconds</msg>
<status status="PASS" starttime="20220816 10:07:41.769" endtime="20220816 10:07:46.775"/>
</kw>
<status status="PASS" starttime="20220816 10:07:41.350" endtime="20220816 10:07:46.776"/>
</kw>
<kw name="And clico Abrir no SmartThings" library="LigarSBsalaPage">
<kw name="Wait Until Element Is Visible" library="SeleniumLibrary">
<arg>${st.smartthings}</arg>
<doc>Waits until the element ``locator`` is visible.</doc>
<status status="PASS" starttime="20220816 10:07:46.783" endtime="20220816 10:07:47.294"/>
</kw>
<kw name="Click Element" library="SeleniumLibrary">
[...]
</kw>
<status status="FAIL" starttime="20220816 10:37:58.403" endtime="20220816 10:38:06.525"/>
</kw>
<kw name="And troca modelo Neo Qled" library="ValidarTVSalaPage">
<status status="NOT RUN" starttime="20220816 10:38:06.528" endtime="20220816 10:38:06.528"/>
</kw>
<kw name="And troca modelo projetor" library="ValidarTVSalaPage">
<status status="NOT RUN" starttime="20220816 10:38:06.529" endtime="20220816 10:38:06.529"/>
</kw>
<kw name="And fecho o modal" library="ValidarSBPage">
<status status="NOT RUN" starttime="20220816 10:38:06.530" endtime="20220816 10:38:06.530"/>
</kw>
<kw name="And clico na lupa da tv da sala" library="ValidarTVSalaPage">
<status status="NOT RUN" starttime="20220816 10:38:06.531" endtime="20220816 10:38:06.531"/>
</kw>
<kw name="And clico em Dicas da sam" library="ValidarSBPage">
<status status="NOT RUN" starttime="20220816 10:38:06.532" endtime="20220816 10:38:06.532"/>
</kw>
<kw name="And clico no botao ver mais" library="ValidarSBPage">
<status status="NOT RUN" starttime="20220816 10:38:06.533" endtime="20220816 10:38:06.534"/>
</kw>
<kw name="And clico no botao fechar Dicas" library="ValidarSBPage">
<status status="NOT RUN" starttime="20220816 10:38:06.534" endtime="20220816 10:38:06.534"/>
</kw>
<tag>test</tag>
<status status="FAIL" starttime="20220816 10:37:21.640" endtime="20220816 10:38:06.535">Element with locator '(//div[@class='css-1edfugc']/following-sibling::div)[3]' not found.</status>
</test>
<kw name="Close Session" library="BasePage" type="TEARDOWN">
<kw name="Capture Page Screenshot" library="SeleniumLibrary">
<doc>Takes a screenshot of the current page and embeds it into a log file.</doc>
<msg timestamp="20220816 10:38:08.172" level="INFO" html="true">&lt;/td&gt;&lt;/tr&gt;&lt;tr&gt;&lt;td colspan="3"&gt;&lt;a href="selenium-screenshot-49.png"&gt;&lt;img src="selenium-screenshot-49.png" width="800px"&gt;&lt;/a&gt;</msg>
<status status="PASS" starttime="20220816 10:38:06.542" endtime="20220816 10:38:08.172"/>
</kw>
<kw name="Close Browser" library="SeleniumLibrary">
<doc>Closes the current browser.</doc>
<status status="PASS" starttime="20220816 10:38:08.173" endtime="20220816 10:38:11.095"/>
</kw>
<status status="PASS" starttime="20220816 10:38:06.542" endtime="20220816 10:38:11.095"/>
</kw>
<status status="FAIL" starttime="20220816 10:37:11.036" endtime="20220816 10:38:11.096"/>
</suite>
<suite id="s1-s1-s36" name="validarWatch" source="C:\ProjetoVRHome\RobotXpert\Tests\validarWatch.robot">
<kw name="Start Session" library="BasePage" type="SETUP">
<kw name="Open Browser" library="SeleniumLibrary">
<arg>about:blank</arg>
<arg>${BROWSER}</arg>
<doc>Opens a new browser instance to the optional ``url``.</doc>
<msg timestamp="20220816 10:38:11.131" level="INFO">Opening browser 'Chrome' to base url 'about:blank'.</msg>
<status status="PASS" starttime="20220816 10:38:11.131" endtime="20220816 10:38:12.367"/>
</kw>
<kw name="Go To" library="SeleniumLibrary">
<arg>${BASEURL}</arg>
<doc>Navigates the current browser window to the provided ``url``.</doc>
<msg timestamp="20220816 10:38:12.368" level="INFO">Opening url 'https://d2fnnoijlny9vq.cloudfront.net/?sub=seda'</msg>
<status status="PASS" starttime="20220816 10:38:12.367" endtime="20220816 10:38:17.415"/>
</kw>
<kw name="Get Title" library="SeleniumLibrary">
<var>${PageTitle}</var>
<doc>Returns the title of the current page.</doc>
<msg timestamp="20220816 10:38:17.463" level="INFO">${PageTitle} = Samsung Smart Home</msg>
<status status="PASS" starttime="20220816 10:38:17.416" endtime="20220816 10:38:17.463"/>
</kw>
<kw name="Log" library="BuiltIn">
<arg>${PageTitle}</arg>
<doc>Logs the given message with the given level.</doc>
<msg timestamp="20220816 10:38:17.464" level="INFO">Samsung Smart Home</msg>
<status status="PASS" starttime="20220816 10:38:17.463" endtime="20220816 10:38:17.464"/>
</kw>
<kw name="Maximize Browser Window" library="SeleniumLibrary">
<doc>Maximizes current browser window.</doc>
<status status="PASS" starttime="20220816 10:38:17.464" endtime="20220816 10:38:17.625"/>
</kw>
<kw name="Sleep" library="BuiltIn">
<arg>6</arg>
<doc>Pauses the test executed for the given time.</doc>
<msg timestamp="20220816 10:38:23.628" level="INFO">Slept 6 seconds</msg>
<status status="PASS" starttime="20220816 10:38:17.626" endtime="20220816 10:38:23.628"/>
</kw>
<status status="PASS" starttime="20220816 10:38:11.130" endtime="20220816 10:38:23.628"/>
</kw>
<test id="s1-s1-s36-t1" name="Scenario 1 - Validar Watch na academia" line="8">
<kw name="Given acesso a pagina" library="MapaPage">
<kw name="Sleep" library="BuiltIn">
<arg>10</arg>
<doc>Pauses the test executed for the given time.</doc>
<msg timestamp="20220816 10:38:33.632" level="INFO">Slept 10 seconds</msg>
<status status="PASS" starttime="20220816 10:38:23.630" endtime="20220816 10:38:33.632"/>
</kw>
<status status="PASS" starttime="20220816 10:38:23.629" endtime="20220816 10:38:33.633"/>
</kw>
<kw name="And verifico a pagina inicial" library="MapaPage">
<kw name="Wait Until Element Is Visible" library="SeleniumLibrary">
<arg>${mapa.samImg}</arg>
<arg>${TIMEOUT}</arg>
<doc>Waits until the element ``locator`` is visible.</doc>
<status status="PASS" starttime="20220816 10:38:33.639" endtime="20220816 10:38:34.484"/>
</kw>
<status status="PASS" starttime="20220816 10:38:33.637" endtime="20220816 10:38:34.484"/>
</kw>
<kw name="And pulo o tutorial" library="TutorialPage">
<kw name="Wait Until Element Is Visible" library="SeleniumLibrary">
<arg>${tutorial.pularTutorial}</arg>
<doc>Waits until the element ``locator`` is visible.</doc>
<status status="PASS" starttime="20220816 10:38:34.487" endtime="20220816 10:38:35.360"/>
</kw>
<kw name="Click Element" library="SeleniumLibrary">
<arg>${tutorial.pularTutorial}</arg>
<doc>Click the element identified by ``locator``.</doc>
<msg timestamp="20220816 10:38:35.364" level="INFO">Clicking element '//p[text()='PULAR TUTORIAL']'.</msg>
<status status="PASS" starttime="20220816 10:38:35.361" endtime="20220816 10:38:37.682"/>
</kw>
<status status="PASS" starttime="20220816 10:38:34.487" endtime="20220816 10:38:37.683"/>
</kw>
<kw name="And a tela inicial é exibida" library="TutorialPage">
<kw name="Wait Until Element Is Visible" library="SeleniumLibrary">
<arg>${tutorial.menu}</arg>
<arg>${TIMEOUT}</arg>
<doc>Waits until the element ``locator`` is visible.</doc>
<status status="PASS" starttime="20220816 10:38:37.686" endtime="20220816 10:38:38.281"/>
</kw>
<status status="PASS" starttime="20220816 10:38:37.684" endtime="20220816 10:38:38.281"/>
</kw>
<kw name="And clico na lupa do watch" library="ValidarWatchPage">
<kw name="Execute Javascript" library="SeleniumLibrary">
<arg>window.openWindow('device', '{"device":"fitness/watch4"}');</arg>
<doc>Executes the given JavaScript code with possible arguments.</doc>
<msg timestamp="20220816 10:38:38.284" level="INFO">Executing JavaScript:
window.openWindow('device', '{"device":"fitness/watch4"}');
Without any arguments.</msg>
<status status="PASS" starttime="20220816 10:38:38.284" endtime="20220816 10:38:38.531"/>
</kw>
<kw name="Sleep" library="BuiltIn">
<arg>5</arg>
<doc>Pauses the test executed for the given time.</doc>
<msg timestamp="20220816 10:38:43.539" level="INFO">Slept 5 seconds</msg>
<status status="PASS" starttime="20220816 10:38:38.531" endtime="20220816 10:38:43.540"/>
</kw>
<status status="PASS" starttime="20220816 10:38:38.283" endtime="20220816 10:38:43.541"/>
</kw>
<kw name="Then modal do watch é aberto" library="ValidarWatchPage">
<kw name="Page Should Contain" library="SeleniumLibrary">
<arg>Samsung Galaxy Watch 4</arg>
<doc>Verifies that current page contains ``text``.</doc>
<msg timestamp="20220816 10:38:43.899" level="INFO">Current page contains text 'Samsung Galaxy Watch 4'.</msg>
<status status="PASS" starttime="20220816 10:38:43.547" endtime="20220816 10:38:43.899"/>
</kw>
<status status="PASS" starttime="20220816 10:38:43.545" endtime="20220816 10:38:43.900"/>
</kw>
<kw name="And clico em Ver mais detalhes" library="ValidarSBPage">
<kw name="Click Element" library="SeleniumLibrary">
<arg>${botao.verdetalhes}</arg>
<doc>Click the element identified by ``locator``.</doc>
<msg timestamp="20220816 10:38:43.910" level="INFO">Clicking element 'modal-button-more_details'.</msg>
<status status="PASS" starttime="20220816 10:38:43.903" endtime="20220816 10:38:44.893"/>
</kw>
<status status="PASS" starttime="20220816 10:38:43.902" endtime="20220816 10:38:44.893"/>
</kw>
<kw name="And verifico o modelo do watch" library="ValidarWatchPage">
<kw name="Page Should Contain" library="SeleniumLibrary">
<arg>Relógio Watch 4</arg>
<doc>Verifies that current page contains ``text``.</doc>
<msg timestamp="20220816 10:38:45.290" level="INFO">Current page contains text 'Relógio Watch 4'.</msg>
<status status="PASS" starttime="20220816 10:38:44.895" endtime="20220816 10:38:45.290"/>
</kw>
<status status="PASS" starttime="20220816 10:38:44.894" endtime="20220816 10:38:45.291"/>
</kw>
<kw name="And verifico a descricao do produto watch" library="ValidarWatchPage">
<kw name="Page Should Contain" library="SeleniumLibrary">
<arg>Monitores seus exercícios físicos pelo pulso. Acompanhe o seu progresso de condicionamento físico com nosso primeiro smartwatch, que mede e informa a porcentagem de gordura corporal, massa muscular, água corporal e muito mais. O sensor Samsung BioActive e nosso chip mais rápido trazem a maior inovação do Galaxy Watch. Design elegante, integrado e icônico.</arg>
<doc>Verifies that current page contains ``text``.</doc>
<msg timestamp="20220816 10:38:45.687" level="INFO">Current page contains text 'Monitores seus exercícios físicos pelo pulso. Acompanhe o seu progresso de condicionamento físico com nosso primeiro smartwatch, que mede e informa a porcentagem de gordura corporal, massa muscular, água corporal e muito mais. O sensor Samsung BioActive e nosso chip mais rápido trazem a maior inovação do Galaxy Watch. Design elegante, integrado e icônico.'.</msg>
<status status="PASS" starttime="20220816 10:38:45.294" endtime="20220816 10:38:45.687"/>
</kw>
<status status="PASS" starttime="20220816 10:38:45.293" endtime="20220816 10:38:45.688"/>
</kw>
<kw name="And troco de cor o watch" library="ValidarWatchPage">
<kw name="Click Element" library="SeleniumLibrary">
<arg>${botao.mudarmodelo}</arg>
<doc>Click the element identified by ``locator``.</doc>
<msg timestamp="20220816 10:38:45.696" level="INFO">Clicking element 'description-change_model'.</msg>
<status status="PASS" starttime="20220816 10:38:45.693" endtime="20220816 10:38:46.629"/>
</kw>
<kw name="Click Element" library="SeleniumLibrary">
<arg>${cor.preto2}</arg>
<doc>Click the element identified by ``locator``.</doc>
<msg timestamp="20220816 10:38:46.632" level="INFO">Clicking element 'color-0'.</msg>
<status status="PASS" starttime="20220816 10:38:46.630" endtime="20220816 10:38:47.573"/>
</kw>
<kw name="Click Element" library="SeleniumLibrary">
<arg>${cor.cinzaclaro}</arg>
<doc>Click the element identified by ``locator``.</doc>
<msg timestamp="20220816 10:38:47.577" level="INFO">Clicking element 'color-1'.</msg>
<status status="PASS" starttime="20220816 10:38:47.574" endtime="20220816 10:38:48.718"/>
</kw>
<kw name="Click Element" library="SeleniumLibrary">
<arg>${cor.rosa}</arg>
<doc>Click the element identified by ``locator``.</doc>
<msg timestamp="20220816 10:38:48.720" level="INFO">Clicking element 'color-2'.</msg>
<status status="PASS" starttime="20220816 10:38:48.719" endtime="20220816 10:38:49.658"/>
</kw>
<status status="PASS" starttime="20220816 10:38:45.691" endtime="20220816 10:38:49.659"/>
</kw>
<kw name="And fecho o modal" library="ValidarSBPage">
<kw name="Press Keys" library="SeleniumLibrary">
<arg>None</arg>
<arg>ESC</arg>
<doc>Simulates the user pressing key(s) to an element or on the active browser.</doc>
<msg timestamp="20220816 10:38:49.663" level="INFO">Sending key(s) ('ESC',) to page.</msg>
<msg timestamp="20220816 10:38:49.663" level="INFO">Pressing special key ESCAPE to browser.</msg>
<msg timestamp="20220816 10:38:49.664" level="INFO">Releasing special key ESCAPE.</msg>
<status status="PASS" starttime="20220816 10:38:49.662" endtime="20220816 10:38:49.980"/>
</kw>
<status status="PASS" starttime="20220816 10:38:49.661" endtime="20220816 10:38:49.981"/>
</kw>
<kw name="And clico na lupa do watch" library="ValidarWatchPage">
<kw name="Execute Javascript" library="SeleniumLibrary">
<arg>window.openWindow('device', '{"device":"fitness/watch4"}');</arg>
<doc>Executes the given JavaScript code with possible arguments.</doc>
<msg timestamp="20220816 10:38:49.988" level="INFO">Executing JavaScript:
window.openWindow('device', '{"device":"fitness/watch4"}');
Without any arguments.</msg>
<status status="PASS" starttime="20220816 10:38:49.986" endtime="20220816 10:38:50.255"/>
</kw>
<kw name="Sleep" library="BuiltIn">
<arg>5</arg>
<doc>Pauses the test executed for the given time.</doc>
<msg timestamp="20220816 10:38:55.260" level="INFO">Slept 5 seconds</msg>
<status status="PASS" starttime="20220816 10:38:50.255" endtime="20220816 10:38:55.261"/>
</kw>
<status status="PASS" starttime="20220816 10:38:49.984" endtime="20220816 10:38:55.261"/>
</kw>
<kw name="And clico em Dicas da sam" library="ValidarSBPage">
<kw name="Click Element" library="SeleniumLibrary">
<arg>${botao.dicasam}</arg>
<doc>Click the element identified by ``locator``.</doc>
<msg timestamp="20220816 10:38:55.271" level="INFO">Clicking element 'modal-button-sam_tips'.</msg>
<status status="PASS" starttime="20220816 10:38:55.266" endtime="20220816 10:38:56.361"/>
</kw>
<status status="PASS" starttime="20220816 10:38:55.263" endtime="20220816 10:38:56.362"/>
</kw>
<kw name="And clico no botao fechar Dicas" library="ValidarSBPage">
<kw name="Press Keys" library="SeleniumLibrary">
<arg>None</arg>
<arg>ESC</arg>
<doc>Simulates the user pressing key(s) to an element or on the active browser.</doc>
<msg timestamp="20220816 10:38:56.368" level="INFO">Sending key(s) ('ESC',) to page.</msg>
<msg timestamp="20220816 10:38:56.369" level="INFO">Pressing special key ESCAPE to browser.</msg>
<msg timestamp="20220816 10:38:56.370" level="INFO">Releasing special key ESCAPE.</msg>
<status status="PASS" starttime="20220816 10:38:56.366" endtime="20220816 10:38:56.819"/>
</kw>
<status status="PASS" starttime="20220816 10:38:56.365" endtime="20220816 10:38:56.819"/>
</kw>
<tag>test</tag>
<status status="PASS" starttime="20220816 10:38:23.628" endtime="20220816 10:38:56.820"/>
</test>
<kw name="Close Session" library="BasePage" type="TEARDOWN">
<kw name="Capture Page Screenshot" library="SeleniumLibrary">
<doc>Takes a screenshot of the current page and embeds it into a log file.</doc>
<msg timestamp="20220816 10:38:59.208" level="INFO" html="true">&lt;/td&gt;&lt;/tr&gt;&lt;tr&gt;&lt;td colspan="3"&gt;&lt;a href="selenium-screenshot-50.png"&gt;&lt;img src="selenium-screenshot-50.png" width="800px"&gt;&lt;/a&gt;</msg>
<status status="PASS" starttime="20220816 10:38:56.830" endtime="20220816 10:38:59.209"/>
</kw>
<kw name="Close Browser" library="SeleniumLibrary">
<doc>Closes the current browser.</doc>
<status status="PASS" starttime="20220816 10:38:59.209" endtime="20220816 10:39:02.358"/>
</kw>
<status status="PASS" starttime="20220816 10:38:56.829" endtime="20220816 10:39:02.358"/>
</kw>
<status status="PASS" starttime="20220816 10:38:11.100" endtime="20220816 10:39:02.359"/>
</suite>
<status status="FAIL" starttime="20220816 10:01:07.939" endtime="20220816 10:39:02.365"/>
</suite>
<status status="FAIL" starttime="20220816 10:01:07.913" endtime="20220816 10:39:02.374"/>
</suite>
<statistics>
<total>
<stat pass="41" fail="14" skip="0">All Tests</stat>
</total>
<tag>
<stat pass="41" fail="14" skip="0">test</stat>
</tag>
<suite>
<stat pass="41" fail="14" skip="0" id="s1" name="RobotXpert">RobotXpert</stat>
<stat pass="41" fail="14" skip="0" id="s1-s1" name="Tests">RobotXpert.Tests</stat>
<stat pass="0" fail="1" skip="0" id="s1-s1-s1" name="Configuracoes">RobotXpert.Tests.Configuracoes</stat>
<stat pass="1" fail="0" skip="0" id="s1-s1-s2" name="iniciarNovaExperiencia">RobotXpert.Tests.iniciarNovaExperiencia</stat>
<stat pass="5" fail="0" skip="0" id="s1-s1-s3" name="ligarAr">RobotXpert.Tests.ligarAr</stat>
<stat pass="1" fail="0" skip="0" id="s1-s1-s4" name="ligarMonitorgames">RobotXpert.Tests.ligarMonitorgames</stat>
<stat pass="1" fail="0" skip="0" id="s1-s1-s5" name="ligarSBsala">RobotXpert.Tests.ligarSBsala</stat>
<stat pass="3" fail="0" skip="0" id="s1-s1-s6" name="ligarST">RobotXpert.Tests.ligarST</stat>
<stat pass="1" fail="0" skip="0" id="s1-s1-s7" name="ligarTVacademia">RobotXpert.Tests.ligarTVacademia</stat>
<stat pass="1" fail="0" skip="0" id="s1-s1-s8" name="ligarTvescritorio">RobotXpert.Tests.ligarTvescritorio</stat>
<stat pass="1" fail="0" skip="0" id="s1-s1-s9" name="ligarTVquarto">RobotXpert.Tests.ligarTVquarto</stat>
<stat pass="1" fail="0" skip="0" id="s1-s1-s10" name="ligarTvsala">RobotXpert.Tests.ligarTvsala</stat>
<stat pass="1" fail="0" skip="0" id="s1-s1-s11" name="pularTutorial">RobotXpert.Tests.pularTutorial</stat>
<stat pass="1" fail="0" skip="0" id="s1-s1-s12" name="testaMapa">RobotXpert.Tests.testaMapa</stat>
<stat pass="1" fail="0" skip="0" id="s1-s1-s13" name="testaTutorial">RobotXpert.Tests.testaTutorial</stat>
<stat pass="0" fail="1" skip="0" id="s1-s1-s14" name="validarARcozinha">RobotXpert.Tests.validarARcozinha</stat>
<stat pass="0" fail="1" skip="0" id="s1-s1-s15" name="validarARescritorio">RobotXpert.Tests.validarARescritorio</stat>
<stat pass="0" fail="1" skip="0" id="s1-s1-s16" name="validarARgames">RobotXpert.Tests.validarARgames</stat>
<stat pass="0" fail="1" skip="0" id="s1-s1-s17" name="validarARquarto">RobotXpert.Tests.validarARquarto</stat>
<stat pass="0" fail="1" skip="0" id="s1-s1-s18" name="validarARsala">RobotXpert.Tests.validarARsala</stat>
<stat pass="1" fail="0" skip="0" id="s1-s1-s19" name="validarBookescritorio">RobotXpert.Tests.validarBookescritorio</stat>
<stat pass="2" fail="0" skip="0" id="s1-s1-s20" name="validarBuds">RobotXpert.Tests.validarBuds</stat>
<stat pass="3" fail="0" skip="0" id="s1-s1-s21" name="validarCelulares">RobotXpert.Tests.validarCelulares</stat>
<stat pass="4" fail="0" skip="0" id="s1-s1-s22" name="validarFreestyle">RobotXpert.Tests.validarFreestyle</stat>
<stat pass="2" fail="0" skip="0" id="s1-s1-s23" name="validarGeladeira">RobotXpert.Tests.validarGeladeira</stat>
<stat pass="1" fail="1" skip="0" id="s1-s1-s24" name="validarLavadora">RobotXpert.Tests.validarLavadora</stat>
<stat pass="1" fail="0" skip="0" id="s1-s1-s25" name="validarMonitorEscritorio">RobotXpert.Tests.validarMonitorEscritorio</stat>
<stat pass="1" fail="0" skip="0" id="s1-s1-s26" name="validarMonitorgames">RobotXpert.Tests.validarMonitorgames</stat>
<stat pass="1" fail="0" skip="0" id="s1-s1-s27" name="validarSBgames">RobotXpert.Tests.validarSBgames</stat>
<stat pass="1" fail="0" skip="0" id="s1-s1-s28" name="validarSBsala">RobotXpert.Tests.validarSBsala</stat>
<stat pass="3" fail="0" skip="0" id="s1-s1-s29" name="validarST">RobotXpert.Tests.validarST</stat>
<stat pass="0" fail="4" skip="0" id="s1-s1-s30" name="validarTabS8">RobotXpert.Tests.validarTabS8</stat>
<stat pass="0" fail="1" skip="0" id="s1-s1-s31" name="validarTVacademia">RobotXpert.Tests.validarTVacademia</stat>
<stat pass="1" fail="0" skip="0" id="s1-s1-s32" name="validarTVescritorio">RobotXpert.Tests.validarTVescritorio</stat>
<stat pass="0" fail="1" skip="0" id="s1-s1-s33" name="validarTVgames">RobotXpert.Tests.validarTVgames</stat>
<stat pass="1" fail="0" skip="0" id="s1-s1-s34" name="validarTVquarto">RobotXpert.Tests.validarTVquarto</stat>
<stat pass="0" fail="1" skip="0" id="s1-s1-s35" name="validarTVsala">RobotXpert.Tests.validarTVsala</stat>
<stat pass="1" fail="0" skip="0" id="s1-s1-s36" name="validarWatch">RobotXpert.Tests.validarWatch</stat>
</suite>
</statistics>
<errors>
</errors>
</robot>
