<?xml version="1.0" encoding="UTF-8"?>
<robot generator="Robot 5.0.1 (Python 3.9.11 on win32)" generated="20220705 11:43:41.695" rpa="false" schemaversion="3">
<suite id="s1" name="testaMapa" source="C:\Automation\RobotXpert\Tests\testaMapa.robot">
<kw name="Start Session" library="BasePage" type="SETUP">
<kw name="Open Browser" library="SeleniumLibrary">
<arg>about:blank</arg>
<arg>${BROWSER}</arg>
<doc>Opens a new browser instance to the optional ``url``.</doc>
<msg timestamp="20220705 11:43:41.878" level="INFO">Opening browser 'Chrome' to base url 'about:blank'.</msg>
<status status="PASS" starttime="20220705 11:43:41.878" endtime="20220705 11:43:43.142"/>
</kw>
<kw name="Go To" library="SeleniumLibrary">
<arg>${BASEURL}</arg>
<doc>Navigates the current browser window to the provided ``url``.</doc>
<msg timestamp="20220705 11:43:43.142" level="INFO">Opening url 'https://d2fnnoijlny9vq.cloudfront.net/'</msg>
<status status="PASS" starttime="20220705 11:43:43.142" endtime="20220705 11:43:43.959"/>
</kw>
<kw name="Get Title" library="SeleniumLibrary">
<var>${PageTitle}</var>
<doc>Returns the title of the current page.</doc>
<msg timestamp="20220705 11:43:43.964" level="INFO">${PageTitle} = Unity WebGL Player | SmartThingsDemo</msg>
<status status="PASS" starttime="20220705 11:43:43.959" endtime="20220705 11:43:43.964"/>
</kw>
<kw name="Log" library="BuiltIn">
<arg>${PageTitle}</arg>
<doc>Logs the given message with the given level.</doc>
<msg timestamp="20220705 11:43:43.964" level="INFO">Unity WebGL Player | SmartThingsDemo</msg>
<status status="PASS" starttime="20220705 11:43:43.964" endtime="20220705 11:43:43.965"/>
</kw>
<kw name="Sleep" library="BuiltIn">
<arg>5</arg>
<doc>Pauses the test executed for the given time.</doc>
<msg timestamp="20220705 11:43:48.980" level="INFO">Slept 5 seconds</msg>
<status status="PASS" starttime="20220705 11:43:43.965" endtime="20220705 11:43:48.980"/>
</kw>
<status status="PASS" starttime="20220705 11:43:41.878" endtime="20220705 11:43:48.980"/>
</kw>
<test id="s1-t1" name="Scenario 1 - Testa Acessar mapa" line="8">
<kw name="Given acesso a pagina">
<kw name="Sleep" library="BuiltIn">
<arg>5</arg>
<doc>Pauses the test executed for the given time.</doc>
<msg timestamp="20220705 11:43:53.995" level="INFO">Slept 5 seconds</msg>
<status status="PASS" starttime="20220705 11:43:48.982" endtime="20220705 11:43:53.995"/>
</kw>
<status status="PASS" starttime="20220705 11:43:48.981" endtime="20220705 11:43:53.995"/>
</kw>
<kw name="And verifico a pagina inicial">
<kw name="Wait Until Element Is Visible" library="SeleniumLibrary">
<arg>${samImg}</arg>
<doc>Waits until the element ``locator`` is visible.</doc>
<status status="PASS" starttime="20220705 11:43:53.997" endtime="20220705 11:43:54.448"/>
</kw>
<status status="PASS" starttime="20220705 11:43:53.996" endtime="20220705 11:43:54.448"/>
</kw>
<kw name="And pulo o tutorial">
<kw name="Click Element" library="SeleniumLibrary">
<arg>${pularTutorial}</arg>
<doc>Click the element identified by ``locator``.</doc>
<msg timestamp="20220705 11:43:54.449" level="INFO">Clicking element '//p[text()='PULAR TUTORIAL']'.</msg>
<status status="PASS" starttime="20220705 11:43:54.449" endtime="20220705 11:43:54.799"/>
</kw>
<status status="PASS" starttime="20220705 11:43:54.448" endtime="20220705 11:43:54.800"/>
</kw>
<kw name="And a tela inicial é exibida">
<kw name="Wait Until Element Is Visible" library="SeleniumLibrary">
<arg>${menu}</arg>
<doc>Waits until the element ``locator`` is visible.</doc>
<status status="PASS" starttime="20220705 11:43:54.802" endtime="20220705 11:43:54.961"/>
</kw>
<status status="PASS" starttime="20220705 11:43:54.801" endtime="20220705 11:43:54.961"/>
</kw>
<kw name="And eu clico no icone mapa">
<kw name="Sleep" library="BuiltIn">
<arg>5</arg>
<doc>Pauses the test executed for the given time.</doc>
<msg timestamp="20220705 11:43:59.968" level="INFO">Slept 5 seconds</msg>
<status status="PASS" starttime="20220705 11:43:54.963" endtime="20220705 11:43:59.968"/>
</kw>
<kw name="Click Element" library="SeleniumLibrary">
<arg>${iconemapa}</arg>
<doc>Click the element identified by ``locator``.</doc>
<msg timestamp="20220705 11:43:59.969" level="INFO">Clicking element '//div[@class='css-9o6pl1']//img[1]'.</msg>
<status status="PASS" starttime="20220705 11:43:59.968" endtime="20220705 11:44:01.081"/>
</kw>
<status status="PASS" starttime="20220705 11:43:54.962" endtime="20220705 11:44:01.081"/>
</kw>
<kw name="And vejo o mapa">
<kw name="Wait Until Element Is Visible" library="SeleniumLibrary">
<arg>${mapa}</arg>
<doc>Waits until the element ``locator`` is visible.</doc>
<status status="PASS" starttime="20220705 11:44:01.084" endtime="20220705 11:44:03.758"/>
</kw>
<status status="PASS" starttime="20220705 11:44:01.083" endtime="20220705 11:44:03.758"/>
</kw>
<kw name="And clico no comodo quarto">
<kw name="Click Element" library="SeleniumLibrary">
<arg>${transporta_quarto}</arg>
<doc>Click the element identified by ``locator``.</doc>
<msg timestamp="20220705 11:44:03.759" level="INFO">Clicking element '//div[@class='css-8fsgxv']/following-sibling::div[1]'.</msg>
<status status="PASS" starttime="20220705 11:44:03.759" endtime="20220705 11:44:05.008"/>
</kw>
<status status="PASS" starttime="20220705 11:44:03.758" endtime="20220705 11:44:05.008"/>
</kw>
<status status="PASS" starttime="20220705 11:43:48.980" endtime="20220705 11:44:05.009"/>
</test>
<kw name="Close Session" library="BasePage" type="TEARDOWN">
<kw name="Capture Page Screenshot" library="SeleniumLibrary">
<doc>Takes a screenshot of the current page and embeds it into a log file.</doc>
<msg timestamp="20220705 11:44:05.640" level="INFO" html="true">&lt;/td&gt;&lt;/tr&gt;&lt;tr&gt;&lt;td colspan="3"&gt;&lt;a href="selenium-screenshot-3.png"&gt;&lt;img src="selenium-screenshot-3.png" width="800px"&gt;&lt;/a&gt;</msg>
<status status="PASS" starttime="20220705 11:44:05.011" endtime="20220705 11:44:05.640"/>
</kw>
<kw name="Close Browser" library="SeleniumLibrary">
<doc>Closes the current browser.</doc>
<status status="PASS" starttime="20220705 11:44:05.641" endtime="20220705 11:44:07.831"/>
</kw>
<status status="PASS" starttime="20220705 11:44:05.011" endtime="20220705 11:44:07.831"/>
</kw>
<status status="PASS" starttime="20220705 11:43:41.698" endtime="20220705 11:44:07.831"/>
</suite>
<statistics>
<total>
<stat pass="1" fail="0" skip="0">All Tests</stat>
</total>
<tag>
</tag>
<suite>
<stat pass="1" fail="0" skip="0" id="s1" name="testaMapa">testaMapa</stat>
</suite>
</statistics>
<errors>
</errors>
</robot>
