<?xml version="1.0" encoding="UTF-8"?>
<robot generator="Robot 5.0.1 (Python 3.7.3 on win32)" generated="20220801 23:34:07.063" rpa="false" schemaversion="3">
<suite id="s1" name="validarBookescritorio" source="C:\ProjetoVRHome\RobotXpert\Tests\validarBookescritorio.robot">
<kw name="Start Session" library="BasePage" type="SETUP">
<kw name="Open Browser" library="SeleniumLibrary">
<arg>about:blank</arg>
<arg>${BROWSER}</arg>
<doc>Opens a new browser instance to the optional ``url``.</doc>
<msg timestamp="20220801 23:34:08.554" level="INFO">Opening browser 'Chrome' to base url 'about:blank'.</msg>
<status status="PASS" starttime="20220801 23:34:08.552" endtime="20220801 23:34:12.620"/>
</kw>
<kw name="Go To" library="SeleniumLibrary">
<arg>${BASEURL}</arg>
<doc>Navigates the current browser window to the provided ``url``.</doc>
<msg timestamp="20220801 23:34:12.623" level="INFO">Opening url 'https://d2fnnoijlny9vq.cloudfront.net/'</msg>
<status status="PASS" starttime="20220801 23:34:12.622" endtime="20220801 23:34:15.228"/>
</kw>
<kw name="Get Title" library="SeleniumLibrary">
<var>${PageTitle}</var>
<doc>Returns the title of the current page.</doc>
<msg timestamp="20220801 23:34:15.277" level="INFO">${PageTitle} = Samsung Smart Home</msg>
<status status="PASS" starttime="20220801 23:34:15.230" endtime="20220801 23:34:15.277"/>
</kw>
<kw name="Log" library="BuiltIn">
<arg>${PageTitle}</arg>
<doc>Logs the given message with the given level.</doc>
<msg timestamp="20220801 23:34:15.279" level="INFO">Samsung Smart Home</msg>
<status status="PASS" starttime="20220801 23:34:15.278" endtime="20220801 23:34:15.279"/>
</kw>
<kw name="Maximize Browser Window" library="SeleniumLibrary">
<doc>Maximizes current browser window.</doc>
<status status="PASS" starttime="20220801 23:34:15.280" endtime="20220801 23:34:15.460"/>
</kw>
<kw name="Sleep" library="BuiltIn">
<arg>7</arg>
<doc>Pauses the test executed for the given time.</doc>
<msg timestamp="20220801 23:34:22.482" level="INFO">Slept 7 seconds</msg>
<status status="PASS" starttime="20220801 23:34:15.462" endtime="20220801 23:34:22.484"/>
</kw>
<status status="PASS" starttime="20220801 23:34:08.549" endtime="20220801 23:34:22.485"/>
</kw>
<test id="s1-t1" name="Scenario 1 - Validar Book do escritorio" line="8">
<kw name="Given acesso a pagina" library="MapaPage">
<kw name="Sleep" library="BuiltIn">
<arg>10</arg>
<doc>Pauses the test executed for the given time.</doc>
<msg timestamp="20220801 23:34:32.684" level="INFO">Slept 10 seconds</msg>
<status status="PASS" starttime="20220801 23:34:22.672" endtime="20220801 23:34:32.684"/>
</kw>
<status status="PASS" starttime="20220801 23:34:22.670" endtime="20220801 23:34:32.685"/>
</kw>
<kw name="And verifico a pagina inicial" library="MapaPage">
<kw name="Wait Until Element Is Visible" library="SeleniumLibrary">
<arg>${mapa.samImg}</arg>
<arg>15</arg>
<doc>Waits until the element ``locator`` is visible.</doc>
<status status="PASS" starttime="20220801 23:34:32.688" endtime="20220801 23:34:34.769"/>
</kw>
<status status="PASS" starttime="20220801 23:34:32.687" endtime="20220801 23:34:34.770"/>
</kw>
<kw name="And pulo o tutorial" library="TutorialPage">
<kw name="Click Element" library="SeleniumLibrary">
<arg>${tutorial.pularTutorial}</arg>
<doc>Click the element identified by ``locator``.</doc>
<msg timestamp="20220801 23:34:34.776" level="INFO">Clicking element '//p[text()='PULAR TUTORIAL']'.</msg>
<status status="PASS" starttime="20220801 23:34:34.773" endtime="20220801 23:34:35.644"/>
</kw>
<status status="PASS" starttime="20220801 23:34:34.771" endtime="20220801 23:34:35.645"/>
</kw>
<kw name="And a tela inicial é exibida" library="TutorialPage">
<kw name="Wait Until Element Is Visible" library="SeleniumLibrary">
<arg>${tutorial.menu}</arg>
<arg>7</arg>
<doc>Waits until the element ``locator`` is visible.</doc>
<status status="PASS" starttime="20220801 23:34:35.648" endtime="20220801 23:34:36.674"/>
</kw>
<status status="PASS" starttime="20220801 23:34:35.647" endtime="20220801 23:34:36.674"/>
</kw>
<kw name="And eu clico no icone mapa" library="MapaPage">
<kw name="Sleep" library="BuiltIn">
<arg>7</arg>
<doc>Pauses the test executed for the given time.</doc>
<msg timestamp="20220801 23:34:43.683" level="INFO">Slept 7 seconds</msg>
<status status="PASS" starttime="20220801 23:34:36.678" endtime="20220801 23:34:43.684"/>
</kw>
<kw name="Wait Until Element Is Visible" library="SeleniumLibrary">
<arg>${mapa.iconemapa}</arg>
<doc>Waits until the element ``locator`` is visible.</doc>
<status status="PASS" starttime="20220801 23:34:43.685" endtime="20220801 23:34:44.565"/>
</kw>
<kw name="Click Element" library="SeleniumLibrary">
<arg>${mapa.iconemapa}</arg>
<doc>Click the element identified by ``locator``.</doc>
<msg timestamp="20220801 23:34:44.567" level="INFO">Clicking element '//div[@class='css-13dls4l']//div[1]'.</msg>
<status status="PASS" starttime="20220801 23:34:44.565" endtime="20220801 23:34:47.023"/>
</kw>
<status status="PASS" starttime="20220801 23:34:36.676" endtime="20220801 23:34:47.023"/>
</kw>
<kw name="And vejo o mapa" library="MapaPage">
<kw name="Wait Until Element Is Visible" library="SeleniumLibrary">
<arg>${mapa.mapa}</arg>
<arg>10</arg>
<doc>Waits until the element ``locator`` is visible.</doc>
<status status="PASS" starttime="20220801 23:34:47.027" endtime="20220801 23:34:47.814"/>
</kw>
<status status="PASS" starttime="20220801 23:34:47.026" endtime="20220801 23:34:47.815"/>
</kw>
<kw name="And clico no comodo escritorio" library="MapaPage">
<kw name="Wait Until Element Is Visible" library="SeleniumLibrary">
<arg>${mapa.escritorioBoard}</arg>
<arg>7</arg>
<doc>Waits until the element ``locator`` is visible.</doc>
<status status="PASS" starttime="20220801 23:34:47.816" endtime="20220801 23:34:50.350"/>
</kw>
<kw name="Click Element" library="SeleniumLibrary">
<arg>${mapa.escritorioBoard}</arg>
<doc>Click the element identified by ``locator``.</doc>
<msg timestamp="20220801 23:34:50.352" level="INFO">Clicking element '//div[@id='map-space-gaming']/following-sibling::div[1]'.</msg>
<status status="PASS" starttime="20220801 23:34:50.350" endtime="20220801 23:34:52.743"/>
</kw>
<status status="PASS" starttime="20220801 23:34:47.816" endtime="20220801 23:34:52.744"/>
</kw>
<kw name="And clico na lupa do Book do escritorio" library="ValidarBookescritorioPage">
<kw name="Execute Javascript" library="SeleniumLibrary">
<arg>window.openWindow('device', '{"device":"office/notebook"}');</arg>
<doc>Executes the given JavaScript code with possible arguments.</doc>
<msg timestamp="20220801 23:34:52.747" level="INFO">Executing JavaScript:
window.openWindow('device', '{"device":"office/notebook"}');
Without any arguments.</msg>
<status status="PASS" starttime="20220801 23:34:52.746" endtime="20220801 23:34:53.126"/>
</kw>
<kw name="Sleep" library="BuiltIn">
<arg>5</arg>
<doc>Pauses the test executed for the given time.</doc>
<msg timestamp="20220801 23:34:58.130" level="INFO">Slept 5 seconds</msg>
<status status="PASS" starttime="20220801 23:34:53.127" endtime="20220801 23:34:58.131"/>
</kw>
<status status="PASS" starttime="20220801 23:34:52.745" endtime="20220801 23:34:58.132"/>
</kw>
<kw name="Then modal do Book do escritorio é aberto" library="ValidarBookescritorioPage">
<kw name="Page Should Contain" library="SeleniumLibrary">
<arg>Galaxy Book Pro 2</arg>
<doc>Verifies that current page contains ``text``.</doc>
<msg timestamp="20220801 23:34:59.188" level="INFO">Current page contains text 'Galaxy Book Pro 2'.</msg>
<status status="PASS" starttime="20220801 23:34:58.135" endtime="20220801 23:34:59.191"/>
</kw>
<status status="PASS" starttime="20220801 23:34:58.134" endtime="20220801 23:34:59.192"/>
</kw>
<kw name="And clico em Ver mais detalhes" library="ValidarSBsalaPage">
<kw name="Click Element" library="SeleniumLibrary">
<arg>${botao.verdetalhes}</arg>
<doc>Click the element identified by ``locator``.</doc>
<msg timestamp="20220801 23:34:59.228" level="INFO">Clicking element '//p[text()='Ver mais detalhes']'.</msg>
<status status="PASS" starttime="20220801 23:34:59.224" endtime="20220801 23:35:02.154"/>
</kw>
<status status="PASS" starttime="20220801 23:34:59.223" endtime="20220801 23:35:02.154"/>
</kw>
<kw name="And verifico o modelo do Book do escritorio" library="ValidarBookescritorioPage">
<kw name="Page Should Contain" library="SeleniumLibrary">
<arg>Notebook</arg>
<doc>Verifies that current page contains ``text``.</doc>
<msg timestamp="20220801 23:35:02.317" level="INFO">Current page contains text 'Notebook'.</msg>
<status status="PASS" starttime="20220801 23:35:02.156" endtime="20220801 23:35:02.317"/>
</kw>
<status status="PASS" starttime="20220801 23:35:02.155" endtime="20220801 23:35:02.318"/>
</kw>
<kw name="And verifico a descricao do produto Book do escritorio" library="ValidarBookescritorioPage">
<kw name="Page Should Contain" library="SeleniumLibrary">
<arg>Multiplique as possibilidades unindo o poder de um computador e a conveniência de um tablet. Com o Galaxy Pro Book Pro 2, você tem velocidade e desempenho, uma verdadeira revolução em resolução, bate-papo por vídeo em alta definição e bateria de longa duração. Experimente ainda a precisão de toque com sensação de caneta real. É inovação que faz você avançar.</arg>
<doc>Verifies that current page contains ``text``.</doc>
<msg timestamp="20220801 23:35:02.551" level="INFO">Current page contains text 'Multiplique as possibilidades unindo o poder de um computador e a conveniência de um tablet. Com o Galaxy Pro Book Pro 2, você tem velocidade e desempenho, uma verdadeira revolução em resolução, bate-papo por vídeo em alta definição e bateria de longa duração. Experimente ainda a precisão de toque com sensação de caneta real. É inovação que faz você avançar.'.</msg>
<status status="PASS" starttime="20220801 23:35:02.320" endtime="20220801 23:35:02.551"/>
</kw>
<status status="PASS" starttime="20220801 23:35:02.320" endtime="20220801 23:35:02.552"/>
</kw>
<kw name="And fecho o modal" library="ValidarSBsalaPage">
<kw name="Click Element" library="SeleniumLibrary">
<arg>${botao.fechardetalhes}</arg>
<doc>Click the element identified by ``locator``.</doc>
<msg timestamp="20220801 23:35:02.562" level="INFO">Clicking element '//button[@class='chakra-modal__close-btn css-gn0b9o']//*[name()='svg']'.</msg>
<status status="PASS" starttime="20220801 23:35:02.557" endtime="20220801 23:35:03.824"/>
</kw>
<kw name="Sleep" library="BuiltIn">
<arg>5</arg>
<doc>Pauses the test executed for the given time.</doc>
<msg timestamp="20220801 23:35:08.827" level="INFO">Slept 5 seconds</msg>
<status status="PASS" starttime="20220801 23:35:03.825" endtime="20220801 23:35:08.833"/>
</kw>
<status status="PASS" starttime="20220801 23:35:02.554" endtime="20220801 23:35:08.834"/>
</kw>
<kw name="And abro a lupa do Book do escritorio" library="ValidarBookescritorioPage">
<kw name="Execute Javascript" library="SeleniumLibrary">
<arg>window.openWindow('device', '{"device":"office/notebook"}');</arg>
<doc>Executes the given JavaScript code with possible arguments.</doc>
<msg timestamp="20220801 23:35:08.859" level="INFO">Executing JavaScript:
window.openWindow('device', '{"device":"office/notebook"}');
Without any arguments.</msg>
<status status="PASS" starttime="20220801 23:35:08.851" endtime="20220801 23:35:09.338"/>
</kw>
<kw name="Sleep" library="BuiltIn">
<arg>5</arg>
<doc>Pauses the test executed for the given time.</doc>
<msg timestamp="20220801 23:35:14.349" level="INFO">Slept 5 seconds</msg>
<status status="PASS" starttime="20220801 23:35:09.340" endtime="20220801 23:35:14.350"/>
</kw>
<status status="PASS" starttime="20220801 23:35:08.839" endtime="20220801 23:35:14.352"/>
</kw>
<kw name="And abro o quick share" library="ValidarBookescritorioPage">
<kw name="Click Element" library="SeleniumLibrary">
<arg>${share.quickshare}</arg>
<doc>Click the element identified by ``locator``.</doc>
<msg timestamp="20220801 23:35:14.367" level="INFO">Clicking element '//p[text()=' Quick Share']'.</msg>
<status status="PASS" starttime="20220801 23:35:14.358" endtime="20220801 23:35:14.976"/>
</kw>
<status status="PASS" starttime="20220801 23:35:14.356" endtime="20220801 23:35:14.977"/>
</kw>
<kw name="And clico no botao compartilhar" library="ValidarBookescritorioPage">
<kw name="Click Element" library="SeleniumLibrary">
<arg>${share.share}</arg>
<doc>Click the element identified by ``locator``.</doc>
<msg timestamp="20220801 23:35:14.985" level="INFO">Clicking element '//*[name()='path' and contains(@d,'M24 18.666')]'.</msg>
<msg timestamp="20220801 23:35:20.294" level="INFO" html="true">&lt;/td&gt;&lt;/tr&gt;&lt;tr&gt;&lt;td colspan="3"&gt;&lt;a href="selenium-screenshot-10.png"&gt;&lt;img src="selenium-screenshot-10.png" width="800px"&gt;&lt;/a&gt;</msg>
<msg timestamp="20220801 23:35:20.299" level="FAIL">Element with locator '//*[name()='path' and contains(@d,'M24 18.666')]' not found.</msg>
<status status="FAIL" starttime="20220801 23:35:14.980" endtime="20220801 23:35:20.326"/>
</kw>
<status status="FAIL" starttime="20220801 23:35:14.979" endtime="20220801 23:35:20.329"/>
</kw>
<kw name="And vejo um toast de sucesso de missao" library="ValidarBookescritorioPage">
<status status="NOT RUN" starttime="20220801 23:35:20.331" endtime="20220801 23:35:20.331"/>
</kw>
<kw name="And fecho o smarthings" library="ValidarBookescritorioPage">
<status status="NOT RUN" starttime="20220801 23:35:20.333" endtime="20220801 23:35:20.334"/>
</kw>
<kw name="And abro a lupa do Book do escritorio novamente" library="ValidarBookescritorioPage">
<status status="NOT RUN" starttime="20220801 23:35:20.335" endtime="20220801 23:35:20.335"/>
</kw>
<kw name="And clico em Dicas da sam" library="ValidarSBsalaPage">
<status status="NOT RUN" starttime="20220801 23:35:20.337" endtime="20220801 23:35:20.337"/>
</kw>
<kw name="And clico no botao ver mais" library="ValidarSBsalaPage">
<status status="NOT RUN" starttime="20220801 23:35:20.338" endtime="20220801 23:35:20.339"/>
</kw>
<kw name="And clico no botao fechar Dicas" library="ValidarSBsalaPage">
<status status="NOT RUN" starttime="20220801 23:35:20.340" endtime="20220801 23:35:20.340"/>
</kw>
<tag>test</tag>
<status status="FAIL" starttime="20220801 23:34:22.489" endtime="20220801 23:35:20.343">Element with locator '//*[name()='path' and contains(@d,'M24 18.666')]' not found.</status>
</test>
<kw name="Close Session" library="BasePage" type="TEARDOWN">
<kw name="Capture Page Screenshot" library="SeleniumLibrary">
<doc>Takes a screenshot of the current page and embeds it into a log file.</doc>
<msg timestamp="20220801 23:35:24.813" level="INFO" html="true">&lt;/td&gt;&lt;/tr&gt;&lt;tr&gt;&lt;td colspan="3"&gt;&lt;a href="selenium-screenshot-11.png"&gt;&lt;img src="selenium-screenshot-11.png" width="800px"&gt;&lt;/a&gt;</msg>
<status status="PASS" starttime="20220801 23:35:20.365" endtime="20220801 23:35:24.814"/>
</kw>
<kw name="Close Browser" library="SeleniumLibrary">
<doc>Closes the current browser.</doc>
<status status="PASS" starttime="20220801 23:35:24.815" endtime="20220801 23:35:28.868"/>
</kw>
<status status="PASS" starttime="20220801 23:35:20.360" endtime="20220801 23:35:28.869"/>
</kw>
<status status="FAIL" starttime="20220801 23:34:07.073" endtime="20220801 23:35:28.869"/>
</suite>
<statistics>
<total>
<stat pass="0" fail="1" skip="0">All Tests</stat>
</total>
<tag>
<stat pass="0" fail="1" skip="0">test</stat>
</tag>
<suite>
<stat pass="0" fail="1" skip="0" id="s1" name="validarBookescritorio">validarBookescritorio</stat>
</suite>
</statistics>
<errors>
<msg timestamp="20220801 23:34:08.327" level="ERROR">Error in file 'C:\ProjetoVRHome\RobotXpert\Resources\BasePage.robot' on line 9: Resource file 'Pages\CoresPage.robot' does not exist.</msg>
</errors>
</robot>
