<?xml version="1.0" encoding="UTF-8"?>
<robot generator="Robot 5.0.1 (Python 3.7.3 on win32)" generated="20220809 21:55:15.779" rpa="false" schemaversion="3">
<suite id="s1" name="Tests" source="C:\ProjetoVRHome\RobotXpert\Tests">
<suite id="s1-s1" name="Configuracoes" source="C:\ProjetoVRHome\RobotXpert\Tests\configuracoes.robot">
<kw name="Start Session" library="BasePage" type="SETUP">
<kw name="Open Browser" library="SeleniumLibrary">
<arg>about:blank</arg>
<arg>${BROWSER}</arg>
<doc>Opens a new browser instance to the optional ``url``.</doc>
<msg timestamp="20220809 21:55:16.297" level="INFO">Opening browser 'Chrome' to base url 'about:blank'.</msg>
<status status="PASS" starttime="20220809 21:55:16.297" endtime="20220809 21:55:19.356"/>
</kw>
<kw name="Go To" library="SeleniumLibrary">
<arg>${BASEURL}</arg>
<doc>Navigates the current browser window to the provided ``url``.</doc>
<msg timestamp="20220809 21:55:19.358" level="INFO">Opening url 'https://d2fnnoijlny9vq.cloudfront.net/'</msg>
<status status="PASS" starttime="20220809 21:55:19.357" endtime="20220809 21:55:23.122"/>
</kw>
<kw name="Get Title" library="SeleniumLibrary">
<var>${PageTitle}</var>
<doc>Returns the title of the current page.</doc>
<msg timestamp="20220809 21:55:23.227" level="INFO">${PageTitle} = Samsung Smart Home</msg>
<status status="PASS" starttime="20220809 21:55:23.123" endtime="20220809 21:55:23.227"/>
</kw>
<kw name="Log" library="BuiltIn">
<arg>${PageTitle}</arg>
<doc>Logs the given message with the given level.</doc>
<msg timestamp="20220809 21:55:23.229" level="INFO">Samsung Smart Home</msg>
<status status="PASS" starttime="20220809 21:55:23.228" endtime="20220809 21:55:23.229"/>
</kw>
<kw name="Maximize Browser Window" library="SeleniumLibrary">
<doc>Maximizes current browser window.</doc>
<status status="PASS" starttime="20220809 21:55:23.230" endtime="20220809 21:55:24.400"/>
</kw>
<kw name="Sleep" library="BuiltIn">
<arg>6</arg>
<doc>Pauses the test executed for the given time.</doc>
<msg timestamp="20220809 21:55:30.408" level="INFO">Slept 6 seconds</msg>
<status status="PASS" starttime="20220809 21:55:24.402" endtime="20220809 21:55:30.408"/>
</kw>
<status status="PASS" starttime="20220809 21:55:16.296" endtime="20220809 21:55:30.409"/>
</kw>
<test id="s1-s1-t1" name="Scenario 3 - Testa Menu de Configuracoes" line="8">
<kw name="Given acesso a pagina" library="MapaPage">
<kw name="Sleep" library="BuiltIn">
<arg>10</arg>
<doc>Pauses the test executed for the given time.</doc>
<msg timestamp="20220809 21:55:40.496" level="INFO">Slept 10 seconds</msg>
<status status="PASS" starttime="20220809 21:55:30.484" endtime="20220809 21:55:40.496"/>
</kw>
<status status="PASS" starttime="20220809 21:55:30.482" endtime="20220809 21:55:40.497"/>
</kw>
<kw name="And verifico a pagina inicial" library="MapaPage">
<kw name="Wait Until Element Is Visible" library="SeleniumLibrary">
<arg>${mapa.samImg}</arg>
<arg>${TIMEOUT}</arg>
<doc>Waits until the element ``locator`` is visible.</doc>
<status status="PASS" starttime="20220809 21:55:40.500" endtime="20220809 21:55:46.688"/>
</kw>
<status status="PASS" starttime="20220809 21:55:40.499" endtime="20220809 21:55:46.689"/>
</kw>
<kw name="And pulo o tutorial" library="TutorialPage">
<kw name="Wait Until Element Is Visible" library="SeleniumLibrary">
<arg>${tutorial.pularTutorial}</arg>
<doc>Waits until the element ``locator`` is visible.</doc>
<status status="PASS" starttime="20220809 21:55:46.691" endtime="20220809 21:55:47.300"/>
</kw>
<kw name="Click Element" library="SeleniumLibrary">
<arg>${tutorial.pularTutorial}</arg>
<doc>Click the element identified by ``locator``.</doc>
<msg timestamp="20220809 21:55:47.303" level="INFO">Clicking element '//p[text()='PULAR TUTORIAL']'.</msg>
<status status="PASS" starttime="20220809 21:55:47.301" endtime="20220809 21:55:50.278"/>
</kw>
<status status="PASS" starttime="20220809 21:55:46.690" endtime="20220809 21:55:50.279"/>
</kw>
<kw name="And a tela inicial é exibida" library="TutorialPage">
<kw name="Wait Until Element Is Visible" library="SeleniumLibrary">
<arg>${tutorial.menu}</arg>
<arg>${TIMEOUT}</arg>
<doc>Waits until the element ``locator`` is visible.</doc>
<status status="PASS" starttime="20220809 21:55:50.286" endtime="20220809 21:55:50.902"/>
</kw>
<status status="PASS" starttime="20220809 21:55:50.283" endtime="20220809 21:55:50.902"/>
</kw>
<kw name="And abro o menu de configuracoes" library="ConfiguracoesPage">
<kw name="Click Element" library="SeleniumLibrary">
<arg>${config}</arg>
<doc>Click the element identified by ``locator``.</doc>
<msg timestamp="20220809 21:55:50.912" level="INFO">Clicking element '//div[@class='css-1jxphso']//div[1]'.</msg>
<status status="PASS" starttime="20220809 21:55:50.911" endtime="20220809 21:55:56.884"/>
</kw>
<status status="PASS" starttime="20220809 21:55:50.909" endtime="20220809 21:55:56.884"/>
</kw>
<kw name="And clico no termos de uso" library="ConfiguracoesPage">
<kw name="Click Element" library="SeleniumLibrary">
<arg>${abretermos}</arg>
<doc>Click the element identified by ``locator``.</doc>
<msg timestamp="20220809 21:55:56.888" level="INFO">Clicking element '//p[text()='Termos de Uso e Política de Privacidade']'.</msg>
<status status="PASS" starttime="20220809 21:55:56.887" endtime="20220809 21:56:06.395"/>
</kw>
<kw name="Sleep" library="BuiltIn">
<arg>2</arg>
<doc>Pauses the test executed for the given time.</doc>
<msg timestamp="20220809 21:56:08.411" level="INFO">Slept 2 seconds</msg>
<status status="PASS" starttime="20220809 21:56:06.397" endtime="20220809 21:56:08.413"/>
</kw>
<status status="PASS" starttime="20220809 21:55:56.886" endtime="20220809 21:56:08.414"/>
</kw>
<kw name="Conferir termos de uso" library="ConfiguracoesPage">
<kw name="Page Should Contain" library="SeleniumLibrary">
<arg>Termos de Uso e Política de Privacidade</arg>
<doc>Verifies that current page contains ``text``.</doc>
<msg timestamp="20220809 21:56:11.237" level="INFO">Current page contains text 'Termos de Uso e Política de Privacidade'.</msg>
<status status="PASS" starttime="20220809 21:56:08.419" endtime="20220809 21:56:11.238"/>
</kw>
<status status="PASS" starttime="20220809 21:56:08.417" endtime="20220809 21:56:11.238"/>
</kw>
<kw name="And fecho o termo de uso" library="ConfiguracoesPage">
<kw name="Click Element" library="SeleniumLibrary">
<arg>${fechatermos}</arg>
<doc>Click the element identified by ``locator``.</doc>
<msg timestamp="20220809 21:56:11.250" level="INFO">Clicking element '//button[@class='chakra-modal__close-btn css-t3vzcg']'.</msg>
<status status="PASS" starttime="20220809 21:56:11.249" endtime="20220809 21:56:13.738"/>
</kw>
<status status="PASS" starttime="20220809 21:56:11.243" endtime="20220809 21:56:13.739"/>
</kw>
<kw name="And clico em licença de codigo aberto" library="ConfiguracoesPage">
<kw name="Click Element" library="SeleniumLibrary">
<arg>${abrelicença}</arg>
<doc>Click the element identified by ``locator``.</doc>
<msg timestamp="20220809 21:56:13.745" level="INFO">Clicking element '//p[text()='Licença de código aberto']'.</msg>
<status status="PASS" starttime="20220809 21:56:13.744" endtime="20220809 21:56:14.615"/>
</kw>
<kw name="Sleep" library="BuiltIn">
<arg>2</arg>
<doc>Pauses the test executed for the given time.</doc>
<msg timestamp="20220809 21:56:16.632" level="INFO">Slept 2 seconds</msg>
<status status="PASS" starttime="20220809 21:56:14.616" endtime="20220809 21:56:16.632"/>
</kw>
<status status="PASS" starttime="20220809 21:56:13.742" endtime="20220809 21:56:16.633"/>
</kw>
<kw name="Conferir licença de codigo aberto" library="ConfiguracoesPage">
<kw name="Page Should Contain" library="SeleniumLibrary">
<arg>Licença de código aberto</arg>
<doc>Verifies that current page contains ``text``.</doc>
<msg timestamp="20220809 21:56:27.043" level="INFO">Current page contains text 'Licença de código aberto'.</msg>
<status status="PASS" starttime="20220809 21:56:16.638" endtime="20220809 21:56:27.043"/>
</kw>
<status status="PASS" starttime="20220809 21:56:16.636" endtime="20220809 21:56:27.044"/>
</kw>
<kw name="And fecho a licença de codigo aberto" library="ConfiguracoesPage">
<kw name="Click Element" library="SeleniumLibrary">
<arg>${fechalicença}</arg>
<doc>Click the element identified by ``locator``.</doc>
<msg timestamp="20220809 21:56:27.051" level="INFO">Clicking element '//button[@class='chakra-modal__close-btn css-t3vzcg']'.</msg>
<status status="PASS" starttime="20220809 21:56:27.050" endtime="20220809 21:56:29.474"/>
</kw>
<status status="PASS" starttime="20220809 21:56:27.048" endtime="20220809 21:56:29.475"/>
</kw>
<kw name="And mudo a linguagem para espanhol" library="ConfiguracoesPage">
<kw name="Click Element" library="SeleniumLibrary">
<arg>${selecionaLingua}</arg>
<doc>Click the element identified by ``locator``.</doc>
<msg timestamp="20220809 21:56:29.482" level="INFO">Clicking element '//button[contains(@class,'chakra-button chakra-menu__menu-button')]'.</msg>
<status status="PASS" starttime="20220809 21:56:29.481" endtime="20220809 21:56:36.809"/>
</kw>
<kw name="Click Element" library="SeleniumLibrary">
<arg>${esp}</arg>
<doc>Click the element identified by ``locator``.</doc>
<msg timestamp="20220809 21:56:36.812" level="INFO">Clicking element '//button[text()='Español']'.</msg>
<status status="PASS" starttime="20220809 21:56:36.810" endtime="20220809 21:56:44.743"/>
</kw>
<kw name="Sleep" library="BuiltIn">
<arg>2</arg>
<doc>Pauses the test executed for the given time.</doc>
<msg timestamp="20220809 21:56:46.753" level="INFO">Slept 2 seconds</msg>
<status status="PASS" starttime="20220809 21:56:44.744" endtime="20220809 21:56:46.754"/>
</kw>
<status status="PASS" starttime="20220809 21:56:29.478" endtime="20220809 21:56:46.755"/>
</kw>
<kw name="Conferir linguagem em espanhol" library="ConfiguracoesPage">
<kw name="Page Should Contain" library="SeleniumLibrary">
<arg>Configuraciones</arg>
<doc>Verifies that current page contains ``text``.</doc>
<msg timestamp="20220809 21:56:48.862" level="INFO">Current page contains text 'Configuraciones'.</msg>
<status status="PASS" starttime="20220809 21:56:46.766" endtime="20220809 21:56:48.863"/>
</kw>
<status status="PASS" starttime="20220809 21:56:46.764" endtime="20220809 21:56:48.863"/>
</kw>
<kw name="And mudo a linguagem para portugues" library="ConfiguracoesPage">
<kw name="Click Element" library="SeleniumLibrary">
<arg>${selecionaLingua}</arg>
<doc>Click the element identified by ``locator``.</doc>
<msg timestamp="20220809 21:56:48.879" level="INFO">Clicking element '//button[contains(@class,'chakra-button chakra-menu__menu-button')]'.</msg>
<status status="PASS" starttime="20220809 21:56:48.878" endtime="20220809 21:56:51.256"/>
</kw>
<kw name="Click Element" library="SeleniumLibrary">
<arg>${port}</arg>
<doc>Click the element identified by ``locator``.</doc>
<msg timestamp="20220809 21:56:51.260" level="INFO">Clicking element '//button[text()='Português']'.</msg>
<status status="PASS" starttime="20220809 21:56:51.258" endtime="20220809 21:56:53.274"/>
</kw>
<kw name="Sleep" library="BuiltIn">
<arg>2</arg>
<doc>Pauses the test executed for the given time.</doc>
<msg timestamp="20220809 21:56:55.293" level="INFO">Slept 2 seconds</msg>
<status status="PASS" starttime="20220809 21:56:53.276" endtime="20220809 21:56:55.294"/>
</kw>
<status status="PASS" starttime="20220809 21:56:48.876" endtime="20220809 21:56:55.295"/>
</kw>
<kw name="And desabilito a musica" library="ConfiguracoesPage">
<kw name="Click Element" library="SeleniumLibrary">
<arg>${musica}</arg>
<doc>Click the element identified by ``locator``.</doc>
<msg timestamp="20220809 21:56:55.315" level="INFO">Clicking element '//span[@class='chakra-switch__track css-1lklytl']//span'.</msg>
<status status="PASS" starttime="20220809 21:56:55.313" endtime="20220809 21:56:58.107"/>
</kw>
<status status="PASS" starttime="20220809 21:56:55.312" endtime="20220809 21:56:58.108"/>
</kw>
<kw name="And desabilito o som" library="ConfiguracoesPage">
<kw name="Click Element" library="SeleniumLibrary">
<arg>${som}</arg>
<doc>Click the element identified by ``locator``.</doc>
<msg timestamp="20220809 21:56:58.114" level="INFO">Clicking element '(//input[@class='chakra-switch__input']/following-sibling::span)[2]'.</msg>
<status status="PASS" starttime="20220809 21:56:58.112" endtime="20220809 21:57:00.202"/>
</kw>
<status status="PASS" starttime="20220809 21:56:58.110" endtime="20220809 21:57:00.203"/>
</kw>
<kw name="And visualizo as minhas conquistas" library="ConfiguracoesPage">
<kw name="Click Element" library="SeleniumLibrary">
<arg>${conquistas}</arg>
<doc>Click the element identified by ``locator``.</doc>
<msg timestamp="20220809 21:57:00.210" level="INFO">Clicking element '//button[text()='Minhas conquistas']'.</msg>
<status status="PASS" starttime="20220809 21:57:00.209" endtime="20220809 21:57:02.248"/>
</kw>
<kw name="Sleep" library="BuiltIn">
<arg>2</arg>
<doc>Pauses the test executed for the given time.</doc>
<msg timestamp="20220809 21:57:04.256" level="INFO">Slept 2 seconds</msg>
<status status="PASS" starttime="20220809 21:57:02.249" endtime="20220809 21:57:04.257"/>
</kw>
<status status="PASS" starttime="20220809 21:57:00.206" endtime="20220809 21:57:04.259"/>
</kw>
<kw name="Conferir minhas conquistas" library="ConfiguracoesPage">
<kw name="Page Should Contain" library="SeleniumLibrary">
<arg>Minhas conquistas</arg>
<doc>Verifies that current page contains ``text``.</doc>
<msg timestamp="20220809 21:57:04.825" level="INFO">Current page contains text 'Minhas conquistas'.</msg>
<status status="PASS" starttime="20220809 21:57:04.264" endtime="20220809 21:57:04.826"/>
</kw>
<status status="PASS" starttime="20220809 21:57:04.263" endtime="20220809 21:57:04.827"/>
</kw>
<kw name="And fecho as minhas conquistas" library="ConfiguracoesPage">
<kw name="Click Element" library="SeleniumLibrary">
<arg>${fechaconquistas}</arg>
<doc>Click the element identified by ``locator``.</doc>
<msg timestamp="20220809 21:57:04.834" level="INFO">Clicking element '//button[@class='chakra-modal__close-btn css-1e9x3su']'.</msg>
<status status="PASS" starttime="20220809 21:57:04.833" endtime="20220809 21:57:06.478"/>
</kw>
<status status="PASS" starttime="20220809 21:57:04.831" endtime="20220809 21:57:06.478"/>
</kw>
<tag>test</tag>
<status status="PASS" starttime="20220809 21:55:30.411" endtime="20220809 21:57:06.485"/>
</test>
<kw name="Close Session" library="BasePage" type="TEARDOWN">
<kw name="Capture Page Screenshot" library="SeleniumLibrary">
<doc>Takes a screenshot of the current page and embeds it into a log file.</doc>
<msg timestamp="20220809 21:57:10.651" level="INFO" html="true">&lt;/td&gt;&lt;/tr&gt;&lt;tr&gt;&lt;td colspan="3"&gt;&lt;a href="selenium-screenshot-41.png"&gt;&lt;img src="selenium-screenshot-41.png" width="800px"&gt;&lt;/a&gt;</msg>
<status status="PASS" starttime="20220809 21:57:06.500" endtime="20220809 21:57:10.652"/>
</kw>
<kw name="Close Browser" library="SeleniumLibrary">
<doc>Closes the current browser.</doc>
<status status="PASS" starttime="20220809 21:57:10.654" endtime="20220809 21:57:16.875"/>
</kw>
<status status="PASS" starttime="20220809 21:57:06.499" endtime="20220809 21:57:16.876"/>
</kw>
<status status="PASS" starttime="20220809 21:55:15.814" endtime="20220809 21:57:16.876"/>
</suite>
<suite id="s1-s2" name="iniciarNovaExperiencia" source="C:\ProjetoVRHome\RobotXpert\Tests\iniciarNovaExperiencia.robot">
<kw name="Start Session" library="BasePage" type="SETUP">
<kw name="Open Browser" library="SeleniumLibrary">
<arg>about:blank</arg>
<arg>${BROWSER}</arg>
<doc>Opens a new browser instance to the optional ``url``.</doc>
<msg timestamp="20220809 21:57:17.116" level="INFO">Opening browser 'Chrome' to base url 'about:blank'.</msg>
<status status="PASS" starttime="20220809 21:57:17.115" endtime="20220809 21:57:20.445"/>
</kw>
<kw name="Go To" library="SeleniumLibrary">
<arg>${BASEURL}</arg>
<doc>Navigates the current browser window to the provided ``url``.</doc>
<msg timestamp="20220809 21:57:20.447" level="INFO">Opening url 'https://d2fnnoijlny9vq.cloudfront.net/'</msg>
<status status="PASS" starttime="20220809 21:57:20.446" endtime="20220809 21:57:25.653"/>
</kw>
<kw name="Get Title" library="SeleniumLibrary">
<var>${PageTitle}</var>
<doc>Returns the title of the current page.</doc>
<msg timestamp="20220809 21:57:25.761" level="INFO">${PageTitle} = Samsung Smart Home</msg>
<status status="PASS" starttime="20220809 21:57:25.653" endtime="20220809 21:57:25.762"/>
</kw>
<kw name="Log" library="BuiltIn">
<arg>${PageTitle}</arg>
<doc>Logs the given message with the given level.</doc>
<msg timestamp="20220809 21:57:25.764" level="INFO">Samsung Smart Home</msg>
<status status="PASS" starttime="20220809 21:57:25.763" endtime="20220809 21:57:25.764"/>
</kw>
<kw name="Maximize Browser Window" library="SeleniumLibrary">
<doc>Maximizes current browser window.</doc>
<status status="PASS" starttime="20220809 21:57:25.765" endtime="20220809 21:57:25.938"/>
</kw>
<kw name="Sleep" library="BuiltIn">
<arg>6</arg>
<doc>Pauses the test executed for the given time.</doc>
<msg timestamp="20220809 21:57:31.951" level="INFO">Slept 6 seconds</msg>
<status status="PASS" starttime="20220809 21:57:25.939" endtime="20220809 21:57:31.952"/>
</kw>
<status status="PASS" starttime="20220809 21:57:17.114" endtime="20220809 21:57:31.954"/>
</kw>
<test id="s1-s2-t1" name="Scenario 3 - Testa Iniciar Nova Experiencia" line="8">
<kw name="Given acesso a pagina" library="MapaPage">
<kw name="Sleep" library="BuiltIn">
<arg>10</arg>
<doc>Pauses the test executed for the given time.</doc>
<msg timestamp="20220809 21:57:41.965" level="INFO">Slept 10 seconds</msg>
<status status="PASS" starttime="20220809 21:57:31.963" endtime="20220809 21:57:41.966"/>
</kw>
<status status="PASS" starttime="20220809 21:57:31.961" endtime="20220809 21:57:41.967"/>
</kw>
<kw name="And verifico a pagina inicial" library="MapaPage">
<kw name="Wait Until Element Is Visible" library="SeleniumLibrary">
<arg>${mapa.samImg}</arg>
<arg>${TIMEOUT}</arg>
<doc>Waits until the element ``locator`` is visible.</doc>
<status status="PASS" starttime="20220809 21:57:41.972" endtime="20220809 21:57:43.775"/>
</kw>
<status status="PASS" starttime="20220809 21:57:41.970" endtime="20220809 21:57:43.776"/>
</kw>
<kw name="And pulo o tutorial" library="TutorialPage">
<kw name="Wait Until Element Is Visible" library="SeleniumLibrary">
<arg>${tutorial.pularTutorial}</arg>
<doc>Waits until the element ``locator`` is visible.</doc>
<status status="PASS" starttime="20220809 21:57:43.783" endtime="20220809 21:57:45.407"/>
</kw>
<kw name="Click Element" library="SeleniumLibrary">
<arg>${tutorial.pularTutorial}</arg>
<doc>Click the element identified by ``locator``.</doc>
<msg timestamp="20220809 21:57:45.410" level="INFO">Clicking element '//p[text()='PULAR TUTORIAL']'.</msg>
<status status="PASS" starttime="20220809 21:57:45.408" endtime="20220809 21:57:47.876"/>
</kw>
<status status="PASS" starttime="20220809 21:57:43.780" endtime="20220809 21:57:47.876"/>
</kw>
<kw name="And a tela inicial é exibida" library="TutorialPage">
<kw name="Wait Until Element Is Visible" library="SeleniumLibrary">
<arg>${tutorial.menu}</arg>
<arg>${TIMEOUT}</arg>
<doc>Waits until the element ``locator`` is visible.</doc>
<status status="PASS" starttime="20220809 21:57:47.882" endtime="20220809 21:57:49.729"/>
</kw>
<status status="PASS" starttime="20220809 21:57:47.879" endtime="20220809 21:57:49.731"/>
</kw>
<kw name="And abro o menu de configuracoes" library="ConfiguracoesPage">
<kw name="Click Element" library="SeleniumLibrary">
<arg>${config}</arg>
<doc>Click the element identified by ``locator``.</doc>
<msg timestamp="20220809 21:57:49.743" level="INFO">Clicking element '//div[@class='css-1jxphso']//div[1]'.</msg>
<status status="PASS" starttime="20220809 21:57:49.743" endtime="20220809 21:57:53.293"/>
</kw>
<status status="PASS" starttime="20220809 21:57:49.741" endtime="20220809 21:57:53.294"/>
</kw>
<kw name="And clico em Iniciar nova experiencia" library="IniciarNovaExperienciaPage">
<kw name="Click Element" library="SeleniumLibrary">
<arg>${novaExperiencia}</arg>
<doc>Click the element identified by ``locator``.</doc>
<msg timestamp="20220809 21:57:53.297" level="INFO">Clicking element '//button[text()='Iniciar nova experiência']'.</msg>
<status status="PASS" starttime="20220809 21:57:53.296" endtime="20220809 21:57:56.725"/>
</kw>
<status status="PASS" starttime="20220809 21:57:53.295" endtime="20220809 21:57:56.726"/>
</kw>
<kw name="And clico no botao Reiniciar" library="IniciarNovaExperienciaPage">
<kw name="Click Element" library="SeleniumLibrary">
<arg>${reiniciar}</arg>
<doc>Click the element identified by ``locator``.</doc>
<msg timestamp="20220809 21:57:56.732" level="INFO">Clicking element '//button[text()='Reiniciar']'.</msg>
<status status="PASS" starttime="20220809 21:57:56.730" endtime="20220809 21:58:01.803"/>
</kw>
<status status="PASS" starttime="20220809 21:57:56.729" endtime="20220809 21:58:01.803"/>
</kw>
<kw name="And tutorial é exibido" library="IniciarNovaExperienciaPage">
<kw name="Wait Until Element Is Visible" library="SeleniumLibrary">
<arg>${mapa.samImg}</arg>
<arg>${TIMEOUT}</arg>
<doc>Waits until the element ``locator`` is visible.</doc>
<status status="PASS" starttime="20220809 21:58:01.807" endtime="20220809 21:58:08.292"/>
</kw>
<kw name="Page Should Contain" library="SeleniumLibrary">
<arg>Olá, que bom ter você por aqui!</arg>
<doc>Verifies that current page contains ``text``.</doc>
<msg timestamp="20220809 21:58:10.811" level="INFO">Current page contains text 'Olá, que bom ter você por aqui!'.</msg>
<status status="PASS" starttime="20220809 21:58:08.292" endtime="20220809 21:58:10.812"/>
</kw>
<status status="PASS" starttime="20220809 21:58:01.805" endtime="20220809 21:58:10.812"/>
</kw>
<tag>test</tag>
<status status="PASS" starttime="20220809 21:57:31.955" endtime="20220809 21:58:10.814"/>
</test>
<kw name="Close Session" library="BasePage" type="TEARDOWN">
<kw name="Capture Page Screenshot" library="SeleniumLibrary">
<doc>Takes a screenshot of the current page and embeds it into a log file.</doc>
<msg timestamp="20220809 21:58:15.477" level="INFO" html="true">&lt;/td&gt;&lt;/tr&gt;&lt;tr&gt;&lt;td colspan="3"&gt;&lt;a href="selenium-screenshot-42.png"&gt;&lt;img src="selenium-screenshot-42.png" width="800px"&gt;&lt;/a&gt;</msg>
<status status="PASS" starttime="20220809 21:58:10.839" endtime="20220809 21:58:15.477"/>
</kw>
<kw name="Close Browser" library="SeleniumLibrary">
<doc>Closes the current browser.</doc>
<status status="PASS" starttime="20220809 21:58:15.478" endtime="20220809 21:58:18.275"/>
</kw>
<status status="PASS" starttime="20220809 21:58:10.837" endtime="20220809 21:58:18.276"/>
</kw>
<status status="PASS" starttime="20220809 21:57:16.880" endtime="20220809 21:58:18.276"/>
</suite>
<suite id="s1-s3" name="ligarAr" source="C:\ProjetoVRHome\RobotXpert\Tests\ligarAr.robot">
<kw name="Start Session" library="BasePage" type="SETUP">
<kw name="Open Browser" library="SeleniumLibrary">
<arg>about:blank</arg>
<arg>${BROWSER}</arg>
<doc>Opens a new browser instance to the optional ``url``.</doc>
<msg timestamp="20220809 21:58:18.367" level="INFO">Opening browser 'Chrome' to base url 'about:blank'.</msg>
<status status="PASS" starttime="20220809 21:58:18.366" endtime="20220809 21:58:21.608"/>
</kw>
<kw name="Go To" library="SeleniumLibrary">
<arg>${BASEURL}</arg>
<doc>Navigates the current browser window to the provided ``url``.</doc>
<msg timestamp="20220809 21:58:21.609" level="INFO">Opening url 'https://d2fnnoijlny9vq.cloudfront.net/'</msg>
<status status="PASS" starttime="20220809 21:58:21.609" endtime="20220809 21:58:26.417"/>
</kw>
<kw name="Get Title" library="SeleniumLibrary">
<var>${PageTitle}</var>
<doc>Returns the title of the current page.</doc>
<msg timestamp="20220809 21:58:26.434" level="INFO">${PageTitle} = Samsung Smart Home</msg>
<status status="PASS" starttime="20220809 21:58:26.418" endtime="20220809 21:58:26.435"/>
</kw>
<kw name="Log" library="BuiltIn">
<arg>${PageTitle}</arg>
<doc>Logs the given message with the given level.</doc>
<msg timestamp="20220809 21:58:26.437" level="INFO">Samsung Smart Home</msg>
<status status="PASS" starttime="20220809 21:58:26.435" endtime="20220809 21:58:26.437"/>
</kw>
<kw name="Maximize Browser Window" library="SeleniumLibrary">
<doc>Maximizes current browser window.</doc>
<status status="PASS" starttime="20220809 21:58:26.438" endtime="20220809 21:58:28.479"/>
</kw>
<kw name="Sleep" library="BuiltIn">
<arg>6</arg>
<doc>Pauses the test executed for the given time.</doc>
<msg timestamp="20220809 21:58:34.486" level="INFO">Slept 6 seconds</msg>
<status status="PASS" starttime="20220809 21:58:28.480" endtime="20220809 21:58:34.486"/>
</kw>
<status status="PASS" starttime="20220809 21:58:18.360" endtime="20220809 21:58:34.487"/>
</kw>
<test id="s1-s3-t1" name="Scenario 1 - Ligar AR da sala" line="8">
<kw name="Given acesso a pagina" library="MapaPage">
<kw name="Sleep" library="BuiltIn">
<arg>10</arg>
<doc>Pauses the test executed for the given time.</doc>
<msg timestamp="20220809 21:58:44.519" level="INFO">Slept 10 seconds</msg>
<status status="PASS" starttime="20220809 21:58:34.503" endtime="20220809 21:58:44.522"/>
</kw>
<status status="PASS" starttime="20220809 21:58:34.500" endtime="20220809 21:58:44.523"/>
</kw>
<kw name="And verifico a pagina inicial" library="MapaPage">
<kw name="Wait Until Element Is Visible" library="SeleniumLibrary">
<arg>${mapa.samImg}</arg>
<arg>${TIMEOUT}</arg>
<doc>Waits until the element ``locator`` is visible.</doc>
<status status="PASS" starttime="20220809 21:58:44.562" endtime="20220809 21:58:47.296"/>
</kw>
<status status="PASS" starttime="20220809 21:58:44.556" endtime="20220809 21:58:47.297"/>
</kw>
<kw name="And pulo o tutorial" library="TutorialPage">
<kw name="Wait Until Element Is Visible" library="SeleniumLibrary">
<arg>${tutorial.pularTutorial}</arg>
<doc>Waits until the element ``locator`` is visible.</doc>
<status status="PASS" starttime="20220809 21:58:47.303" endtime="20220809 21:58:47.828"/>
</kw>
<kw name="Click Element" library="SeleniumLibrary">
<arg>${tutorial.pularTutorial}</arg>
<doc>Click the element identified by ``locator``.</doc>
<msg timestamp="20220809 21:58:47.836" level="INFO">Clicking element '//p[text()='PULAR TUTORIAL']'.</msg>
<status status="PASS" starttime="20220809 21:58:47.829" endtime="20220809 21:58:49.716"/>
</kw>
<status status="PASS" starttime="20220809 21:58:47.301" endtime="20220809 21:58:49.717"/>
</kw>
<kw name="And a tela inicial é exibida" library="TutorialPage">
<kw name="Wait Until Element Is Visible" library="SeleniumLibrary">
<arg>${tutorial.menu}</arg>
<arg>${TIMEOUT}</arg>
<doc>Waits until the element ``locator`` is visible.</doc>
<status status="PASS" starttime="20220809 21:58:49.723" endtime="20220809 21:58:53.441"/>
</kw>
<status status="PASS" starttime="20220809 21:58:49.719" endtime="20220809 21:58:53.442"/>
</kw>
<kw name="And clico na lupa do ar" library="ValidarARPage">
<kw name="Execute Javascript" library="SeleniumLibrary">
<arg>window.openWindow('device', '{"device":"livingroom/ac"}');</arg>
<doc>Executes the given JavaScript code with possible arguments.</doc>
<msg timestamp="20220809 21:58:53.453" level="INFO">Executing JavaScript:
window.openWindow('device', '{"device":"livingroom/ac"}');
Without any arguments.</msg>
<status status="PASS" starttime="20220809 21:58:53.448" endtime="20220809 21:58:53.786"/>
</kw>
<kw name="Sleep" library="BuiltIn">
<arg>5</arg>
<doc>Pauses the test executed for the given time.</doc>
<msg timestamp="20220809 21:58:58.795" level="INFO">Slept 5 seconds</msg>
<status status="PASS" starttime="20220809 21:58:53.787" endtime="20220809 21:58:58.796"/>
</kw>
<status status="PASS" starttime="20220809 21:58:53.446" endtime="20220809 21:58:58.798"/>
</kw>
<kw name="And clico ligar ar no SmartThings" library="LigarArPage">
<kw name="Click Element" library="SeleniumLibrary">
<arg>${st.smartthings}</arg>
<doc>Click the element identified by ``locator``.</doc>
<msg timestamp="20220809 21:58:58.816" level="INFO">Clicking element '(//div[@class='css-15vvhi4']//div)[3]'.</msg>
<status status="PASS" starttime="20220809 21:58:58.812" endtime="20220809 21:59:02.388"/>
</kw>
<status status="PASS" starttime="20220809 21:58:58.807" endtime="20220809 21:59:02.389"/>
</kw>
<kw name="And clico em ligar ar" library="LigarArPage">
<kw name="Select Frame" library="SeleniumLibrary">
<arg>${st.iframe}</arg>
<doc>Sets frame identified by ``locator`` as the current frame.</doc>
<msg timestamp="20220809 21:59:02.397" level="INFO">Selecting frame '//iframe[@id='iframe-content'][@title='smart-things']'.</msg>
<status status="PASS" starttime="20220809 21:59:02.393" endtime="20220809 21:59:10.202"/>
</kw>
<kw name="Wait Until Element Is Visible" library="SeleniumLibrary">
<arg>${st.powerbutton}</arg>
<arg>${TIMEOUT}</arg>
<doc>Waits until the element ``locator`` is visible.</doc>
<status status="PASS" starttime="20220809 21:59:10.203" endtime="20220809 21:59:11.168"/>
</kw>
<kw name="click with Javascript" library="LigarSBsalaPage">
<arg>${st.powerbutton}</arg>
<kw name="Get WebElement" library="SeleniumLibrary">
<var>${ele}</var>
<arg>${webElement}</arg>
<doc>Returns the first WebElement matching the given ``locator``.</doc>
<msg timestamp="20220809 21:59:14.622" level="INFO">${ele} = &lt;selenium.webdriver.remote.webelement.WebElement (session="6d50022b3d606cf7bc650550b7b5dbba", element="e130ba51-2aaa-46c8-ba72-71d2a2ecf2db")&gt;</msg>
<status status="PASS" starttime="20220809 21:59:11.177" endtime="20220809 21:59:14.622"/>
</kw>
<kw name="Execute Javascript" library="SeleniumLibrary">
<arg>arguments[0].click();</arg>
<arg>ARGUMENTS</arg>
<arg>${ele}</arg>
<doc>Executes the given JavaScript code with possible arguments.</doc>
<msg timestamp="20220809 21:59:14.630" level="INFO">Executing JavaScript:
arguments[0].click();
By using argument:
'&lt;selenium.webdriver.remote.webelement.WebElement (session="6d50022b3d606cf7bc650550b7b5dbba", element="e130ba51-2aaa-46c8-ba72-71d2a2ecf2db")&gt;'</msg>
<status status="PASS" starttime="20220809 21:59:14.623" endtime="20220809 21:59:15.153"/>
</kw>
<status status="PASS" starttime="20220809 21:59:11.169" endtime="20220809 21:59:15.154"/>
</kw>
<kw name="Unselect Frame" library="SeleniumLibrary">
<doc>Sets the main frame as the current frame.</doc>
<status status="PASS" starttime="20220809 21:59:15.155" endtime="20220809 21:59:15.363"/>
</kw>
<status status="PASS" starttime="20220809 21:59:02.392" endtime="20220809 21:59:15.364"/>
</kw>
<tag>test</tag>
<status status="PASS" starttime="20220809 21:58:34.488" endtime="20220809 21:59:15.366"/>
</test>
<test id="s1-s3-t2" name="Scenario 2 - Ligar AR do quarto" line="18">
<kw name="And eu clico no icone mapa" library="MapaPage">
<kw name="Sleep" library="BuiltIn">
<arg>7</arg>
<doc>Pauses the test executed for the given time.</doc>
<msg timestamp="20220809 21:59:22.380" level="INFO">Slept 7 seconds</msg>
<status status="PASS" starttime="20220809 21:59:15.377" endtime="20220809 21:59:22.380"/>
</kw>
<kw name="Wait Until Element Is Visible" library="SeleniumLibrary">
<arg>${mapa.iconemapa}</arg>
<doc>Waits until the element ``locator`` is visible.</doc>
<status status="PASS" starttime="20220809 21:59:22.381" endtime="20220809 21:59:24.501"/>
</kw>
<kw name="Click Element" library="SeleniumLibrary">
<arg>${mapa.iconemapa}</arg>
<doc>Click the element identified by ``locator``.</doc>
<msg timestamp="20220809 21:59:24.506" level="INFO">Clicking element '//div[@class='css-13dls4l']//div[1]'.</msg>
<status status="PASS" starttime="20220809 21:59:24.502" endtime="20220809 21:59:30.565"/>
</kw>
<status status="PASS" starttime="20220809 21:59:15.375" endtime="20220809 21:59:30.566"/>
</kw>
<kw name="And vejo o mapa" library="MapaPage">
<kw name="Wait Until Element Is Visible" library="SeleniumLibrary">
<arg>${mapa.mapa}</arg>
<arg>${TIMEOUT}</arg>
<doc>Waits until the element ``locator`` is visible.</doc>
<status status="PASS" starttime="20220809 21:59:30.570" endtime="20220809 21:59:38.158"/>
</kw>
<status status="PASS" starttime="20220809 21:59:30.568" endtime="20220809 21:59:38.162"/>
</kw>
<kw name="And clico no comodo quarto" library="MapaPage">
<kw name="Wait Until Element Is Visible" library="SeleniumLibrary">
<arg>${mapa.mapaQuartoBoard}</arg>
<arg>${TIMEOUT}</arg>
<doc>Waits until the element ``locator`` is visible.</doc>
<status status="PASS" starttime="20220809 21:59:38.178" endtime="20220809 21:59:40.940"/>
</kw>
<kw name="Click Element" library="SeleniumLibrary">
<arg>${mapa.mapaQuartoBoard}</arg>
<doc>Click the element identified by ``locator``.</doc>
<msg timestamp="20220809 21:59:40.945" level="INFO">Clicking element 'map-space-bedroom'.</msg>
<status status="PASS" starttime="20220809 21:59:40.941" endtime="20220809 21:59:59.461"/>
</kw>
<status status="PASS" starttime="20220809 21:59:38.173" endtime="20220809 21:59:59.462"/>
</kw>
<kw name="And clico na lupa do ar do quarto" library="ValidarARPage">
<kw name="Execute Javascript" library="SeleniumLibrary">
<arg>window.openWindow('device', '{"device":"bedroom/ac"}');</arg>
<doc>Executes the given JavaScript code with possible arguments.</doc>
<msg timestamp="20220809 21:59:59.482" level="INFO">Executing JavaScript:
window.openWindow('device', '{"device":"bedroom/ac"}');
Without any arguments.</msg>
<status status="PASS" starttime="20220809 21:59:59.478" endtime="20220809 22:00:01.238"/>
</kw>
<kw name="Sleep" library="BuiltIn">
<arg>5</arg>
<doc>Pauses the test executed for the given time.</doc>
<msg timestamp="20220809 22:00:06.263" level="INFO">Slept 5 seconds</msg>
<status status="PASS" starttime="20220809 22:00:01.239" endtime="20220809 22:00:06.300"/>
</kw>
<status status="PASS" starttime="20220809 21:59:59.476" endtime="20220809 22:00:06.301"/>
</kw>
<kw name="And clico ligar ar no SmartThings" library="LigarArPage">
<kw name="Click Element" library="SeleniumLibrary">
<arg>${st.smartthings}</arg>
<doc>Click the element identified by ``locator``.</doc>
<msg timestamp="20220809 22:00:06.662" level="INFO">Clicking element '(//div[@class='css-15vvhi4']//div)[3]'.</msg>
<status status="PASS" starttime="20220809 22:00:06.658" endtime="20220809 22:00:11.172"/>
</kw>
<status status="PASS" starttime="20220809 22:00:06.654" endtime="20220809 22:00:11.173"/>
</kw>
<kw name="And clico em ligar ar" library="LigarArPage">
<kw name="Select Frame" library="SeleniumLibrary">
<arg>${st.iframe}</arg>
<doc>Sets frame identified by ``locator`` as the current frame.</doc>
<msg timestamp="20220809 22:00:11.195" level="INFO">Selecting frame '//iframe[@id='iframe-content'][@title='smart-things']'.</msg>
<status status="PASS" starttime="20220809 22:00:11.190" endtime="20220809 22:00:20.332"/>
</kw>
<kw name="Wait Until Element Is Visible" library="SeleniumLibrary">
<arg>${st.powerbutton}</arg>
<arg>${TIMEOUT}</arg>
<doc>Waits until the element ``locator`` is visible.</doc>
<status status="PASS" starttime="20220809 22:00:20.333" endtime="20220809 22:00:22.314"/>
</kw>
<kw name="click with Javascript" library="LigarSBsalaPage">
<arg>${st.powerbutton}</arg>
<kw name="Get WebElement" library="SeleniumLibrary">
<var>${ele}</var>
<arg>${webElement}</arg>
<doc>Returns the first WebElement matching the given ``locator``.</doc>
<msg timestamp="20220809 22:00:22.860" level="INFO">${ele} = &lt;selenium.webdriver.remote.webelement.WebElement (session="6d50022b3d606cf7bc650550b7b5dbba", element="3114fefc-6e63-46bf-a21c-cedb8e3f8ccb")&gt;</msg>
<status status="PASS" starttime="20220809 22:00:22.321" endtime="20220809 22:00:22.861"/>
</kw>
<kw name="Execute Javascript" library="SeleniumLibrary">
<arg>arguments[0].click();</arg>
<arg>ARGUMENTS</arg>
<arg>${ele}</arg>
<doc>Executes the given JavaScript code with possible arguments.</doc>
<msg timestamp="20220809 22:00:22.867" level="INFO">Executing JavaScript:
arguments[0].click();
By using argument:
'&lt;selenium.webdriver.remote.webelement.WebElement (session="6d50022b3d606cf7bc650550b7b5dbba", element="3114fefc-6e63-46bf-a21c-cedb8e3f8ccb")&gt;'</msg>
<status status="PASS" starttime="20220809 22:00:22.862" endtime="20220809 22:00:23.538"/>
</kw>
<status status="PASS" starttime="20220809 22:00:22.315" endtime="20220809 22:00:23.539"/>
</kw>
<kw name="Unselect Frame" library="SeleniumLibrary">
<doc>Sets the main frame as the current frame.</doc>
<status status="PASS" starttime="20220809 22:00:23.540" endtime="20220809 22:00:24.003"/>
</kw>
<status status="PASS" starttime="20220809 22:00:11.187" endtime="20220809 22:00:24.004"/>
</kw>
<tag>test</tag>
<status status="PASS" starttime="20220809 21:59:15.370" endtime="20220809 22:00:24.006"/>
</test>
<test id="s1-s3-t3" name="Scenario 3 - Ligar AR do games" line="27">
<kw name="And clico na lupa do ar do games" library="ValidarARPage">
<kw name="Execute Javascript" library="SeleniumLibrary">
<arg>window.openWindow('device', '{"device":"gaming/ac"}');</arg>
<doc>Executes the given JavaScript code with possible arguments.</doc>
<msg timestamp="20220809 22:00:24.021" level="INFO">Executing JavaScript:
window.openWindow('device', '{"device":"gaming/ac"}');
Without any arguments.</msg>
<status status="PASS" starttime="20220809 22:00:24.019" endtime="20220809 22:00:24.620"/>
</kw>
<kw name="Sleep" library="BuiltIn">
<arg>5</arg>
<doc>Pauses the test executed for the given time.</doc>
<msg timestamp="20220809 22:00:29.628" level="INFO">Slept 5 seconds</msg>
<status status="PASS" starttime="20220809 22:00:24.621" endtime="20220809 22:00:29.629"/>
</kw>
<status status="PASS" starttime="20220809 22:00:24.017" endtime="20220809 22:00:29.629"/>
</kw>
<kw name="And clico ligar ar no SmartThings" library="LigarArPage">
<kw name="Click Element" library="SeleniumLibrary">
<arg>${st.smartthings}</arg>
<doc>Click the element identified by ``locator``.</doc>
<msg timestamp="20220809 22:00:29.741" level="INFO">Clicking element '(//div[@class='css-15vvhi4']//div)[3]'.</msg>
<status status="PASS" starttime="20220809 22:00:29.736" endtime="20220809 22:00:34.231"/>
</kw>
<status status="PASS" starttime="20220809 22:00:29.734" endtime="20220809 22:00:34.231"/>
</kw>
<kw name="And clico em ligar ar" library="LigarArPage">
<kw name="Select Frame" library="SeleniumLibrary">
<arg>${st.iframe}</arg>
<doc>Sets frame identified by ``locator`` as the current frame.</doc>
<msg timestamp="20220809 22:00:34.250" level="INFO">Selecting frame '//iframe[@id='iframe-content'][@title='smart-things']'.</msg>
<status status="PASS" starttime="20220809 22:00:34.244" endtime="20220809 22:00:44.480"/>
</kw>
<kw name="Wait Until Element Is Visible" library="SeleniumLibrary">
<arg>${st.powerbutton}</arg>
<arg>${TIMEOUT}</arg>
<doc>Waits until the element ``locator`` is visible.</doc>
<status status="PASS" starttime="20220809 22:00:44.481" endtime="20220809 22:00:45.655"/>
</kw>
<kw name="click with Javascript" library="LigarSBsalaPage">
<arg>${st.powerbutton}</arg>
<kw name="Get WebElement" library="SeleniumLibrary">
<var>${ele}</var>
<arg>${webElement}</arg>
<doc>Returns the first WebElement matching the given ``locator``.</doc>
<msg timestamp="20220809 22:00:46.263" level="INFO">${ele} = &lt;selenium.webdriver.remote.webelement.WebElement (session="6d50022b3d606cf7bc650550b7b5dbba", element="fbadbe4c-0687-4284-83c2-d2c64c070c45")&gt;</msg>
<status status="PASS" starttime="20220809 22:00:45.663" endtime="20220809 22:00:46.264"/>
</kw>
<kw name="Execute Javascript" library="SeleniumLibrary">
<arg>arguments[0].click();</arg>
<arg>ARGUMENTS</arg>
<arg>${ele}</arg>
<doc>Executes the given JavaScript code with possible arguments.</doc>
<msg timestamp="20220809 22:00:46.268" level="INFO">Executing JavaScript:
arguments[0].click();
By using argument:
'&lt;selenium.webdriver.remote.webelement.WebElement (session="6d50022b3d606cf7bc650550b7b5dbba", element="fbadbe4c-0687-4284-83c2-d2c64c070c45")&gt;'</msg>
<status status="PASS" starttime="20220809 22:00:46.265" endtime="20220809 22:00:46.806"/>
</kw>
<status status="PASS" starttime="20220809 22:00:45.656" endtime="20220809 22:00:46.807"/>
</kw>
<kw name="Unselect Frame" library="SeleniumLibrary">
<doc>Sets the main frame as the current frame.</doc>
<status status="PASS" starttime="20220809 22:00:46.808" endtime="20220809 22:00:47.212"/>
</kw>
<status status="PASS" starttime="20220809 22:00:34.242" endtime="20220809 22:00:47.213"/>
</kw>
<tag>test</tag>
<status status="PASS" starttime="20220809 22:00:24.012" endtime="20220809 22:00:47.215"/>
</test>
<test id="s1-s3-t4" name="Scenario 4 - Ligar AR do escritorio" line="33">
<kw name="And clico na lupa do ar do escritorio" library="ValidarARPage">
<kw name="Execute Javascript" library="SeleniumLibrary">
<arg>window.openWindow('device', '{"device":"office/ac"}');</arg>
<doc>Executes the given JavaScript code with possible arguments.</doc>
<msg timestamp="20220809 22:00:47.234" level="INFO">Executing JavaScript:
window.openWindow('device', '{"device":"office/ac"}');
Without any arguments.</msg>
<status status="PASS" starttime="20220809 22:00:47.231" endtime="20220809 22:00:47.765"/>
</kw>
<kw name="Sleep" library="BuiltIn">
<arg>5</arg>
<doc>Pauses the test executed for the given time.</doc>
<msg timestamp="20220809 22:00:52.769" level="INFO">Slept 5 seconds</msg>
<status status="PASS" starttime="20220809 22:00:47.767" endtime="20220809 22:00:52.770"/>
</kw>
<status status="PASS" starttime="20220809 22:00:47.229" endtime="20220809 22:00:52.771"/>
</kw>
<kw name="And clico ligar ar no SmartThings" library="LigarArPage">
<kw name="Click Element" library="SeleniumLibrary">
<arg>${st.smartthings}</arg>
<doc>Click the element identified by ``locator``.</doc>
<msg timestamp="20220809 22:00:52.780" level="INFO">Clicking element '(//div[@class='css-15vvhi4']//div)[3]'.</msg>
<status status="PASS" starttime="20220809 22:00:52.775" endtime="20220809 22:00:55.200"/>
</kw>
<status status="PASS" starttime="20220809 22:00:52.773" endtime="20220809 22:00:55.201"/>
</kw>
<kw name="And clico em ligar ar" library="LigarArPage">
<kw name="Select Frame" library="SeleniumLibrary">
<arg>${st.iframe}</arg>
<doc>Sets frame identified by ``locator`` as the current frame.</doc>
<msg timestamp="20220809 22:00:55.215" level="INFO">Selecting frame '//iframe[@id='iframe-content'][@title='smart-things']'.</msg>
<status status="PASS" starttime="20220809 22:00:55.209" endtime="20220809 22:01:09.196"/>
</kw>
<kw name="Wait Until Element Is Visible" library="SeleniumLibrary">
<arg>${st.powerbutton}</arg>
<arg>${TIMEOUT}</arg>
<doc>Waits until the element ``locator`` is visible.</doc>
<status status="PASS" starttime="20220809 22:01:09.198" endtime="20220809 22:01:11.226"/>
</kw>
<kw name="click with Javascript" library="LigarSBsalaPage">
<arg>${st.powerbutton}</arg>
<kw name="Get WebElement" library="SeleniumLibrary">
<var>${ele}</var>
<arg>${webElement}</arg>
<doc>Returns the first WebElement matching the given ``locator``.</doc>
<msg timestamp="20220809 22:01:11.745" level="INFO">${ele} = &lt;selenium.webdriver.remote.webelement.WebElement (session="6d50022b3d606cf7bc650550b7b5dbba", element="19b447e7-d509-4269-b94f-397a14782b1b")&gt;</msg>
<status status="PASS" starttime="20220809 22:01:11.233" endtime="20220809 22:01:11.746"/>
</kw>
<kw name="Execute Javascript" library="SeleniumLibrary">
<arg>arguments[0].click();</arg>
<arg>ARGUMENTS</arg>
<arg>${ele}</arg>
<doc>Executes the given JavaScript code with possible arguments.</doc>
<msg timestamp="20220809 22:01:11.750" level="INFO">Executing JavaScript:
arguments[0].click();
By using argument:
'&lt;selenium.webdriver.remote.webelement.WebElement (session="6d50022b3d606cf7bc650550b7b5dbba", element="19b447e7-d509-4269-b94f-397a14782b1b")&gt;'</msg>
<status status="PASS" starttime="20220809 22:01:11.746" endtime="20220809 22:01:12.281"/>
</kw>
<status status="PASS" starttime="20220809 22:01:11.227" endtime="20220809 22:01:12.282"/>
</kw>
<kw name="Unselect Frame" library="SeleniumLibrary">
<doc>Sets the main frame as the current frame.</doc>
<status status="PASS" starttime="20220809 22:01:12.284" endtime="20220809 22:01:12.668"/>
</kw>
<status status="PASS" starttime="20220809 22:00:55.206" endtime="20220809 22:01:12.668"/>
</kw>
<tag>test</tag>
<status status="PASS" starttime="20220809 22:00:47.225" endtime="20220809 22:01:12.671"/>
</test>
<test id="s1-s3-t5" name="Scenario 5 - Ligar AR da cozinha" line="39">
<kw name="And clico na lupa do ar da cozinha" library="ValidarARPage">
<kw name="Execute Javascript" library="SeleniumLibrary">
<arg>window.openWindow('device', '{"device":"kitchen/ac"}');</arg>
<doc>Executes the given JavaScript code with possible arguments.</doc>
<msg timestamp="20220809 22:01:12.688" level="INFO">Executing JavaScript:
window.openWindow('device', '{"device":"kitchen/ac"}');
Without any arguments.</msg>
<status status="PASS" starttime="20220809 22:01:12.686" endtime="20220809 22:01:13.587"/>
</kw>
<kw name="Sleep" library="BuiltIn">
<arg>5</arg>
<doc>Pauses the test executed for the given time.</doc>
<msg timestamp="20220809 22:01:18.596" level="INFO">Slept 5 seconds</msg>
<status status="PASS" starttime="20220809 22:01:13.587" endtime="20220809 22:01:18.598"/>
</kw>
<status status="PASS" starttime="20220809 22:01:12.684" endtime="20220809 22:01:18.599"/>
</kw>
<kw name="And clico ligar ar no SmartThings" library="LigarArPage">
<kw name="Click Element" library="SeleniumLibrary">
<arg>${st.smartthings}</arg>
<doc>Click the element identified by ``locator``.</doc>
<msg timestamp="20220809 22:01:18.609" level="INFO">Clicking element '(//div[@class='css-15vvhi4']//div)[3]'.</msg>
<status status="PASS" starttime="20220809 22:01:18.605" endtime="20220809 22:01:20.824"/>
</kw>
<status status="PASS" starttime="20220809 22:01:18.602" endtime="20220809 22:01:20.824"/>
</kw>
<kw name="And clico em ligar ar" library="LigarArPage">
<kw name="Select Frame" library="SeleniumLibrary">
<arg>${st.iframe}</arg>
<doc>Sets frame identified by ``locator`` as the current frame.</doc>
<msg timestamp="20220809 22:01:20.858" level="INFO">Selecting frame '//iframe[@id='iframe-content'][@title='smart-things']'.</msg>
<status status="PASS" starttime="20220809 22:01:20.852" endtime="20220809 22:01:27.750"/>
</kw>
<kw name="Wait Until Element Is Visible" library="SeleniumLibrary">
<arg>${st.powerbutton}</arg>
<arg>${TIMEOUT}</arg>
<doc>Waits until the element ``locator`` is visible.</doc>
<status status="PASS" starttime="20220809 22:01:27.752" endtime="20220809 22:01:29.886"/>
</kw>
<kw name="click with Javascript" library="LigarSBsalaPage">
<arg>${st.powerbutton}</arg>
<kw name="Get WebElement" library="SeleniumLibrary">
<var>${ele}</var>
<arg>${webElement}</arg>
<doc>Returns the first WebElement matching the given ``locator``.</doc>
<msg timestamp="20220809 22:01:30.488" level="INFO">${ele} = &lt;selenium.webdriver.remote.webelement.WebElement (session="6d50022b3d606cf7bc650550b7b5dbba", element="7c017861-0b2c-4b24-9c5f-71abd16a8452")&gt;</msg>
<status status="PASS" starttime="20220809 22:01:29.893" endtime="20220809 22:01:30.488"/>
</kw>
<kw name="Execute Javascript" library="SeleniumLibrary">
<arg>arguments[0].click();</arg>
<arg>ARGUMENTS</arg>
<arg>${ele}</arg>
<doc>Executes the given JavaScript code with possible arguments.</doc>
<msg timestamp="20220809 22:01:30.492" level="INFO">Executing JavaScript:
arguments[0].click();
By using argument:
'&lt;selenium.webdriver.remote.webelement.WebElement (session="6d50022b3d606cf7bc650550b7b5dbba", element="7c017861-0b2c-4b24-9c5f-71abd16a8452")&gt;'</msg>
<status status="PASS" starttime="20220809 22:01:30.489" endtime="20220809 22:01:31.060"/>
</kw>
<status status="PASS" starttime="20220809 22:01:29.888" endtime="20220809 22:01:31.061"/>
</kw>
<kw name="Unselect Frame" library="SeleniumLibrary">
<doc>Sets the main frame as the current frame.</doc>
<status status="PASS" starttime="20220809 22:01:31.062" endtime="20220809 22:01:31.480"/>
</kw>
<status status="PASS" starttime="20220809 22:01:20.850" endtime="20220809 22:01:31.481"/>
</kw>
<tag>test</tag>
<status status="PASS" starttime="20220809 22:01:12.677" endtime="20220809 22:01:31.507"/>
</test>
<kw name="Close Session" library="BasePage" type="TEARDOWN">
<kw name="Capture Page Screenshot" library="SeleniumLibrary">
<doc>Takes a screenshot of the current page and embeds it into a log file.</doc>
<msg timestamp="20220809 22:01:34.460" level="INFO" html="true">&lt;/td&gt;&lt;/tr&gt;&lt;tr&gt;&lt;td colspan="3"&gt;&lt;a href="selenium-screenshot-43.png"&gt;&lt;img src="selenium-screenshot-43.png" width="800px"&gt;&lt;/a&gt;</msg>
<status status="PASS" starttime="20220809 22:01:31.561" endtime="20220809 22:01:34.461"/>
</kw>
<kw name="Close Browser" library="SeleniumLibrary">
<doc>Closes the current browser.</doc>
<status status="PASS" starttime="20220809 22:01:34.462" endtime="20220809 22:01:44.374"/>
</kw>
<status status="PASS" starttime="20220809 22:01:31.557" endtime="20220809 22:01:44.374"/>
</kw>
<status status="PASS" starttime="20220809 21:58:18.281" endtime="20220809 22:01:44.375"/>
</suite>
<suite id="s1-s4" name="ligarMonitorgames" source="C:\ProjetoVRHome\RobotXpert\Tests\ligarMonitorgames.robot">
<kw name="Start Session" library="BasePage" type="SETUP">
<kw name="Open Browser" library="SeleniumLibrary">
<arg>about:blank</arg>
<arg>${BROWSER}</arg>
<doc>Opens a new browser instance to the optional ``url``.</doc>
<msg timestamp="20220809 22:01:44.714" level="INFO">Opening browser 'Chrome' to base url 'about:blank'.</msg>
<status status="PASS" starttime="20220809 22:01:44.712" endtime="20220809 22:01:47.110"/>
</kw>
<kw name="Go To" library="SeleniumLibrary">
<arg>${BASEURL}</arg>
<doc>Navigates the current browser window to the provided ``url``.</doc>
<msg timestamp="20220809 22:01:47.111" level="INFO">Opening url 'https://d2fnnoijlny9vq.cloudfront.net/'</msg>
<status status="PASS" starttime="20220809 22:01:47.110" endtime="20220809 22:01:51.363"/>
</kw>
<kw name="Get Title" library="SeleniumLibrary">
<var>${PageTitle}</var>
<doc>Returns the title of the current page.</doc>
<msg timestamp="20220809 22:01:52.113" level="INFO">${PageTitle} = Samsung Smart Home</msg>
<status status="PASS" starttime="20220809 22:01:51.364" endtime="20220809 22:01:52.114"/>
</kw>
<kw name="Log" library="BuiltIn">
<arg>${PageTitle}</arg>
<doc>Logs the given message with the given level.</doc>
<msg timestamp="20220809 22:01:52.116" level="INFO">Samsung Smart Home</msg>
<status status="PASS" starttime="20220809 22:01:52.115" endtime="20220809 22:01:52.117"/>
</kw>
<kw name="Maximize Browser Window" library="SeleniumLibrary">
<doc>Maximizes current browser window.</doc>
<status status="PASS" starttime="20220809 22:01:52.117" endtime="20220809 22:01:52.668"/>
</kw>
<kw name="Sleep" library="BuiltIn">
<arg>6</arg>
<doc>Pauses the test executed for the given time.</doc>
<msg timestamp="20220809 22:01:58.673" level="INFO">Slept 6 seconds</msg>
<status status="PASS" starttime="20220809 22:01:52.669" endtime="20220809 22:01:58.674"/>
</kw>
<status status="PASS" starttime="20220809 22:01:44.709" endtime="20220809 22:01:58.675"/>
</kw>
<test id="s1-s4-t1" name="Scenario 1 - Ligar Monitor no games" line="8">
<kw name="Given acesso a pagina" library="MapaPage">
<kw name="Sleep" library="BuiltIn">
<arg>10</arg>
<doc>Pauses the test executed for the given time.</doc>
<msg timestamp="20220809 22:02:08.702" level="INFO">Slept 10 seconds</msg>
<status status="PASS" starttime="20220809 22:01:58.686" endtime="20220809 22:02:08.703"/>
</kw>
<status status="PASS" starttime="20220809 22:01:58.683" endtime="20220809 22:02:08.705"/>
</kw>
<kw name="And verifico a pagina inicial" library="MapaPage">
<kw name="Wait Until Element Is Visible" library="SeleniumLibrary">
<arg>${mapa.samImg}</arg>
<arg>${TIMEOUT}</arg>
<doc>Waits until the element ``locator`` is visible.</doc>
<status status="PASS" starttime="20220809 22:02:08.741" endtime="20220809 22:02:11.715"/>
</kw>
<status status="PASS" starttime="20220809 22:02:08.738" endtime="20220809 22:02:11.716"/>
</kw>
<kw name="And pulo o tutorial" library="TutorialPage">
<kw name="Wait Until Element Is Visible" library="SeleniumLibrary">
<arg>${tutorial.pularTutorial}</arg>
<doc>Waits until the element ``locator`` is visible.</doc>
<status status="PASS" starttime="20220809 22:02:11.720" endtime="20220809 22:02:12.797"/>
</kw>
<kw name="Click Element" library="SeleniumLibrary">
<arg>${tutorial.pularTutorial}</arg>
<doc>Click the element identified by ``locator``.</doc>
<msg timestamp="20220809 22:02:12.800" level="INFO">Clicking element '//p[text()='PULAR TUTORIAL']'.</msg>
<status status="PASS" starttime="20220809 22:02:12.798" endtime="20220809 22:02:15.499"/>
</kw>
<status status="PASS" starttime="20220809 22:02:11.718" endtime="20220809 22:02:15.500"/>
</kw>
<kw name="And a tela inicial é exibida" library="TutorialPage">
<kw name="Wait Until Element Is Visible" library="SeleniumLibrary">
<arg>${tutorial.menu}</arg>
<arg>${TIMEOUT}</arg>
<doc>Waits until the element ``locator`` is visible.</doc>
<status status="PASS" starttime="20220809 22:02:15.510" endtime="20220809 22:02:15.748"/>
</kw>
<status status="PASS" starttime="20220809 22:02:15.508" endtime="20220809 22:02:15.749"/>
</kw>
<kw name="And eu clico no icone mapa" library="MapaPage">
<kw name="Sleep" library="BuiltIn">
<arg>7</arg>
<doc>Pauses the test executed for the given time.</doc>
<msg timestamp="20220809 22:02:22.756" level="INFO">Slept 7 seconds</msg>
<status status="PASS" starttime="20220809 22:02:15.753" endtime="20220809 22:02:22.757"/>
</kw>
<kw name="Wait Until Element Is Visible" library="SeleniumLibrary">
<arg>${mapa.iconemapa}</arg>
<doc>Waits until the element ``locator`` is visible.</doc>
<status status="PASS" starttime="20220809 22:02:22.758" endtime="20220809 22:02:28.740"/>
</kw>
<kw name="Click Element" library="SeleniumLibrary">
<arg>${mapa.iconemapa}</arg>
<doc>Click the element identified by ``locator``.</doc>
<msg timestamp="20220809 22:02:28.747" level="INFO">Clicking element '//div[@class='css-13dls4l']//div[1]'.</msg>
<status status="PASS" starttime="20220809 22:02:28.742" endtime="20220809 22:02:30.067"/>
</kw>
<status status="PASS" starttime="20220809 22:02:15.751" endtime="20220809 22:02:30.068"/>
</kw>
<kw name="And vejo o mapa" library="MapaPage">
<kw name="Wait Until Element Is Visible" library="SeleniumLibrary">
<arg>${mapa.mapa}</arg>
<arg>${TIMEOUT}</arg>
<doc>Waits until the element ``locator`` is visible.</doc>
<status status="PASS" starttime="20220809 22:02:30.093" endtime="20220809 22:02:33.192"/>
</kw>
<status status="PASS" starttime="20220809 22:02:30.091" endtime="20220809 22:02:33.194"/>
</kw>
<kw name="And clico no comodo gaming" library="MapaPage">
<kw name="Wait Until Element Is Visible" library="SeleniumLibrary">
<arg>${mapa.salaJogosBoard}</arg>
<arg>${TIMEOUT}</arg>
<doc>Waits until the element ``locator`` is visible.</doc>
<status status="PASS" starttime="20220809 22:02:33.221" endtime="20220809 22:02:36.904"/>
</kw>
<kw name="Click Element" library="SeleniumLibrary">
<arg>${mapa.salaJogosBoard}</arg>
<doc>Click the element identified by ``locator``.</doc>
<msg timestamp="20220809 22:02:36.910" level="INFO">Clicking element 'map-space-gaming'.</msg>
<status status="PASS" starttime="20220809 22:02:36.905" endtime="20220809 22:02:47.442"/>
</kw>
<status status="PASS" starttime="20220809 22:02:33.219" endtime="20220809 22:02:47.443"/>
</kw>
<kw name="And clico na lupa do monitor do games" library="ValidarMonitorGamesPage">
<kw name="Execute Javascript" library="SeleniumLibrary">
<arg>window.openWindow('device', '{"device":"gaming/odyssey"}');</arg>
<doc>Executes the given JavaScript code with possible arguments.</doc>
<msg timestamp="20220809 22:02:47.449" level="INFO">Executing JavaScript:
window.openWindow('device', '{"device":"gaming/odyssey"}');
Without any arguments.</msg>
<status status="PASS" starttime="20220809 22:02:47.447" endtime="20220809 22:02:48.144"/>
</kw>
<kw name="Sleep" library="BuiltIn">
<arg>5</arg>
<doc>Pauses the test executed for the given time.</doc>
<msg timestamp="20220809 22:02:53.159" level="INFO">Slept 5 seconds</msg>
<status status="PASS" starttime="20220809 22:02:48.145" endtime="20220809 22:02:53.159"/>
</kw>
<status status="PASS" starttime="20220809 22:02:47.445" endtime="20220809 22:02:53.160"/>
</kw>
<kw name="And clico Abrir no SmartThings" library="LigarSBsalaPage">
<kw name="Wait Until Element Is Visible" library="SeleniumLibrary">
<arg>${st.smartthings}</arg>
<doc>Waits until the element ``locator`` is visible.</doc>
<status status="PASS" starttime="20220809 22:02:53.165" endtime="20220809 22:02:57.432"/>
</kw>
<kw name="Click Element" library="SeleniumLibrary">
<arg>${st.smartthings}</arg>
<doc>Click the element identified by ``locator``.</doc>
<msg timestamp="20220809 22:02:57.438" level="INFO">Clicking element '(//div[@class='css-15vvhi4']//div)[3]'.</msg>
<status status="PASS" starttime="20220809 22:02:57.433" endtime="20220809 22:03:03.575"/>
</kw>
<status status="PASS" starttime="20220809 22:02:53.163" endtime="20220809 22:03:03.576"/>
</kw>
<kw name="And clico em ligar Monitor do games" library="ValidarMonitorGamesPage">
<kw name="Select Frame" library="SeleniumLibrary">
<arg>${st.iframe}</arg>
<doc>Sets frame identified by ``locator`` as the current frame.</doc>
<msg timestamp="20220809 22:03:03.585" level="INFO">Selecting frame '//iframe[@id='iframe-content'][@title='smart-things']'.</msg>
<status status="PASS" starttime="20220809 22:03:03.580" endtime="20220809 22:03:08.160"/>
</kw>
<kw name="Wait Until Element Is Visible" library="SeleniumLibrary">
<arg>${st.powerbutton}</arg>
<arg>${TIMEOUT}</arg>
<doc>Waits until the element ``locator`` is visible.</doc>
<status status="PASS" starttime="20220809 22:03:08.161" endtime="20220809 22:03:10.258"/>
</kw>
<kw name="click with Javascript" library="LigarSBsalaPage">
<arg>${st.powerbutton}</arg>
<kw name="Get WebElement" library="SeleniumLibrary">
<var>${ele}</var>
<arg>${webElement}</arg>
<doc>Returns the first WebElement matching the given ``locator``.</doc>
<msg timestamp="20220809 22:03:10.774" level="INFO">${ele} = &lt;selenium.webdriver.remote.webelement.WebElement (session="6b5ca6043362591adc12f06800defcf3", element="e5465025-711a-48c2-a900-86f5fe137b5c")&gt;</msg>
<status status="PASS" starttime="20220809 22:03:10.266" endtime="20220809 22:03:10.775"/>
</kw>
<kw name="Execute Javascript" library="SeleniumLibrary">
<arg>arguments[0].click();</arg>
<arg>ARGUMENTS</arg>
<arg>${ele}</arg>
<doc>Executes the given JavaScript code with possible arguments.</doc>
<msg timestamp="20220809 22:03:10.779" level="INFO">Executing JavaScript:
arguments[0].click();
By using argument:
'&lt;selenium.webdriver.remote.webelement.WebElement (session="6b5ca6043362591adc12f06800defcf3", element="e5465025-711a-48c2-a900-86f5fe137b5c")&gt;'</msg>
<status status="PASS" starttime="20220809 22:03:10.776" endtime="20220809 22:03:11.260"/>
</kw>
<status status="PASS" starttime="20220809 22:03:10.259" endtime="20220809 22:03:11.261"/>
</kw>
<kw name="Unselect Frame" library="SeleniumLibrary">
<doc>Sets the main frame as the current frame.</doc>
<status status="PASS" starttime="20220809 22:03:11.262" endtime="20220809 22:03:12.905"/>
</kw>
<status status="PASS" starttime="20220809 22:03:03.579" endtime="20220809 22:03:12.906"/>
</kw>
<kw name="Then mensagem de missao concluida é exibida" library="LigarSBsalaPage">
<kw name="Wait Until Element Is Visible" library="SeleniumLibrary">
<arg>${st.toast}</arg>
<arg>${TIMEOUT}</arg>
<doc>Waits until the element ``locator`` is visible.</doc>
<status status="PASS" starttime="20220809 22:03:12.912" endtime="20220809 22:03:18.531"/>
</kw>
<status status="PASS" starttime="20220809 22:03:12.911" endtime="20220809 22:03:18.532"/>
</kw>
<tag>test</tag>
<status status="PASS" starttime="20220809 22:01:58.676" endtime="20220809 22:03:18.535"/>
</test>
<kw name="Close Session" library="BasePage" type="TEARDOWN">
<kw name="Capture Page Screenshot" library="SeleniumLibrary">
<doc>Takes a screenshot of the current page and embeds it into a log file.</doc>
<msg timestamp="20220809 22:03:20.680" level="INFO" html="true">&lt;/td&gt;&lt;/tr&gt;&lt;tr&gt;&lt;td colspan="3"&gt;&lt;a href="selenium-screenshot-44.png"&gt;&lt;img src="selenium-screenshot-44.png" width="800px"&gt;&lt;/a&gt;</msg>
<status status="PASS" starttime="20220809 22:03:18.544" endtime="20220809 22:03:20.682"/>
</kw>
<kw name="Close Browser" library="SeleniumLibrary">
<doc>Closes the current browser.</doc>
<status status="PASS" starttime="20220809 22:03:20.683" endtime="20220809 22:03:31.683"/>
</kw>
<status status="PASS" starttime="20220809 22:03:18.542" endtime="20220809 22:03:31.683"/>
</kw>
<status status="PASS" starttime="20220809 22:01:44.385" endtime="20220809 22:03:31.684"/>
</suite>
<suite id="s1-s5" name="ligarSBsala" source="C:\ProjetoVRHome\RobotXpert\Tests\ligarSBsala.robot">
<kw name="Start Session" library="BasePage" type="SETUP">
<kw name="Open Browser" library="SeleniumLibrary">
<arg>about:blank</arg>
<arg>${BROWSER}</arg>
<doc>Opens a new browser instance to the optional ``url``.</doc>
<msg timestamp="20220809 22:03:31.838" level="INFO">Opening browser 'Chrome' to base url 'about:blank'.</msg>
<status status="PASS" starttime="20220809 22:03:31.837" endtime="20220809 22:03:35.599"/>
</kw>
<kw name="Go To" library="SeleniumLibrary">
<arg>${BASEURL}</arg>
<doc>Navigates the current browser window to the provided ``url``.</doc>
<msg timestamp="20220809 22:03:35.601" level="INFO">Opening url 'https://d2fnnoijlny9vq.cloudfront.net/'</msg>
<status status="PASS" starttime="20220809 22:03:35.600" endtime="20220809 22:03:43.549"/>
</kw>
<kw name="Get Title" library="SeleniumLibrary">
<var>${PageTitle}</var>
<doc>Returns the title of the current page.</doc>
<msg timestamp="20220809 22:03:43.596" level="INFO">${PageTitle} = Samsung Smart Home</msg>
<status status="PASS" starttime="20220809 22:03:43.550" endtime="20220809 22:03:43.597"/>
</kw>
<kw name="Log" library="BuiltIn">
<arg>${PageTitle}</arg>
<doc>Logs the given message with the given level.</doc>
<msg timestamp="20220809 22:03:43.599" level="INFO">Samsung Smart Home</msg>
<status status="PASS" starttime="20220809 22:03:43.598" endtime="20220809 22:03:43.599"/>
</kw>
<kw name="Maximize Browser Window" library="SeleniumLibrary">
<doc>Maximizes current browser window.</doc>
<status status="PASS" starttime="20220809 22:03:43.601" endtime="20220809 22:03:43.870"/>
</kw>
<kw name="Sleep" library="BuiltIn">
<arg>6</arg>
<doc>Pauses the test executed for the given time.</doc>
<msg timestamp="20220809 22:03:49.903" level="INFO">Slept 6 seconds</msg>
<status status="PASS" starttime="20220809 22:03:43.871" endtime="20220809 22:03:49.904"/>
</kw>
<status status="PASS" starttime="20220809 22:03:31.834" endtime="20220809 22:03:49.905"/>
</kw>
<test id="s1-s5-t1" name="Scenario 1 - Ligar Soundbar da sala" line="8">
<kw name="Given acesso a pagina" library="MapaPage">
<kw name="Sleep" library="BuiltIn">
<arg>10</arg>
<doc>Pauses the test executed for the given time.</doc>
<msg timestamp="20220809 22:03:59.966" level="INFO">Slept 10 seconds</msg>
<status status="PASS" starttime="20220809 22:03:49.918" endtime="20220809 22:03:59.971"/>
</kw>
<status status="PASS" starttime="20220809 22:03:49.916" endtime="20220809 22:03:59.972"/>
</kw>
<kw name="And verifico a pagina inicial" library="MapaPage">
<kw name="Wait Until Element Is Visible" library="SeleniumLibrary">
<arg>${mapa.samImg}</arg>
<arg>${TIMEOUT}</arg>
<doc>Waits until the element ``locator`` is visible.</doc>
<status status="PASS" starttime="20220809 22:04:00.000" endtime="20220809 22:04:03.333"/>
</kw>
<status status="PASS" starttime="20220809 22:03:59.999" endtime="20220809 22:04:03.334"/>
</kw>
<kw name="And pulo o tutorial" library="TutorialPage">
<kw name="Wait Until Element Is Visible" library="SeleniumLibrary">
<arg>${tutorial.pularTutorial}</arg>
<doc>Waits until the element ``locator`` is visible.</doc>
<status status="PASS" starttime="20220809 22:04:03.339" endtime="20220809 22:04:04.484"/>
</kw>
<kw name="Click Element" library="SeleniumLibrary">
<arg>${tutorial.pularTutorial}</arg>
<doc>Click the element identified by ``locator``.</doc>
<msg timestamp="20220809 22:04:04.498" level="INFO">Clicking element '//p[text()='PULAR TUTORIAL']'.</msg>
<status status="PASS" starttime="20220809 22:04:04.486" endtime="20220809 22:04:07.216"/>
</kw>
<status status="PASS" starttime="20220809 22:04:03.336" endtime="20220809 22:04:07.217"/>
</kw>
<kw name="And a tela inicial é exibida" library="TutorialPage">
<kw name="Wait Until Element Is Visible" library="SeleniumLibrary">
<arg>${tutorial.menu}</arg>
<arg>${TIMEOUT}</arg>
<doc>Waits until the element ``locator`` is visible.</doc>
<status status="PASS" starttime="20220809 22:04:07.239" endtime="20220809 22:04:08.385"/>
</kw>
<status status="PASS" starttime="20220809 22:04:07.232" endtime="20220809 22:04:08.385"/>
</kw>
<kw name="And clico na lupa da soundbar" library="LigarSBsalaPage">
<kw name="Execute Javascript" library="SeleniumLibrary">
<arg>window.openWindow('device', '{"device":"livingroom/sb"}');</arg>
<doc>Executes the given JavaScript code with possible arguments.</doc>
<msg timestamp="20220809 22:04:08.391" level="INFO">Executing JavaScript:
window.openWindow('device', '{"device":"livingroom/sb"}');
Without any arguments.</msg>
<status status="PASS" starttime="20220809 22:04:08.389" endtime="20220809 22:04:08.588"/>
</kw>
<kw name="Sleep" library="BuiltIn">
<arg>5</arg>
<doc>Pauses the test executed for the given time.</doc>
<msg timestamp="20220809 22:04:13.598" level="INFO">Slept 5 seconds</msg>
<status status="PASS" starttime="20220809 22:04:08.589" endtime="20220809 22:04:13.599"/>
</kw>
<status status="PASS" starttime="20220809 22:04:08.387" endtime="20220809 22:04:13.600"/>
</kw>
<kw name="And clico Abrir no SmartThings" library="LigarSBsalaPage">
<kw name="Wait Until Element Is Visible" library="SeleniumLibrary">
<arg>${st.smartthings}</arg>
<doc>Waits until the element ``locator`` is visible.</doc>
<status status="PASS" starttime="20220809 22:04:13.605" endtime="20220809 22:04:14.969"/>
</kw>
<kw name="Click Element" library="SeleniumLibrary">
<arg>${st.smartthings}</arg>
<doc>Click the element identified by ``locator``.</doc>
<msg timestamp="20220809 22:04:14.974" level="INFO">Clicking element '(//div[@class='css-15vvhi4']//div)[3]'.</msg>
<status status="PASS" starttime="20220809 22:04:14.970" endtime="20220809 22:04:19.483"/>
</kw>
<status status="PASS" starttime="20220809 22:04:13.602" endtime="20220809 22:04:19.484"/>
</kw>
<kw name="And clico em ligar soundbar" library="LigarSBsalaPage">
<kw name="Select Frame" library="SeleniumLibrary">
<arg>${st.iframe}</arg>
<doc>Sets frame identified by ``locator`` as the current frame.</doc>
<msg timestamp="20220809 22:04:19.495" level="INFO">Selecting frame '//iframe[@id='iframe-content'][@title='smart-things']'.</msg>
<status status="PASS" starttime="20220809 22:04:19.488" endtime="20220809 22:04:26.238"/>
</kw>
<kw name="Wait Until Element Is Visible" library="SeleniumLibrary">
<arg>${st.powerbutton}</arg>
<arg>${TIMEOUT}</arg>
<doc>Waits until the element ``locator`` is visible.</doc>
<status status="PASS" starttime="20220809 22:04:26.239" endtime="20220809 22:04:27.945"/>
</kw>
<kw name="click with Javascript" library="LigarSBsalaPage">
<arg>${st.powerbutton}</arg>
<kw name="Get WebElement" library="SeleniumLibrary">
<var>${ele}</var>
<arg>${webElement}</arg>
<doc>Returns the first WebElement matching the given ``locator``.</doc>
<msg timestamp="20220809 22:04:30.114" level="INFO">${ele} = &lt;selenium.webdriver.remote.webelement.WebElement (session="6b4cf744f347b172a9683ef1a3952b86", element="29a34a60-065d-4022-8e2a-f91d014d4e49")&gt;</msg>
<status status="PASS" starttime="20220809 22:04:27.955" endtime="20220809 22:04:30.114"/>
</kw>
<kw name="Execute Javascript" library="SeleniumLibrary">
<arg>arguments[0].click();</arg>
<arg>ARGUMENTS</arg>
<arg>${ele}</arg>
<doc>Executes the given JavaScript code with possible arguments.</doc>
<msg timestamp="20220809 22:04:30.118" level="INFO">Executing JavaScript:
arguments[0].click();
By using argument:
'&lt;selenium.webdriver.remote.webelement.WebElement (session="6b4cf744f347b172a9683ef1a3952b86", element="29a34a60-065d-4022-8e2a-f91d014d4e49")&gt;'</msg>
<status status="PASS" starttime="20220809 22:04:30.115" endtime="20220809 22:04:30.878"/>
</kw>
<status status="PASS" starttime="20220809 22:04:27.947" endtime="20220809 22:04:30.879"/>
</kw>
<kw name="Unselect Frame" library="SeleniumLibrary">
<doc>Sets the main frame as the current frame.</doc>
<status status="PASS" starttime="20220809 22:04:30.880" endtime="20220809 22:04:31.235"/>
</kw>
<status status="PASS" starttime="20220809 22:04:19.487" endtime="20220809 22:04:31.236"/>
</kw>
<kw name="Then mensagem de missao concluida é exibida" library="LigarSBsalaPage">
<kw name="Wait Until Element Is Visible" library="SeleniumLibrary">
<arg>${st.toast}</arg>
<arg>${TIMEOUT}</arg>
<doc>Waits until the element ``locator`` is visible.</doc>
<status status="PASS" starttime="20220809 22:04:31.245" endtime="20220809 22:04:39.776"/>
</kw>
<status status="PASS" starttime="20220809 22:04:31.241" endtime="20220809 22:04:39.777"/>
</kw>
<tag>test</tag>
<status status="PASS" starttime="20220809 22:03:49.905" endtime="20220809 22:04:39.779"/>
</test>
<kw name="Close Session" library="BasePage" type="TEARDOWN">
<kw name="Capture Page Screenshot" library="SeleniumLibrary">
<doc>Takes a screenshot of the current page and embeds it into a log file.</doc>
<msg timestamp="20220809 22:04:43.876" level="INFO" html="true">&lt;/td&gt;&lt;/tr&gt;&lt;tr&gt;&lt;td colspan="3"&gt;&lt;a href="selenium-screenshot-45.png"&gt;&lt;img src="selenium-screenshot-45.png" width="800px"&gt;&lt;/a&gt;</msg>
<status status="PASS" starttime="20220809 22:04:39.787" endtime="20220809 22:04:43.877"/>
</kw>
<kw name="Close Browser" library="SeleniumLibrary">
<doc>Closes the current browser.</doc>
<status status="PASS" starttime="20220809 22:04:43.879" endtime="20220809 22:04:52.204"/>
</kw>
<status status="PASS" starttime="20220809 22:04:39.786" endtime="20220809 22:04:52.204"/>
</kw>
<status status="PASS" starttime="20220809 22:03:31.690" endtime="20220809 22:04:52.204"/>
</suite>
<suite id="s1-s6" name="ligarST" source="C:\ProjetoVRHome\RobotXpert\Tests\ligarST.robot">
<kw name="Start Session" library="BasePage" type="SETUP">
<kw name="Open Browser" library="SeleniumLibrary">
<arg>about:blank</arg>
<arg>${BROWSER}</arg>
<doc>Opens a new browser instance to the optional ``url``.</doc>
<msg timestamp="20220809 22:04:52.411" level="INFO">Opening browser 'Chrome' to base url 'about:blank'.</msg>
<status status="PASS" starttime="20220809 22:04:52.410" endtime="20220809 22:04:56.412"/>
</kw>
<kw name="Go To" library="SeleniumLibrary">
<arg>${BASEURL}</arg>
<doc>Navigates the current browser window to the provided ``url``.</doc>
<msg timestamp="20220809 22:04:56.414" level="INFO">Opening url 'https://d2fnnoijlny9vq.cloudfront.net/'</msg>
<status status="PASS" starttime="20220809 22:04:56.413" endtime="20220809 22:05:02.728"/>
</kw>
<kw name="Get Title" library="SeleniumLibrary">
<var>${PageTitle}</var>
<doc>Returns the title of the current page.</doc>
<msg timestamp="20220809 22:05:05.888" level="INFO">${PageTitle} = Samsung Smart Home</msg>
<status status="PASS" starttime="20220809 22:05:02.729" endtime="20220809 22:05:05.888"/>
</kw>
<kw name="Log" library="BuiltIn">
<arg>${PageTitle}</arg>
<doc>Logs the given message with the given level.</doc>
<msg timestamp="20220809 22:05:05.890" level="INFO">Samsung Smart Home</msg>
<status status="PASS" starttime="20220809 22:05:05.889" endtime="20220809 22:05:05.890"/>
</kw>
<kw name="Maximize Browser Window" library="SeleniumLibrary">
<doc>Maximizes current browser window.</doc>
<status status="PASS" starttime="20220809 22:05:05.891" endtime="20220809 22:05:06.133"/>
</kw>
<kw name="Sleep" library="BuiltIn">
<arg>6</arg>
<doc>Pauses the test executed for the given time.</doc>
<msg timestamp="20220809 22:05:12.140" level="INFO">Slept 6 seconds</msg>
<status status="PASS" starttime="20220809 22:05:06.134" endtime="20220809 22:05:12.143"/>
</kw>
<status status="PASS" starttime="20220809 22:04:52.408" endtime="20220809 22:05:12.144"/>
</kw>
<test id="s1-s6-t1" name="Scenario 1 - Ligar Soundtower da academia" line="8">
<kw name="Given acesso a pagina" library="MapaPage">
<kw name="Sleep" library="BuiltIn">
<arg>10</arg>
<doc>Pauses the test executed for the given time.</doc>
<msg timestamp="20220809 22:05:22.200" level="INFO">Slept 10 seconds</msg>
<status status="PASS" starttime="20220809 22:05:12.182" endtime="20220809 22:05:22.201"/>
</kw>
<status status="PASS" starttime="20220809 22:05:12.181" endtime="20220809 22:05:22.201"/>
</kw>
<kw name="And verifico a pagina inicial" library="MapaPage">
<kw name="Wait Until Element Is Visible" library="SeleniumLibrary">
<arg>${mapa.samImg}</arg>
<arg>${TIMEOUT}</arg>
<doc>Waits until the element ``locator`` is visible.</doc>
<status status="PASS" starttime="20220809 22:05:22.206" endtime="20220809 22:05:22.792"/>
</kw>
<status status="PASS" starttime="20220809 22:05:22.205" endtime="20220809 22:05:22.793"/>
</kw>
<kw name="And pulo o tutorial" library="TutorialPage">
<kw name="Wait Until Element Is Visible" library="SeleniumLibrary">
<arg>${tutorial.pularTutorial}</arg>
<doc>Waits until the element ``locator`` is visible.</doc>
<status status="PASS" starttime="20220809 22:05:22.801" endtime="20220809 22:05:23.726"/>
</kw>
<kw name="Click Element" library="SeleniumLibrary">
<arg>${tutorial.pularTutorial}</arg>
<doc>Click the element identified by ``locator``.</doc>
<msg timestamp="20220809 22:05:23.732" level="INFO">Clicking element '//p[text()='PULAR TUTORIAL']'.</msg>
<status status="PASS" starttime="20220809 22:05:23.727" endtime="20220809 22:05:26.017"/>
</kw>
<status status="PASS" starttime="20220809 22:05:22.797" endtime="20220809 22:05:26.017"/>
</kw>
<kw name="And a tela inicial é exibida" library="TutorialPage">
<kw name="Wait Until Element Is Visible" library="SeleniumLibrary">
<arg>${tutorial.menu}</arg>
<arg>${TIMEOUT}</arg>
<doc>Waits until the element ``locator`` is visible.</doc>
<status status="PASS" starttime="20220809 22:05:26.023" endtime="20220809 22:05:26.916"/>
</kw>
<status status="PASS" starttime="20220809 22:05:26.021" endtime="20220809 22:05:26.916"/>
</kw>
<kw name="And eu clico no icone mapa" library="MapaPage">
<kw name="Sleep" library="BuiltIn">
<arg>7</arg>
<doc>Pauses the test executed for the given time.</doc>
<msg timestamp="20220809 22:05:33.934" level="INFO">Slept 7 seconds</msg>
<status status="PASS" starttime="20220809 22:05:26.922" endtime="20220809 22:05:33.934"/>
</kw>
<kw name="Wait Until Element Is Visible" library="SeleniumLibrary">
<arg>${mapa.iconemapa}</arg>
<doc>Waits until the element ``locator`` is visible.</doc>
<status status="PASS" starttime="20220809 22:05:33.935" endtime="20220809 22:05:34.985"/>
</kw>
<kw name="Click Element" library="SeleniumLibrary">
<arg>${mapa.iconemapa}</arg>
<doc>Click the element identified by ``locator``.</doc>
<msg timestamp="20220809 22:05:34.993" level="INFO">Clicking element '//div[@class='css-13dls4l']//div[1]'.</msg>
<status status="PASS" starttime="20220809 22:05:34.987" endtime="20220809 22:05:37.698"/>
</kw>
<status status="PASS" starttime="20220809 22:05:26.919" endtime="20220809 22:05:37.699"/>
</kw>
<kw name="And vejo o mapa" library="MapaPage">
<kw name="Wait Until Element Is Visible" library="SeleniumLibrary">
<arg>${mapa.mapa}</arg>
<arg>${TIMEOUT}</arg>
<doc>Waits until the element ``locator`` is visible.</doc>
<status status="PASS" starttime="20220809 22:05:37.707" endtime="20220809 22:05:38.608"/>
</kw>
<status status="PASS" starttime="20220809 22:05:37.705" endtime="20220809 22:05:38.609"/>
</kw>
<kw name="And clico no comodo academia" library="MapaPage">
<kw name="Wait Until Element Is Visible" library="SeleniumLibrary">
<arg>${mapa.academiaBoard}</arg>
<arg>${TIMEOUT}</arg>
<doc>Waits until the element ``locator`` is visible.</doc>
<status status="PASS" starttime="20220809 22:05:38.642" endtime="20220809 22:05:54.220"/>
</kw>
<kw name="Click Element" library="SeleniumLibrary">
<arg>${mapa.academiaBoard}</arg>
<doc>Click the element identified by ``locator``.</doc>
<msg timestamp="20220809 22:05:54.225" level="INFO">Clicking element 'map-space-fitness'.</msg>
<status status="PASS" starttime="20220809 22:05:54.221" endtime="20220809 22:06:05.456"/>
</kw>
<status status="PASS" starttime="20220809 22:05:38.640" endtime="20220809 22:06:05.457"/>
</kw>
<kw name="And clico na lupa da soundtower da academia" library="ValidarSTPage">
<kw name="Execute Javascript" library="SeleniumLibrary">
<arg>window.openWindow('device', '{"device":"fitness/soundtower"}');</arg>
<doc>Executes the given JavaScript code with possible arguments.</doc>
<msg timestamp="20220809 22:06:05.463" level="INFO">Executing JavaScript:
window.openWindow('device', '{"device":"fitness/soundtower"}');
Without any arguments.</msg>
<status status="PASS" starttime="20220809 22:06:05.461" endtime="20220809 22:06:07.445"/>
</kw>
<kw name="Sleep" library="BuiltIn">
<arg>5</arg>
<doc>Pauses the test executed for the given time.</doc>
<msg timestamp="20220809 22:06:12.458" level="INFO">Slept 5 seconds</msg>
<status status="PASS" starttime="20220809 22:06:07.446" endtime="20220809 22:06:15.290"/>
</kw>
<status status="PASS" starttime="20220809 22:06:05.459" endtime="20220809 22:06:15.291"/>
</kw>
<kw name="And clico Abrir no SmartThings" library="LigarSBsalaPage">
<kw name="Wait Until Element Is Visible" library="SeleniumLibrary">
<arg>${st.smartthings}</arg>
<doc>Waits until the element ``locator`` is visible.</doc>
<status status="PASS" starttime="20220809 22:06:15.296" endtime="20220809 22:06:16.219"/>
</kw>
<kw name="Click Element" library="SeleniumLibrary">
<arg>${st.smartthings}</arg>
<doc>Click the element identified by ``locator``.</doc>
<msg timestamp="20220809 22:06:16.227" level="INFO">Clicking element '(//div[@class='css-15vvhi4']//div)[3]'.</msg>
<status status="PASS" starttime="20220809 22:06:16.220" endtime="20220809 22:06:18.689"/>
</kw>
<status status="PASS" starttime="20220809 22:06:15.295" endtime="20220809 22:06:18.690"/>
</kw>
<kw name="And clico em ligar soundtower" library="LigarSTPage">
<kw name="Select Frame" library="SeleniumLibrary">
<arg>${st.iframe}</arg>
<doc>Sets frame identified by ``locator`` as the current frame.</doc>
<msg timestamp="20220809 22:06:18.697" level="INFO">Selecting frame '//iframe[@id='iframe-content'][@title='smart-things']'.</msg>
<status status="PASS" starttime="20220809 22:06:18.694" endtime="20220809 22:06:28.890"/>
</kw>
<kw name="Wait Until Element Is Visible" library="SeleniumLibrary">
<arg>${st.powerbutton}</arg>
<arg>${TIMEOUT}</arg>
<doc>Waits until the element ``locator`` is visible.</doc>
<status status="PASS" starttime="20220809 22:06:28.891" endtime="20220809 22:06:30.440"/>
</kw>
<kw name="click with Javascript" library="LigarSBsalaPage">
<arg>${st.powerbutton}</arg>
<kw name="Get WebElement" library="SeleniumLibrary">
<var>${ele}</var>
<arg>${webElement}</arg>
<doc>Returns the first WebElement matching the given ``locator``.</doc>
<msg timestamp="20220809 22:06:30.937" level="INFO">${ele} = &lt;selenium.webdriver.remote.webelement.WebElement (session="c595deb110e9a51243da8de9739e6dbd", element="bea2e5f9-5dac-4b48-9fe4-50893a0c2647")&gt;</msg>
<status status="PASS" starttime="20220809 22:06:30.447" endtime="20220809 22:06:30.937"/>
</kw>
<kw name="Execute Javascript" library="SeleniumLibrary">
[...]
</kw>
<kw name="Sleep" library="BuiltIn">
<arg>5</arg>
<doc>Pauses the test executed for the given time.</doc>
<msg timestamp="20220809 22:58:53.318" level="INFO">Slept 5 seconds</msg>
<status status="PASS" starttime="20220809 22:58:48.310" endtime="20220809 22:58:53.320"/>
</kw>
<status status="PASS" starttime="20220809 22:58:47.652" endtime="20220809 22:58:53.320"/>
</kw>
<kw name="And clico em Dicas da sam" library="ValidarSBPage">
<kw name="Click Element" library="SeleniumLibrary">
<arg>${botao.dicasam}</arg>
<doc>Click the element identified by ``locator``.</doc>
<msg timestamp="20220809 22:58:53.330" level="INFO">Clicking element 'modal-button-sam_tips'.</msg>
<status status="PASS" starttime="20220809 22:58:53.326" endtime="20220809 22:58:55.215"/>
</kw>
<status status="PASS" starttime="20220809 22:58:53.324" endtime="20220809 22:58:55.216"/>
</kw>
<kw name="And clico no botao ver mais" library="ValidarSBPage">
<kw name="Click Element" library="SeleniumLibrary">
<arg>${botao.vermais}</arg>
<doc>Click the element identified by ``locator``.</doc>
<msg timestamp="20220809 22:58:55.224" level="INFO">Clicking element '//p[text()='Ver mais']'.</msg>
<status status="PASS" starttime="20220809 22:58:55.220" endtime="20220809 22:58:57.804"/>
</kw>
<status status="PASS" starttime="20220809 22:58:55.219" endtime="20220809 22:58:57.804"/>
</kw>
<kw name="And clico no botao fechar Dicas" library="ValidarSBPage">
<kw name="Press Keys" library="SeleniumLibrary">
<arg>None</arg>
<arg>ESC</arg>
<doc>Simulates the user pressing key(s) to an element or on the active browser.</doc>
<msg timestamp="20220809 22:58:57.809" level="INFO">Sending key(s) ('ESC',) to page.</msg>
<msg timestamp="20220809 22:58:57.810" level="INFO">Pressing special key ESCAPE to browser.</msg>
<msg timestamp="20220809 22:58:57.810" level="INFO">Releasing special key ESCAPE.</msg>
<status status="PASS" starttime="20220809 22:58:57.808" endtime="20220809 22:58:59.145"/>
</kw>
<status status="PASS" starttime="20220809 22:58:57.806" endtime="20220809 22:58:59.146"/>
</kw>
<tag>test</tag>
<status status="PASS" starttime="20220809 22:57:00.141" endtime="20220809 22:58:59.153"/>
</test>
<kw name="Close Session" library="BasePage" type="TEARDOWN">
<kw name="Capture Page Screenshot" library="SeleniumLibrary">
<doc>Takes a screenshot of the current page and embeds it into a log file.</doc>
<msg timestamp="20220809 22:59:03.902" level="INFO" html="true">&lt;/td&gt;&lt;/tr&gt;&lt;tr&gt;&lt;td colspan="3"&gt;&lt;a href="selenium-screenshot-76.png"&gt;&lt;img src="selenium-screenshot-76.png" width="800px"&gt;&lt;/a&gt;</msg>
<status status="PASS" starttime="20220809 22:58:59.160" endtime="20220809 22:59:03.904"/>
</kw>
<kw name="Close Browser" library="SeleniumLibrary">
<doc>Closes the current browser.</doc>
<status status="PASS" starttime="20220809 22:59:03.908" endtime="20220809 22:59:11.372"/>
</kw>
<status status="PASS" starttime="20220809 22:58:59.158" endtime="20220809 22:59:11.373"/>
</kw>
<status status="PASS" starttime="20220809 22:56:43.908" endtime="20220809 22:59:11.373"/>
</suite>
<suite id="s1-s36" name="validarWatch" source="C:\ProjetoVRHome\RobotXpert\Tests\validarWatch.robot">
<kw name="Start Session" library="BasePage" type="SETUP">
<kw name="Open Browser" library="SeleniumLibrary">
<arg>about:blank</arg>
<arg>${BROWSER}</arg>
<doc>Opens a new browser instance to the optional ``url``.</doc>
<msg timestamp="20220809 22:59:11.558" level="INFO">Opening browser 'Chrome' to base url 'about:blank'.</msg>
<status status="PASS" starttime="20220809 22:59:11.557" endtime="20220809 22:59:15.714"/>
</kw>
<kw name="Go To" library="SeleniumLibrary">
<arg>${BASEURL}</arg>
<doc>Navigates the current browser window to the provided ``url``.</doc>
<msg timestamp="20220809 22:59:15.716" level="INFO">Opening url 'https://d2fnnoijlny9vq.cloudfront.net/'</msg>
<status status="PASS" starttime="20220809 22:59:15.715" endtime="20220809 22:59:20.854"/>
</kw>
<kw name="Get Title" library="SeleniumLibrary">
<var>${PageTitle}</var>
<doc>Returns the title of the current page.</doc>
<msg timestamp="20220809 22:59:20.912" level="INFO">${PageTitle} = Samsung Smart Home</msg>
<status status="PASS" starttime="20220809 22:59:20.854" endtime="20220809 22:59:20.912"/>
</kw>
<kw name="Log" library="BuiltIn">
<arg>${PageTitle}</arg>
<doc>Logs the given message with the given level.</doc>
<msg timestamp="20220809 22:59:20.914" level="INFO">Samsung Smart Home</msg>
<status status="PASS" starttime="20220809 22:59:20.913" endtime="20220809 22:59:20.914"/>
</kw>
<kw name="Maximize Browser Window" library="SeleniumLibrary">
<doc>Maximizes current browser window.</doc>
<status status="PASS" starttime="20220809 22:59:20.915" endtime="20220809 22:59:22.942"/>
</kw>
<kw name="Sleep" library="BuiltIn">
<arg>6</arg>
<doc>Pauses the test executed for the given time.</doc>
<msg timestamp="20220809 22:59:28.949" level="INFO">Slept 6 seconds</msg>
<status status="PASS" starttime="20220809 22:59:22.943" endtime="20220809 22:59:28.949"/>
</kw>
<status status="PASS" starttime="20220809 22:59:11.556" endtime="20220809 22:59:28.949"/>
</kw>
<test id="s1-s36-t1" name="Scenario 1 - Validar Watch na academia" line="8">
<kw name="Given acesso a pagina" library="MapaPage">
<kw name="Sleep" library="BuiltIn">
<arg>10</arg>
<doc>Pauses the test executed for the given time.</doc>
<msg timestamp="20220809 22:59:38.956" level="INFO">Slept 10 seconds</msg>
<status status="PASS" starttime="20220809 22:59:28.953" endtime="20220809 22:59:38.966"/>
</kw>
<status status="PASS" starttime="20220809 22:59:28.952" endtime="20220809 22:59:38.968"/>
</kw>
<kw name="And verifico a pagina inicial" library="MapaPage">
<kw name="Wait Until Element Is Visible" library="SeleniumLibrary">
<arg>${mapa.samImg}</arg>
<arg>${TIMEOUT}</arg>
<doc>Waits until the element ``locator`` is visible.</doc>
<status status="PASS" starttime="20220809 22:59:38.979" endtime="20220809 22:59:40.521"/>
</kw>
<status status="PASS" starttime="20220809 22:59:38.975" endtime="20220809 22:59:40.522"/>
</kw>
<kw name="And pulo o tutorial" library="TutorialPage">
<kw name="Wait Until Element Is Visible" library="SeleniumLibrary">
<arg>${tutorial.pularTutorial}</arg>
<doc>Waits until the element ``locator`` is visible.</doc>
<status status="PASS" starttime="20220809 22:59:40.531" endtime="20220809 22:59:41.707"/>
</kw>
<kw name="Click Element" library="SeleniumLibrary">
<arg>${tutorial.pularTutorial}</arg>
<doc>Click the element identified by ``locator``.</doc>
<msg timestamp="20220809 22:59:41.717" level="INFO">Clicking element '//p[text()='PULAR TUTORIAL']'.</msg>
<status status="PASS" starttime="20220809 22:59:41.709" endtime="20220809 22:59:44.204"/>
</kw>
<status status="PASS" starttime="20220809 22:59:40.530" endtime="20220809 22:59:44.205"/>
</kw>
<kw name="And a tela inicial é exibida" library="TutorialPage">
<kw name="Wait Until Element Is Visible" library="SeleniumLibrary">
<arg>${tutorial.menu}</arg>
<arg>${TIMEOUT}</arg>
<doc>Waits until the element ``locator`` is visible.</doc>
<status status="PASS" starttime="20220809 22:59:44.210" endtime="20220809 22:59:45.588"/>
</kw>
<status status="PASS" starttime="20220809 22:59:44.209" endtime="20220809 22:59:45.589"/>
</kw>
<kw name="And clico na lupa do watch" library="ValidarWatchPage">
<kw name="Execute Javascript" library="SeleniumLibrary">
<arg>window.openWindow('device', '{"device":"fitness/watch4"}');</arg>
<doc>Executes the given JavaScript code with possible arguments.</doc>
<msg timestamp="20220809 22:59:45.596" level="INFO">Executing JavaScript:
window.openWindow('device', '{"device":"fitness/watch4"}');
Without any arguments.</msg>
<status status="PASS" starttime="20220809 22:59:45.595" endtime="20220809 22:59:46.627"/>
</kw>
<kw name="Sleep" library="BuiltIn">
<arg>5</arg>
<doc>Pauses the test executed for the given time.</doc>
<msg timestamp="20220809 22:59:51.641" level="INFO">Slept 5 seconds</msg>
<status status="PASS" starttime="20220809 22:59:46.627" endtime="20220809 22:59:51.641"/>
</kw>
<status status="PASS" starttime="20220809 22:59:45.593" endtime="20220809 22:59:51.642"/>
</kw>
<kw name="Then modal do watch é aberto" library="ValidarWatchPage">
<kw name="Page Should Contain" library="SeleniumLibrary">
<arg>Samsung Galaxy Watch 4</arg>
<doc>Verifies that current page contains ``text``.</doc>
<msg timestamp="20220809 22:59:52.828" level="INFO">Current page contains text 'Samsung Galaxy Watch 4'.</msg>
<status status="PASS" starttime="20220809 22:59:51.647" endtime="20220809 22:59:52.828"/>
</kw>
<status status="PASS" starttime="20220809 22:59:51.645" endtime="20220809 22:59:52.829"/>
</kw>
<kw name="And clico em Ver mais detalhes" library="ValidarSBPage">
<kw name="Click Element" library="SeleniumLibrary">
<arg>${botao.verdetalhes}</arg>
<doc>Click the element identified by ``locator``.</doc>
<msg timestamp="20220809 22:59:52.837" level="INFO">Clicking element 'modal-button-more_details'.</msg>
<status status="PASS" starttime="20220809 22:59:52.833" endtime="20220809 22:59:55.078"/>
</kw>
<status status="PASS" starttime="20220809 22:59:52.831" endtime="20220809 22:59:55.079"/>
</kw>
<kw name="And verifico o modelo do watch" library="ValidarWatchPage">
<kw name="Page Should Contain" library="SeleniumLibrary">
<arg>Relógio Watch 4</arg>
<doc>Verifies that current page contains ``text``.</doc>
<msg timestamp="20220809 22:59:59.245" level="INFO">Current page contains text 'Relógio Watch 4'.</msg>
<status status="PASS" starttime="20220809 22:59:55.083" endtime="20220809 22:59:59.246"/>
</kw>
<status status="PASS" starttime="20220809 22:59:55.082" endtime="20220809 22:59:59.247"/>
</kw>
<kw name="And verifico a descricao do produto watch" library="ValidarWatchPage">
<kw name="Page Should Contain" library="SeleniumLibrary">
<arg>Monitores seus exercícios físicos pelo pulso. Acompanhe o seu progresso de condicionamento físico com nosso primeiro smartwatch, que mede e informa a porcentagem de gordura corporal, massa muscular, água corporal e muito mais. O sensor Samsung BioActive e nosso chip mais rápido trazem a maior inovação do Galaxy Watch. Design elegante, integrado e icônico.</arg>
<doc>Verifies that current page contains ``text``.</doc>
<msg timestamp="20220809 23:00:01.550" level="INFO">Current page contains text 'Monitores seus exercícios físicos pelo pulso. Acompanhe o seu progresso de condicionamento físico com nosso primeiro smartwatch, que mede e informa a porcentagem de gordura corporal, massa muscular, água corporal e muito mais. O sensor Samsung BioActive e nosso chip mais rápido trazem a maior inovação do Galaxy Watch. Design elegante, integrado e icônico.'.</msg>
<status status="PASS" starttime="20220809 22:59:59.256" endtime="20220809 23:00:01.566"/>
</kw>
<status status="PASS" starttime="20220809 22:59:59.252" endtime="20220809 23:00:01.567"/>
</kw>
<kw name="And troco de cor o watch" library="ValidarWatchPage">
<kw name="Click Element" library="SeleniumLibrary">
<arg>${botao.mudarmodelo}</arg>
<doc>Click the element identified by ``locator``.</doc>
<msg timestamp="20220809 23:00:01.652" level="INFO">Clicking element 'description-change_model'.</msg>
<status status="PASS" starttime="20220809 23:00:01.639" endtime="20220809 23:00:11.922"/>
</kw>
<kw name="Click Element" library="SeleniumLibrary">
<arg>${cor.preto2}</arg>
<doc>Click the element identified by ``locator``.</doc>
<msg timestamp="20220809 23:00:11.930" level="INFO">Clicking element 'color-0'.</msg>
<status status="PASS" starttime="20220809 23:00:11.923" endtime="20220809 23:00:16.335"/>
</kw>
<kw name="Click Element" library="SeleniumLibrary">
<arg>${cor.cinzaclaro}</arg>
<doc>Click the element identified by ``locator``.</doc>
<msg timestamp="20220809 23:00:16.342" level="INFO">Clicking element 'color-1'.</msg>
<status status="PASS" starttime="20220809 23:00:16.337" endtime="20220809 23:00:23.197"/>
</kw>
<kw name="Click Element" library="SeleniumLibrary">
<arg>${cor.rosa}</arg>
<doc>Click the element identified by ``locator``.</doc>
<msg timestamp="20220809 23:00:23.206" level="INFO">Clicking element 'color-2'.</msg>
<status status="PASS" starttime="20220809 23:00:23.199" endtime="20220809 23:00:30.618"/>
</kw>
<status status="PASS" starttime="20220809 23:00:01.636" endtime="20220809 23:00:30.619"/>
</kw>
<kw name="And fecho o modal" library="ValidarSBPage">
<kw name="Press Keys" library="SeleniumLibrary">
<arg>None</arg>
<arg>ESC</arg>
<doc>Simulates the user pressing key(s) to an element or on the active browser.</doc>
<msg timestamp="20220809 23:00:30.626" level="INFO">Sending key(s) ('ESC',) to page.</msg>
<msg timestamp="20220809 23:00:30.630" level="INFO">Pressing special key ESCAPE to browser.</msg>
<msg timestamp="20220809 23:00:30.630" level="INFO">Releasing special key ESCAPE.</msg>
<status status="PASS" starttime="20220809 23:00:30.624" endtime="20220809 23:00:31.612"/>
</kw>
<status status="PASS" starttime="20220809 23:00:30.622" endtime="20220809 23:00:31.613"/>
</kw>
<kw name="And clico na lupa do watch" library="ValidarWatchPage">
<kw name="Execute Javascript" library="SeleniumLibrary">
<arg>window.openWindow('device', '{"device":"fitness/watch4"}');</arg>
<doc>Executes the given JavaScript code with possible arguments.</doc>
<msg timestamp="20220809 23:00:31.619" level="INFO">Executing JavaScript:
window.openWindow('device', '{"device":"fitness/watch4"}');
Without any arguments.</msg>
<status status="PASS" starttime="20220809 23:00:31.618" endtime="20220809 23:00:32.374"/>
</kw>
<kw name="Sleep" library="BuiltIn">
<arg>5</arg>
<doc>Pauses the test executed for the given time.</doc>
<msg timestamp="20220809 23:00:37.380" level="INFO">Slept 5 seconds</msg>
<status status="PASS" starttime="20220809 23:00:32.375" endtime="20220809 23:00:37.380"/>
</kw>
<status status="PASS" starttime="20220809 23:00:31.616" endtime="20220809 23:00:37.380"/>
</kw>
<kw name="And clico em Dicas da sam" library="ValidarSBPage">
<kw name="Click Element" library="SeleniumLibrary">
<arg>${botao.dicasam}</arg>
<doc>Click the element identified by ``locator``.</doc>
<msg timestamp="20220809 23:00:38.242" level="INFO">Clicking element 'modal-button-sam_tips'.</msg>
<status status="PASS" starttime="20220809 23:00:38.229" endtime="20220809 23:00:40.151"/>
</kw>
<status status="PASS" starttime="20220809 23:00:37.382" endtime="20220809 23:00:40.153"/>
</kw>
<kw name="And clico no botao fechar Dicas" library="ValidarSBPage">
<kw name="Press Keys" library="SeleniumLibrary">
<arg>None</arg>
<arg>ESC</arg>
<doc>Simulates the user pressing key(s) to an element or on the active browser.</doc>
<msg timestamp="20220809 23:00:40.162" level="INFO">Sending key(s) ('ESC',) to page.</msg>
<msg timestamp="20220809 23:00:40.162" level="INFO">Pressing special key ESCAPE to browser.</msg>
<msg timestamp="20220809 23:00:40.162" level="INFO">Releasing special key ESCAPE.</msg>
<status status="PASS" starttime="20220809 23:00:40.160" endtime="20220809 23:00:41.738"/>
</kw>
<status status="PASS" starttime="20220809 23:00:40.159" endtime="20220809 23:00:41.739"/>
</kw>
<tag>test</tag>
<status status="PASS" starttime="20220809 22:59:28.950" endtime="20220809 23:00:41.786"/>
</test>
<kw name="Close Session" library="BasePage" type="TEARDOWN">
<kw name="Capture Page Screenshot" library="SeleniumLibrary">
<doc>Takes a screenshot of the current page and embeds it into a log file.</doc>
<msg timestamp="20220809 23:00:46.144" level="INFO" html="true">&lt;/td&gt;&lt;/tr&gt;&lt;tr&gt;&lt;td colspan="3"&gt;&lt;a href="selenium-screenshot-77.png"&gt;&lt;img src="selenium-screenshot-77.png" width="800px"&gt;&lt;/a&gt;</msg>
<status status="PASS" starttime="20220809 23:00:42.052" endtime="20220809 23:00:46.144"/>
</kw>
<kw name="Close Browser" library="SeleniumLibrary">
<doc>Closes the current browser.</doc>
<status status="PASS" starttime="20220809 23:00:46.170" endtime="20220809 23:00:56.092"/>
</kw>
<status status="PASS" starttime="20220809 23:00:42.049" endtime="20220809 23:00:56.093"/>
</kw>
<status status="PASS" starttime="20220809 22:59:11.390" endtime="20220809 23:00:56.093"/>
</suite>
<status status="FAIL" starttime="20220809 21:55:15.781" endtime="20220809 23:00:56.108"/>
</suite>
<statistics>
<total>
<stat pass="53" fail="2" skip="0">All Tests</stat>
</total>
<tag>
<stat pass="53" fail="2" skip="0">test</stat>
</tag>
<suite>
<stat pass="53" fail="2" skip="0" id="s1" name="Tests">Tests</stat>
<stat pass="1" fail="0" skip="0" id="s1-s1" name="Configuracoes">Tests.Configuracoes</stat>
<stat pass="1" fail="0" skip="0" id="s1-s2" name="iniciarNovaExperiencia">Tests.iniciarNovaExperiencia</stat>
<stat pass="5" fail="0" skip="0" id="s1-s3" name="ligarAr">Tests.ligarAr</stat>
<stat pass="1" fail="0" skip="0" id="s1-s4" name="ligarMonitorgames">Tests.ligarMonitorgames</stat>
<stat pass="1" fail="0" skip="0" id="s1-s5" name="ligarSBsala">Tests.ligarSBsala</stat>
<stat pass="3" fail="0" skip="0" id="s1-s6" name="ligarST">Tests.ligarST</stat>
<stat pass="1" fail="0" skip="0" id="s1-s7" name="ligarTVacademia">Tests.ligarTVacademia</stat>
<stat pass="1" fail="0" skip="0" id="s1-s8" name="ligarTvescritorio">Tests.ligarTvescritorio</stat>
<stat pass="1" fail="0" skip="0" id="s1-s9" name="ligarTVquarto">Tests.ligarTVquarto</stat>
<stat pass="1" fail="0" skip="0" id="s1-s10" name="ligarTvsala">Tests.ligarTvsala</stat>
<stat pass="1" fail="0" skip="0" id="s1-s11" name="pularTutorial">Tests.pularTutorial</stat>
<stat pass="1" fail="0" skip="0" id="s1-s12" name="testaMapa">Tests.testaMapa</stat>
<stat pass="1" fail="0" skip="0" id="s1-s13" name="testaTutorial">Tests.testaTutorial</stat>
<stat pass="1" fail="0" skip="0" id="s1-s14" name="validarARcozinha">Tests.validarARcozinha</stat>
<stat pass="1" fail="0" skip="0" id="s1-s15" name="validarARescritorio">Tests.validarARescritorio</stat>
<stat pass="1" fail="0" skip="0" id="s1-s16" name="validarARgames">Tests.validarARgames</stat>
<stat pass="1" fail="0" skip="0" id="s1-s17" name="validarARquarto">Tests.validarARquarto</stat>
<stat pass="1" fail="0" skip="0" id="s1-s18" name="validarARsala">Tests.validarARsala</stat>
<stat pass="1" fail="0" skip="0" id="s1-s19" name="validarBookescritorio">Tests.validarBookescritorio</stat>
<stat pass="0" fail="2" skip="0" id="s1-s20" name="validarBuds">Tests.validarBuds</stat>
<stat pass="3" fail="0" skip="0" id="s1-s21" name="validarCelulares">Tests.validarCelulares</stat>
<stat pass="4" fail="0" skip="0" id="s1-s22" name="validarFreestyle">Tests.validarFreestyle</stat>
<stat pass="2" fail="0" skip="0" id="s1-s23" name="validarGeladeira">Tests.validarGeladeira</stat>
<stat pass="2" fail="0" skip="0" id="s1-s24" name="validarLavadora">Tests.validarLavadora</stat>
<stat pass="1" fail="0" skip="0" id="s1-s25" name="validarMonitorEscritorio">Tests.validarMonitorEscritorio</stat>
<stat pass="1" fail="0" skip="0" id="s1-s26" name="validarMonitorgames">Tests.validarMonitorgames</stat>
<stat pass="1" fail="0" skip="0" id="s1-s27" name="validarSBgames">Tests.validarSBgames</stat>
<stat pass="1" fail="0" skip="0" id="s1-s28" name="validarSBsala">Tests.validarSBsala</stat>
<stat pass="3" fail="0" skip="0" id="s1-s29" name="validarST">Tests.validarST</stat>
<stat pass="4" fail="0" skip="0" id="s1-s30" name="validarTabS8">Tests.validarTabS8</stat>
<stat pass="1" fail="0" skip="0" id="s1-s31" name="validarTVacademia">Tests.validarTVacademia</stat>
<stat pass="1" fail="0" skip="0" id="s1-s32" name="validarTVescritorio">Tests.validarTVescritorio</stat>
<stat pass="1" fail="0" skip="0" id="s1-s33" name="validarTVgames">Tests.validarTVgames</stat>
<stat pass="1" fail="0" skip="0" id="s1-s34" name="validarTVquarto">Tests.validarTVquarto</stat>
<stat pass="1" fail="0" skip="0" id="s1-s35" name="validarTVsala">Tests.validarTVsala</stat>
<stat pass="1" fail="0" skip="0" id="s1-s36" name="validarWatch">Tests.validarWatch</stat>
</suite>
</statistics>
<errors>
</errors>
</robot>
