<?xml version="1.0" encoding="UTF-8"?>
<robot generator="Robot 5.0.1 (Python 3.7.3 on win32)" generated="20220808 16:12:19.268" rpa="false" schemaversion="3">
<suite id="s1" name="validarFreestyle" source="C:\ProjetoVRHome\RobotXpert\Tests\validarFreestyle.robot">
<kw name="Start Session" library="BasePage" type="SETUP">
<kw name="Open Browser" library="SeleniumLibrary">
<arg>about:blank</arg>
<arg>${BROWSER}</arg>
<doc>Opens a new browser instance to the optional ``url``.</doc>
<msg timestamp="20220808 16:12:20.472" level="INFO">Opening browser 'Chrome' to base url 'about:blank'.</msg>
<status status="PASS" starttime="20220808 16:12:20.471" endtime="20220808 16:12:22.992"/>
</kw>
<kw name="Go To" library="SeleniumLibrary">
<arg>${BASEURL}</arg>
<doc>Navigates the current browser window to the provided ``url``.</doc>
<msg timestamp="20220808 16:12:22.993" level="INFO">Opening url 'https://d2fnnoijlny9vq.cloudfront.net/'</msg>
<status status="PASS" starttime="20220808 16:12:22.993" endtime="20220808 16:12:28.090"/>
</kw>
<kw name="Get Title" library="SeleniumLibrary">
<var>${PageTitle}</var>
<doc>Returns the title of the current page.</doc>
<msg timestamp="20220808 16:12:28.236" level="INFO">${PageTitle} = Samsung Smart Home</msg>
<status status="PASS" starttime="20220808 16:12:28.090" endtime="20220808 16:12:28.236"/>
</kw>
<kw name="Log" library="BuiltIn">
<arg>${PageTitle}</arg>
<doc>Logs the given message with the given level.</doc>
<msg timestamp="20220808 16:12:28.238" level="INFO">Samsung Smart Home</msg>
<status status="PASS" starttime="20220808 16:12:28.237" endtime="20220808 16:12:28.238"/>
</kw>
<kw name="Maximize Browser Window" library="SeleniumLibrary">
<doc>Maximizes current browser window.</doc>
<status status="PASS" starttime="20220808 16:12:28.239" endtime="20220808 16:12:28.438"/>
</kw>
<kw name="Sleep" library="BuiltIn">
<arg>6</arg>
<doc>Pauses the test executed for the given time.</doc>
<msg timestamp="20220808 16:12:34.449" level="INFO">Slept 6 seconds</msg>
<status status="PASS" starttime="20220808 16:12:28.440" endtime="20220808 16:12:34.449"/>
</kw>
<status status="PASS" starttime="20220808 16:12:20.470" endtime="20220808 16:12:34.450"/>
</kw>
<test id="s1-t1" name="Scenario 1 - Validar freestyle da area de lazer" line="8">
<kw name="Given acesso a pagina" library="MapaPage">
<kw name="Sleep" library="BuiltIn">
<arg>10</arg>
<doc>Pauses the test executed for the given time.</doc>
<msg timestamp="20220808 16:12:44.471" level="INFO">Slept 10 seconds</msg>
<status status="PASS" starttime="20220808 16:12:34.460" endtime="20220808 16:12:44.471"/>
</kw>
<status status="PASS" starttime="20220808 16:12:34.459" endtime="20220808 16:12:44.472"/>
</kw>
<kw name="And verifico a pagina inicial" library="MapaPage">
<kw name="Wait Until Element Is Visible" library="SeleniumLibrary">
<arg>${mapa.samImg}</arg>
<arg>15</arg>
<doc>Waits until the element ``locator`` is visible.</doc>
<status status="PASS" starttime="20220808 16:12:44.474" endtime="20220808 16:12:45.504"/>
</kw>
<status status="PASS" starttime="20220808 16:12:44.473" endtime="20220808 16:12:45.505"/>
</kw>
<kw name="And pulo o tutorial" library="TutorialPage">
<kw name="Click Element" library="SeleniumLibrary">
<arg>${tutorial.pularTutorial}</arg>
<doc>Click the element identified by ``locator``.</doc>
<msg timestamp="20220808 16:12:45.515" level="INFO">Clicking element '//p[text()='PULAR TUTORIAL']'.</msg>
<status status="PASS" starttime="20220808 16:12:45.511" endtime="20220808 16:12:47.260"/>
</kw>
<status status="PASS" starttime="20220808 16:12:45.509" endtime="20220808 16:12:47.260"/>
</kw>
<kw name="And a tela inicial é exibida" library="TutorialPage">
<kw name="Wait Until Element Is Visible" library="SeleniumLibrary">
<arg>${tutorial.menu}</arg>
<arg>7</arg>
<doc>Waits until the element ``locator`` is visible.</doc>
<status status="PASS" starttime="20220808 16:12:47.264" endtime="20220808 16:12:47.724"/>
</kw>
<status status="PASS" starttime="20220808 16:12:47.263" endtime="20220808 16:12:47.725"/>
</kw>
<kw name="And eu clico no icone mapa" library="MapaPage">
<kw name="Sleep" library="BuiltIn">
<arg>7</arg>
<doc>Pauses the test executed for the given time.</doc>
<msg timestamp="20220808 16:12:54.744" level="INFO">Slept 7 seconds</msg>
<status status="PASS" starttime="20220808 16:12:47.730" endtime="20220808 16:12:54.745"/>
</kw>
<kw name="Wait Until Element Is Visible" library="SeleniumLibrary">
<arg>${mapa.iconemapa}</arg>
<doc>Waits until the element ``locator`` is visible.</doc>
<status status="PASS" starttime="20220808 16:12:54.746" endtime="20220808 16:12:55.193"/>
</kw>
<kw name="Click Element" library="SeleniumLibrary">
<arg>${mapa.iconemapa}</arg>
<doc>Click the element identified by ``locator``.</doc>
<msg timestamp="20220808 16:12:55.197" level="INFO">Clicking element '//div[@class='css-13dls4l']//div[1]'.</msg>
<status status="PASS" starttime="20220808 16:12:55.194" endtime="20220808 16:12:56.105"/>
</kw>
<status status="PASS" starttime="20220808 16:12:47.728" endtime="20220808 16:12:56.105"/>
</kw>
<kw name="And vejo o mapa" library="MapaPage">
<kw name="Wait Until Element Is Visible" library="SeleniumLibrary">
<arg>${mapa.mapa}</arg>
<arg>10</arg>
<doc>Waits until the element ``locator`` is visible.</doc>
<status status="PASS" starttime="20220808 16:12:56.108" endtime="20220808 16:12:57.080"/>
</kw>
<status status="PASS" starttime="20220808 16:12:56.107" endtime="20220808 16:12:57.081"/>
</kw>
<kw name="And clico no comodo getTogether" library="MapaPage">
<kw name="Wait Until Element Is Visible" library="SeleniumLibrary">
<arg>${mapa.areaDeLazerBoard}</arg>
<doc>Waits until the element ``locator`` is visible.</doc>
<status status="PASS" starttime="20220808 16:12:57.084" endtime="20220808 16:12:59.402"/>
</kw>
<kw name="Click Element" library="SeleniumLibrary">
<arg>${mapa.areaDeLazerBoard}</arg>
<doc>Click the element identified by ``locator``.</doc>
<msg timestamp="20220808 16:12:59.404" level="INFO">Clicking element 'map-space-together'.</msg>
<status status="PASS" starttime="20220808 16:12:59.402" endtime="20220808 16:13:01.894"/>
</kw>
<status status="PASS" starttime="20220808 16:12:57.083" endtime="20220808 16:13:01.895"/>
</kw>
<kw name="And clico na lupa da freestyle da area de lazer" library="ValidarFreestylePage">
<kw name="Execute Javascript" library="SeleniumLibrary">
<arg>window.openWindow('device', '{"device":"together/projector"}');</arg>
<doc>Executes the given JavaScript code with possible arguments.</doc>
<msg timestamp="20220808 16:13:01.904" level="INFO">Executing JavaScript:
window.openWindow('device', '{"device":"together/projector"}');
Without any arguments.</msg>
<status status="PASS" starttime="20220808 16:13:01.898" endtime="20220808 16:13:03.000"/>
</kw>
<kw name="Sleep" library="BuiltIn">
<arg>5</arg>
<doc>Pauses the test executed for the given time.</doc>
<msg timestamp="20220808 16:13:08.013" level="INFO">Slept 5 seconds</msg>
<status status="PASS" starttime="20220808 16:13:03.001" endtime="20220808 16:13:08.013"/>
</kw>
<status status="PASS" starttime="20220808 16:13:01.897" endtime="20220808 16:13:08.014"/>
</kw>
<kw name="Then modal da freestyle é aberto" library="ValidarFreestylePage">
<kw name="Page Should Contain" library="SeleniumLibrary">
<arg>Samsung The Freestyle</arg>
<doc>Verifies that current page contains ``text``.</doc>
<msg timestamp="20220808 16:13:08.373" level="INFO">Current page contains text 'Samsung The Freestyle'.</msg>
<status status="PASS" starttime="20220808 16:13:08.017" endtime="20220808 16:13:08.373"/>
</kw>
<status status="PASS" starttime="20220808 16:13:08.016" endtime="20220808 16:13:08.373"/>
</kw>
<kw name="And clico em Ver mais detalhes" library="ValidarSBPage">
<kw name="Click Element" library="SeleniumLibrary">
<arg>${botao.verdetalhes}</arg>
<doc>Click the element identified by ``locator``.</doc>
<msg timestamp="20220808 16:13:08.382" level="INFO">Clicking element 'modal-button-more_details'.</msg>
<status status="PASS" starttime="20220808 16:13:08.379" endtime="20220808 16:13:09.370"/>
</kw>
<status status="PASS" starttime="20220808 16:13:08.378" endtime="20220808 16:13:09.371"/>
</kw>
<kw name="And verifico o modelo da freestyle da area de lazer" library="ValidarFreestylePage">
<kw name="Page Should Contain" library="SeleniumLibrary">
<arg>Projetor Freestyle externo</arg>
<doc>Verifies that current page contains ``text``.</doc>
<msg timestamp="20220808 16:13:09.850" level="INFO">Current page contains text 'Projetor Freestyle externo'.</msg>
<status status="PASS" starttime="20220808 16:13:09.374" endtime="20220808 16:13:09.851"/>
</kw>
<status status="PASS" starttime="20220808 16:13:09.373" endtime="20220808 16:13:09.851"/>
</kw>
<kw name="And verifico a descricao do produto freestyle" library="ValidarFreestylePage">
<kw name="Page Should Contain" library="SeleniumLibrary">
<arg>Leve seu entretenimento com você. O The Freestyle tem design portátil, com menos de 1Kg e com rotação de 180º. Tudo para você exibir seu conteúdo em mesas, áreas externas ou até o teto. Imagem de 30 a 100 polegadas. Configuração fácil e instantânea. E o case resistente completa a portabilidade.</arg>
<doc>Verifies that current page contains ``text``.</doc>
<msg timestamp="20220808 16:13:10.271" level="INFO">Current page contains text 'Leve seu entretenimento com você. O The Freestyle tem design portátil, com menos de 1Kg e com rotação de 180º. Tudo para você exibir seu conteúdo em mesas, áreas externas ou até o teto. Imagem de 30 a 100 polegadas. Configuração fácil e instantânea. E o case resistente completa a portabilidade.'.</msg>
<status status="PASS" starttime="20220808 16:13:09.855" endtime="20220808 16:13:10.271"/>
</kw>
<status status="PASS" starttime="20220808 16:13:09.853" endtime="20220808 16:13:10.272"/>
</kw>
<kw name="And fecho o modal" library="ValidarSBPage">
<kw name="Click Element" library="SeleniumLibrary">
<arg>${botao.fechardetalhes}</arg>
<doc>Click the element identified by ``locator``.</doc>
<msg timestamp="20220808 16:13:10.277" level="INFO">Clicking element '//button[@class='chakra-modal__close-btn css-gn0b9o']//*[name()='svg']'.</msg>
<status status="PASS" starttime="20220808 16:13:10.274" endtime="20220808 16:13:11.331"/>
</kw>
<kw name="Sleep" library="BuiltIn">
<arg>5</arg>
<doc>Pauses the test executed for the given time.</doc>
<msg timestamp="20220808 16:13:16.340" level="INFO">Slept 5 seconds</msg>
<status status="PASS" starttime="20220808 16:13:11.331" endtime="20220808 16:13:16.340"/>
</kw>
<status status="PASS" starttime="20220808 16:13:10.273" endtime="20220808 16:13:16.341"/>
</kw>
<kw name="And clico na lupa da freestyle da area de lazer" library="ValidarFreestylePage">
<kw name="Execute Javascript" library="SeleniumLibrary">
<arg>window.openWindow('device', '{"device":"together/projector"}');</arg>
<doc>Executes the given JavaScript code with possible arguments.</doc>
<msg timestamp="20220808 16:13:16.348" level="INFO">Executing JavaScript:
window.openWindow('device', '{"device":"together/projector"}');
Without any arguments.</msg>
<status status="PASS" starttime="20220808 16:13:16.347" endtime="20220808 16:13:16.637"/>
</kw>
<kw name="Sleep" library="BuiltIn">
<arg>5</arg>
<doc>Pauses the test executed for the given time.</doc>
<msg timestamp="20220808 16:13:21.640" level="INFO">Slept 5 seconds</msg>
<status status="PASS" starttime="20220808 16:13:16.638" endtime="20220808 16:13:21.640"/>
</kw>
<status status="PASS" starttime="20220808 16:13:16.343" endtime="20220808 16:13:21.641"/>
</kw>
<kw name="And clico em Dicas da sam" library="ValidarSBPage">
<kw name="Click Element" library="SeleniumLibrary">
<arg>${botao.dicasam}</arg>
<doc>Click the element identified by ``locator``.</doc>
<msg timestamp="20220808 16:13:21.649" level="INFO">Clicking element 'modal-button-sam_tips'.</msg>
<status status="PASS" starttime="20220808 16:13:21.645" endtime="20220808 16:13:22.626"/>
</kw>
<status status="PASS" starttime="20220808 16:13:21.643" endtime="20220808 16:13:22.627"/>
</kw>
<kw name="And clico no botao ver mais" library="ValidarSBPage">
<kw name="Click Element" library="SeleniumLibrary">
<arg>${botao.vermais}</arg>
<doc>Click the element identified by ``locator``.</doc>
<msg timestamp="20220808 16:13:22.633" level="INFO">Clicking element '//p[text()='Ver mais']'.</msg>
<status status="PASS" starttime="20220808 16:13:22.629" endtime="20220808 16:13:24.062"/>
</kw>
<status status="PASS" starttime="20220808 16:13:22.629" endtime="20220808 16:13:24.063"/>
</kw>
<kw name="And clico no botao fechar Dicas" library="ValidarSBPage">
<kw name="Press Keys" library="SeleniumLibrary">
<arg>None</arg>
<arg>ESC</arg>
<doc>Simulates the user pressing key(s) to an element or on the active browser.</doc>
<msg timestamp="20220808 16:13:24.069" level="INFO">Sending key(s) ('ESC',) to page.</msg>
<msg timestamp="20220808 16:13:24.069" level="INFO">Pressing special key ESCAPE to browser.</msg>
<msg timestamp="20220808 16:13:24.070" level="INFO">Releasing special key ESCAPE.</msg>
<status status="PASS" starttime="20220808 16:13:24.068" endtime="20220808 16:13:24.758"/>
</kw>
<status status="PASS" starttime="20220808 16:13:24.066" endtime="20220808 16:13:24.758"/>
</kw>
<tag>test</tag>
<status status="PASS" starttime="20220808 16:12:34.452" endtime="20220808 16:13:24.760"/>
</test>
<test id="s1-t2" name="Scenario 2 - Ligar freestyle da area de lazer" line="29">
<kw name="And clico na lupa da freestyle da area de lazer" library="ValidarFreestylePage">
<kw name="Execute Javascript" library="SeleniumLibrary">
<arg>window.openWindow('device', '{"device":"together/projector"}');</arg>
<doc>Executes the given JavaScript code with possible arguments.</doc>
<msg timestamp="20220808 16:13:24.769" level="INFO">Executing JavaScript:
window.openWindow('device', '{"device":"together/projector"}');
Without any arguments.</msg>
<status status="PASS" starttime="20220808 16:13:24.768" endtime="20220808 16:13:25.002"/>
</kw>
<kw name="Sleep" library="BuiltIn">
<arg>5</arg>
<doc>Pauses the test executed for the given time.</doc>
<msg timestamp="20220808 16:13:30.014" level="INFO">Slept 5 seconds</msg>
<status status="PASS" starttime="20220808 16:13:25.003" endtime="20220808 16:13:30.014"/>
</kw>
<status status="PASS" starttime="20220808 16:13:24.767" endtime="20220808 16:13:30.014"/>
</kw>
<kw name="And clico em Abrir no SmartThings" library="ValidarGeladeiraPage">
<kw name="Wait Until Element Is Visible" library="SeleniumLibrary">
<arg>${btn.smartthings}</arg>
<doc>Waits until the element ``locator`` is visible.</doc>
<status status="PASS" starttime="20220808 16:13:30.017" endtime="20220808 16:13:31.812"/>
</kw>
<kw name="Click Element" library="SeleniumLibrary">
<arg>${btn.smartthings}</arg>
<doc>Click the element identified by ``locator``.</doc>
<msg timestamp="20220808 16:13:31.817" level="INFO">Clicking element '//div[@id='modal-button-open_smartthings']//p[1]'.</msg>
<status status="PASS" starttime="20220808 16:13:31.813" endtime="20220808 16:13:33.094"/>
</kw>
<kw name="Sleep" library="BuiltIn">
<arg>10</arg>
<doc>Pauses the test executed for the given time.</doc>
<msg timestamp="20220808 16:13:43.107" level="INFO">Slept 10 seconds</msg>
<status status="PASS" starttime="20220808 16:13:33.094" endtime="20220808 16:13:43.107"/>
</kw>
<status status="PASS" starttime="20220808 16:13:30.016" endtime="20220808 16:13:43.108"/>
</kw>
<kw name="And clico em ligar freestyle" library="ValidarFreestylePage">
<kw name="Select Frame" library="SeleniumLibrary">
<arg>${st.iframe}</arg>
<doc>Sets frame identified by ``locator`` as the current frame.</doc>
<msg timestamp="20220808 16:13:43.119" level="INFO">Selecting frame '//iframe[@id='iframe-content'][@title='smart-things']'.</msg>
<status status="PASS" starttime="20220808 16:13:43.113" endtime="20220808 16:13:44.263"/>
</kw>
<kw name="Wait Until Element Is Visible" library="SeleniumLibrary">
<arg>${st.powerbutton}</arg>
<arg>${TIMEOUT}</arg>
<doc>Waits until the element ``locator`` is visible.</doc>
<status status="PASS" starttime="20220808 16:13:44.264" endtime="20220808 16:13:45.042"/>
</kw>
<kw name="click with Javascript" library="LigarSBsalaPage">
<arg>${st.powerbutton}</arg>
<kw name="Get WebElement" library="SeleniumLibrary">
<var>${ele}</var>
<arg>${webElement}</arg>
<doc>Returns the first WebElement matching the given ``locator``.</doc>
<msg timestamp="20220808 16:13:45.341" level="INFO">${ele} = &lt;selenium.webdriver.remote.webelement.WebElement (session="2da9a9b64fe9a539462a4c858bb851e6", element="4f651c27-7bc8-4703-b8dc-2e66018d7ba4")&gt;</msg>
<status status="PASS" starttime="20220808 16:13:45.048" endtime="20220808 16:13:45.341"/>
</kw>
<kw name="Execute Javascript" library="SeleniumLibrary">
<arg>arguments[0].click();</arg>
<arg>ARGUMENTS</arg>
<arg>${ele}</arg>
<doc>Executes the given JavaScript code with possible arguments.</doc>
<msg timestamp="20220808 16:13:45.346" level="INFO">Executing JavaScript:
arguments[0].click();
By using argument:
'&lt;selenium.webdriver.remote.webelement.WebElement (session="2da9a9b64fe9a539462a4c858bb851e6", element="4f651c27-7bc8-4703-b8dc-2e66018d7ba4")&gt;'</msg>
<status status="PASS" starttime="20220808 16:13:45.344" endtime="20220808 16:13:45.649"/>
</kw>
<status status="PASS" starttime="20220808 16:13:45.044" endtime="20220808 16:13:45.649"/>
</kw>
<kw name="Unselect Frame" library="SeleniumLibrary">
<doc>Sets the main frame as the current frame.</doc>
<status status="PASS" starttime="20220808 16:13:45.650" endtime="20220808 16:13:45.860"/>
</kw>
<status status="PASS" starttime="20220808 16:13:43.110" endtime="20220808 16:13:45.860"/>
</kw>
<kw name="Then mensagem de missao concluida é exibida" library="LigarSBsalaPage">
<kw name="Wait Until Element Is Visible" library="SeleniumLibrary">
<arg>${st.toast}</arg>
<arg>${TIMEOUT}</arg>
<doc>Waits until the element ``locator`` is visible.</doc>
<status status="PASS" starttime="20220808 16:13:45.868" endtime="20220808 16:13:47.568"/>
</kw>
<status status="PASS" starttime="20220808 16:13:45.866" endtime="20220808 16:13:47.569"/>
</kw>
<tag>test</tag>
<status status="PASS" starttime="20220808 16:13:24.765" endtime="20220808 16:13:47.570"/>
</test>
<test id="s1-t3" name="Scenario 3 - Validar freestyle do lounge" line="37">
<kw name="And eu clico no icone mapa" library="MapaPage">
<kw name="Sleep" library="BuiltIn">
<arg>7</arg>
<doc>Pauses the test executed for the given time.</doc>
<msg timestamp="20220808 16:13:54.583" level="INFO">Slept 7 seconds</msg>
<status status="PASS" starttime="20220808 16:13:47.578" endtime="20220808 16:13:54.583"/>
</kw>
<kw name="Wait Until Element Is Visible" library="SeleniumLibrary">
<arg>${mapa.iconemapa}</arg>
<doc>Waits until the element ``locator`` is visible.</doc>
<status status="PASS" starttime="20220808 16:13:54.584" endtime="20220808 16:13:54.981"/>
</kw>
<kw name="Click Element" library="SeleniumLibrary">
<arg>${mapa.iconemapa}</arg>
<doc>Click the element identified by ``locator``.</doc>
<msg timestamp="20220808 16:13:54.986" level="INFO">Clicking element '//div[@class='css-13dls4l']//div[1]'.</msg>
<status status="PASS" starttime="20220808 16:13:54.982" endtime="20220808 16:13:55.826"/>
</kw>
<status status="PASS" starttime="20220808 16:13:47.577" endtime="20220808 16:13:55.826"/>
</kw>
<kw name="And vejo o mapa" library="MapaPage">
<kw name="Wait Until Element Is Visible" library="SeleniumLibrary">
<arg>${mapa.mapa}</arg>
<arg>10</arg>
<doc>Waits until the element ``locator`` is visible.</doc>
<status status="PASS" starttime="20220808 16:13:55.831" endtime="20220808 16:13:56.303"/>
</kw>
<status status="PASS" starttime="20220808 16:13:55.829" endtime="20220808 16:13:56.304"/>
</kw>
<kw name="And clico no comodo lounge" library="MapaPage">
<kw name="Wait Until Element Is Visible" library="SeleniumLibrary">
<arg>${mapa.loungeBoard}</arg>
<arg>10</arg>
<doc>Waits until the element ``locator`` is visible.</doc>
<status status="PASS" starttime="20220808 16:13:56.307" endtime="20220808 16:13:56.938"/>
</kw>
<kw name="Click Element" library="SeleniumLibrary">
<arg>${mapa.loungeBoard}</arg>
<doc>Click the element identified by ``locator``.</doc>
<msg timestamp="20220808 16:13:56.940" level="INFO">Clicking element 'map-space-lounge'.</msg>
<status status="PASS" starttime="20220808 16:13:56.938" endtime="20220808 16:14:00.593"/>
</kw>
<status status="PASS" starttime="20220808 16:13:56.306" endtime="20220808 16:14:00.593"/>
</kw>
<kw name="And clico na lupa da freestyle do lounge" library="ValidarFreestylePage">
<kw name="Execute Javascript" library="SeleniumLibrary">
<arg>window.openWindow('device', '{"device":"lounge/projector"}');</arg>
<doc>Executes the given JavaScript code with possible arguments.</doc>
<msg timestamp="20220808 16:14:00.598" level="INFO">Executing JavaScript:
window.openWindow('device', '{"device":"lounge/projector"}');
Without any arguments.</msg>
<status status="PASS" starttime="20220808 16:14:00.597" endtime="20220808 16:14:01.017"/>
</kw>
<kw name="Sleep" library="BuiltIn">
<arg>5</arg>
<doc>Pauses the test executed for the given time.</doc>
<msg timestamp="20220808 16:14:06.031" level="INFO">Slept 5 seconds</msg>
<status status="PASS" starttime="20220808 16:14:01.017" endtime="20220808 16:14:06.031"/>
</kw>
<status status="PASS" starttime="20220808 16:14:00.596" endtime="20220808 16:14:06.032"/>
</kw>
<kw name="Then modal da freestyle é aberto" library="ValidarFreestylePage">
<kw name="Page Should Contain" library="SeleniumLibrary">
<arg>Samsung The Freestyle</arg>
<doc>Verifies that current page contains ``text``.</doc>
<msg timestamp="20220808 16:14:06.449" level="INFO">Current page contains text 'Samsung The Freestyle'.</msg>
<status status="PASS" starttime="20220808 16:14:06.034" endtime="20220808 16:14:06.449"/>
</kw>
<status status="PASS" starttime="20220808 16:14:06.033" endtime="20220808 16:14:06.450"/>
</kw>
<kw name="And clico em Ver mais detalhes" library="ValidarSBPage">
<kw name="Click Element" library="SeleniumLibrary">
<arg>${botao.verdetalhes}</arg>
<doc>Click the element identified by ``locator``.</doc>
<msg timestamp="20220808 16:14:06.456" level="INFO">Clicking element 'modal-button-more_details'.</msg>
<status status="PASS" starttime="20220808 16:14:06.454" endtime="20220808 16:14:08.002"/>
</kw>
<status status="PASS" starttime="20220808 16:14:06.452" endtime="20220808 16:14:08.002"/>
</kw>
<kw name="And verifico o modelo da freestyle do lounge" library="ValidarFreestylePage">
<kw name="Page Should Contain" library="SeleniumLibrary">
<arg>Projetor Freestyle do Lounge</arg>
<doc>Verifies that current page contains ``text``.</doc>
<msg timestamp="20220808 16:14:08.735" level="INFO">Current page contains text 'Projetor Freestyle do Lounge'.</msg>
<status status="PASS" starttime="20220808 16:14:08.006" endtime="20220808 16:14:08.736"/>
</kw>
<status status="PASS" starttime="20220808 16:14:08.004" endtime="20220808 16:14:08.736"/>
</kw>
<kw name="And verifico a descricao do produto freestyle" library="ValidarFreestylePage">
<kw name="Page Should Contain" library="SeleniumLibrary">
<arg>Leve seu entretenimento com você. O The Freestyle tem design portátil, com menos de 1Kg e com rotação de 180º. Tudo para você exibir seu conteúdo em mesas, áreas externas ou até o teto. Imagem de 30 a 100 polegadas. Configuração fácil e instantânea. E o case resistente completa a portabilidade.</arg>
<doc>Verifies that current page contains ``text``.</doc>
<msg timestamp="20220808 16:14:09.288" level="INFO">Current page contains text 'Leve seu entretenimento com você. O The Freestyle tem design portátil, com menos de 1Kg e com rotação de 180º. Tudo para você exibir seu conteúdo em mesas, áreas externas ou até o teto. Imagem de 30 a 100 polegadas. Configuração fácil e instantânea. E o case resistente completa a portabilidade.'.</msg>
<status status="PASS" starttime="20220808 16:14:08.740" endtime="20220808 16:14:09.288"/>
</kw>
<status status="PASS" starttime="20220808 16:14:08.738" endtime="20220808 16:14:09.289"/>
</kw>
<kw name="And fecho o modal" library="ValidarSBPage">
<kw name="Click Element" library="SeleniumLibrary">
<arg>${botao.fechardetalhes}</arg>
<doc>Click the element identified by ``locator``.</doc>
<msg timestamp="20220808 16:14:09.299" level="INFO">Clicking element '//button[@class='chakra-modal__close-btn css-gn0b9o']//*[name()='svg']'.</msg>
<status status="PASS" starttime="20220808 16:14:09.294" endtime="20220808 16:14:10.611"/>
</kw>
<kw name="Sleep" library="BuiltIn">
<arg>5</arg>
<doc>Pauses the test executed for the given time.</doc>
<msg timestamp="20220808 16:14:15.624" level="INFO">Slept 5 seconds</msg>
<status status="PASS" starttime="20220808 16:14:10.612" endtime="20220808 16:14:15.624"/>
</kw>
<status status="PASS" starttime="20220808 16:14:09.291" endtime="20220808 16:14:15.625"/>
</kw>
<kw name="And clico na lupa da freestyle do lounge" library="ValidarFreestylePage">
<kw name="Execute Javascript" library="SeleniumLibrary">
<arg>window.openWindow('device', '{"device":"lounge/projector"}');</arg>
<doc>Executes the given JavaScript code with possible arguments.</doc>
<msg timestamp="20220808 16:14:15.629" level="INFO">Executing JavaScript:
window.openWindow('device', '{"device":"lounge/projector"}');
Without any arguments.</msg>
<status status="PASS" starttime="20220808 16:14:15.628" endtime="20220808 16:14:15.939"/>
</kw>
<kw name="Sleep" library="BuiltIn">
<arg>5</arg>
<doc>Pauses the test executed for the given time.</doc>
<msg timestamp="20220808 16:14:20.953" level="INFO">Slept 5 seconds</msg>
<status status="PASS" starttime="20220808 16:14:15.940" endtime="20220808 16:14:20.953"/>
</kw>
<status status="PASS" starttime="20220808 16:14:15.627" endtime="20220808 16:14:20.954"/>
</kw>
<kw name="And clico em Dicas da sam" library="ValidarSBPage">
<kw name="Click Element" library="SeleniumLibrary">
<arg>${botao.dicasam}</arg>
<doc>Click the element identified by ``locator``.</doc>
<msg timestamp="20220808 16:14:20.960" level="INFO">Clicking element 'modal-button-sam_tips'.</msg>
<status status="PASS" starttime="20220808 16:14:20.958" endtime="20220808 16:14:22.466"/>
</kw>
<status status="PASS" starttime="20220808 16:14:20.956" endtime="20220808 16:14:22.466"/>
</kw>
<kw name="And clico no botao ver mais" library="ValidarSBPage">
<kw name="Click Element" library="SeleniumLibrary">
<arg>${botao.vermais}</arg>
<doc>Click the element identified by ``locator``.</doc>
<msg timestamp="20220808 16:14:22.475" level="INFO">Clicking element '//p[text()='Ver mais']'.</msg>
<status status="PASS" starttime="20220808 16:14:22.471" endtime="20220808 16:14:24.161"/>
</kw>
<status status="PASS" starttime="20220808 16:14:22.469" endtime="20220808 16:14:24.162"/>
</kw>
<kw name="And clico no botao fechar Dicas" library="ValidarSBPage">
<kw name="Press Keys" library="SeleniumLibrary">
<arg>None</arg>
<arg>ESC</arg>
<doc>Simulates the user pressing key(s) to an element or on the active browser.</doc>
<msg timestamp="20220808 16:14:24.168" level="INFO">Sending key(s) ('ESC',) to page.</msg>
<msg timestamp="20220808 16:14:24.168" level="INFO">Pressing special key ESCAPE to browser.</msg>
<msg timestamp="20220808 16:14:24.168" level="INFO">Releasing special key ESCAPE.</msg>
<status status="PASS" starttime="20220808 16:14:24.166" endtime="20220808 16:14:24.926"/>
</kw>
<status status="PASS" starttime="20220808 16:14:24.164" endtime="20220808 16:14:24.926"/>
</kw>
<tag>test</tag>
<status status="PASS" starttime="20220808 16:13:47.574" endtime="20220808 16:14:24.928"/>
</test>
<test id="s1-t4" name="Scenario 4 - Ligar freestyle do lounge" line="55">
<kw name="And clico na lupa da freestyle do lounge" library="ValidarFreestylePage">
<kw name="Execute Javascript" library="SeleniumLibrary">
<arg>window.openWindow('device', '{"device":"lounge/projector"}');</arg>
<doc>Executes the given JavaScript code with possible arguments.</doc>
<msg timestamp="20220808 16:14:24.935" level="INFO">Executing JavaScript:
window.openWindow('device', '{"device":"lounge/projector"}');
Without any arguments.</msg>
<status status="PASS" starttime="20220808 16:14:24.934" endtime="20220808 16:14:25.261"/>
</kw>
<kw name="Sleep" library="BuiltIn">
<arg>5</arg>
<doc>Pauses the test executed for the given time.</doc>
<msg timestamp="20220808 16:14:30.270" level="INFO">Slept 5 seconds</msg>
<status status="PASS" starttime="20220808 16:14:25.262" endtime="20220808 16:14:30.270"/>
</kw>
<status status="PASS" starttime="20220808 16:14:24.933" endtime="20220808 16:14:30.270"/>
</kw>
<kw name="And clico em Abrir no SmartThings" library="ValidarGeladeiraPage">
<kw name="Wait Until Element Is Visible" library="SeleniumLibrary">
<arg>${btn.smartthings}</arg>
<doc>Waits until the element ``locator`` is visible.</doc>
<status status="PASS" starttime="20220808 16:14:30.273" endtime="20220808 16:14:30.857"/>
</kw>
<kw name="Click Element" library="SeleniumLibrary">
<arg>${btn.smartthings}</arg>
<doc>Click the element identified by ``locator``.</doc>
<msg timestamp="20220808 16:14:30.859" level="INFO">Clicking element '//div[@id='modal-button-open_smartthings']//p[1]'.</msg>
<status status="PASS" starttime="20220808 16:14:30.858" endtime="20220808 16:14:32.041"/>
</kw>
<kw name="Sleep" library="BuiltIn">
<arg>10</arg>
<doc>Pauses the test executed for the given time.</doc>
<msg timestamp="20220808 16:14:42.045" level="INFO">Slept 10 seconds</msg>
<status status="PASS" starttime="20220808 16:14:32.042" endtime="20220808 16:14:42.045"/>
</kw>
<status status="PASS" starttime="20220808 16:14:30.272" endtime="20220808 16:14:42.045"/>
</kw>
<kw name="And clico em ligar freestyle" library="ValidarFreestylePage">
<kw name="Select Frame" library="SeleniumLibrary">
<arg>${st.iframe}</arg>
<doc>Sets frame identified by ``locator`` as the current frame.</doc>
<msg timestamp="20220808 16:14:42.048" level="INFO">Selecting frame '//iframe[@id='iframe-content'][@title='smart-things']'.</msg>
<status status="PASS" starttime="20220808 16:14:42.047" endtime="20220808 16:14:49.058"/>
</kw>
<kw name="Wait Until Element Is Visible" library="SeleniumLibrary">
<arg>${st.powerbutton}</arg>
<arg>${TIMEOUT}</arg>
<doc>Waits until the element ``locator`` is visible.</doc>
<status status="PASS" starttime="20220808 16:14:49.059" endtime="20220808 16:14:49.592"/>
</kw>
<kw name="click with Javascript" library="LigarSBsalaPage">
<arg>${st.powerbutton}</arg>
<kw name="Get WebElement" library="SeleniumLibrary">
<var>${ele}</var>
<arg>${webElement}</arg>
<doc>Returns the first WebElement matching the given ``locator``.</doc>
<msg timestamp="20220808 16:14:49.818" level="INFO">${ele} = &lt;selenium.webdriver.remote.webelement.WebElement (session="2da9a9b64fe9a539462a4c858bb851e6", element="518e7bd1-0456-4796-a742-a82a3056c7ee")&gt;</msg>
<status status="PASS" starttime="20220808 16:14:49.597" endtime="20220808 16:14:49.818"/>
</kw>
<kw name="Execute Javascript" library="SeleniumLibrary">
<arg>arguments[0].click();</arg>
<arg>ARGUMENTS</arg>
<arg>${ele}</arg>
<doc>Executes the given JavaScript code with possible arguments.</doc>
<msg timestamp="20220808 16:14:49.822" level="INFO">Executing JavaScript:
arguments[0].click();
By using argument:
'&lt;selenium.webdriver.remote.webelement.WebElement (session="2da9a9b64fe9a539462a4c858bb851e6", element="518e7bd1-0456-4796-a742-a82a3056c7ee")&gt;'</msg>
<status status="PASS" starttime="20220808 16:14:49.819" endtime="20220808 16:14:50.027"/>
</kw>
<status status="PASS" starttime="20220808 16:14:49.593" endtime="20220808 16:14:50.027"/>
</kw>
<kw name="Unselect Frame" library="SeleniumLibrary">
<doc>Sets the main frame as the current frame.</doc>
<status status="PASS" starttime="20220808 16:14:50.028" endtime="20220808 16:14:50.167"/>
</kw>
<status status="PASS" starttime="20220808 16:14:42.046" endtime="20220808 16:14:50.167"/>
</kw>
<tag>test</tag>
<status status="PASS" starttime="20220808 16:14:24.931" endtime="20220808 16:14:50.168"/>
</test>
<kw name="Close Session" library="BasePage" type="TEARDOWN">
<kw name="Capture Page Screenshot" library="SeleniumLibrary">
<doc>Takes a screenshot of the current page and embeds it into a log file.</doc>
<msg timestamp="20220808 16:14:51.557" level="INFO" html="true">&lt;/td&gt;&lt;/tr&gt;&lt;tr&gt;&lt;td colspan="3"&gt;&lt;a href="selenium-screenshot-186.png"&gt;&lt;img src="selenium-screenshot-186.png" width="800px"&gt;&lt;/a&gt;</msg>
<status status="PASS" starttime="20220808 16:14:50.175" endtime="20220808 16:14:51.557"/>
</kw>
<kw name="Close Browser" library="SeleniumLibrary">
<doc>Closes the current browser.</doc>
<status status="PASS" starttime="20220808 16:14:51.558" endtime="20220808 16:14:55.037"/>
</kw>
<status status="PASS" starttime="20220808 16:14:50.174" endtime="20220808 16:14:55.037"/>
</kw>
<status status="PASS" starttime="20220808 16:12:19.273" endtime="20220808 16:14:55.038"/>
</suite>
<statistics>
<total>
<stat pass="4" fail="0" skip="0">All Tests</stat>
</total>
<tag>
<stat pass="4" fail="0" skip="0">test</stat>
</tag>
<suite>
<stat pass="4" fail="0" skip="0" id="s1" name="validarFreestyle">validarFreestyle</stat>
</suite>
</statistics>
<errors>
</errors>
</robot>
